==========================================
SLURM_JOB_ID = 129621
SLURM_NODELIST = gnode26
SLURM_JOB_GPUS = 0,1,2,3
==========================================
using faiss for clustering
using faiss for clustering
Getting pretrained weights...
Done.
Epoch (Train) 0 Learner -1: Mean Loss [0.1010]
Epoch (Test) 0: NMI [0.8707] | Recall [@1: 0.6424, @10: 0.8019, @100: 0.9082, @1000: 0.9709]
Epoch (Train) 1 Learner -1: Mean Loss [0.0810]
Epoch (Test) 1: NMI [0.8762] | Recall [@1: 0.6681, @10: 0.8220, @100: 0.9200, @1000: 0.9751]
Epoch (Train) 2 Learner -1: Mean Loss [0.0752]
Epoch (Test) 2: NMI [0.8793] | Recall [@1: 0.6783, @10: 0.8321, @100: 0.9271, @1000: 0.9780]
Epoch (Train) 3 Learner -1: Mean Loss [0.0711]
Epoch (Test) 3: NMI [0.8812] | Recall [@1: 0.6872, @10: 0.8385, @100: 0.9293, @1000: 0.9796]
Epoch (Train) 4 Learner -1: Mean Loss [0.0673]
Epoch (Test) 4: NMI [0.8829] | Recall [@1: 0.6944, @10: 0.8444, @100: 0.9321, @1000: 0.9799]
Epoch (Train) 5 Learner -1: Mean Loss [0.0648]
Epoch (Test) 5: NMI [0.8858] | Recall [@1: 0.7064, @10: 0.8517, @100: 0.9371, @1000: 0.9808]
Epoch (Train) 6 Learner -1: Mean Loss [0.0602]
Epoch (Test) 6: NMI [0.8858] | Recall [@1: 0.7035, @10: 0.8498, @100: 0.9352, @1000: 0.9806]
Epoch (Train) 7 Learner -1: Mean Loss [0.0589]
Epoch (Test) 7: NMI [0.8864] | Recall [@1: 0.7097, @10: 0.8535, @100: 0.9381, @1000: 0.9820]
Epoch (Train) 8 Learner -1: Mean Loss [0.0577]
Epoch (Test) 8: NMI [0.8874] | Recall [@1: 0.7116, @10: 0.8570, @100: 0.9397, @1000: 0.9824]
Epoch (Train) 9 Learner -1: Mean Loss [0.0564]
Epoch (Test) 9: NMI [0.8891] | Recall [@1: 0.7214, @10: 0.8627, @100: 0.9423, @1000: 0.9821]
Epoch 10 : Clustering data
[faiss started]
[faiss ended]
num_elemnets_in_cluster: [3154 3941 3805 4134 4390 4471 2143 2856 3831 2885 5109 4663 2979 3341
 5066 2752]
Epoch 10 : Done Clustering
Epoch (Train) 10 Learner 0: Mean Loss [0.0754]
Epoch (Test) 10: NMI [0.8734] | Recall [@1: 0.6462, @10: 0.7980, @100: 0.8988, @1000: 0.9631]
Epoch (Train) 10 Learner 1: Mean Loss [0.0573]
Epoch (Test) 10: NMI [0.8727] | Recall [@1: 0.6362, @10: 0.7874, @100: 0.8901, @1000: 0.9586]
Epoch (Train) 10 Learner 2: Mean Loss [0.0642]
Epoch (Test) 10: NMI [0.8662] | Recall [@1: 0.6003, @10: 0.7583, @100: 0.8753, @1000: 0.9542]
Epoch (Train) 10 Learner 3: Mean Loss [0.0702]
Epoch (Test) 10: NMI [0.8652] | Recall [@1: 0.5900, @10: 0.7488, @100: 0.8680, @1000: 0.9511]
Epoch (Train) 10 Learner 4: Mean Loss [0.0536]
Epoch (Test) 10: NMI [0.8606] | Recall [@1: 0.5619, @10: 0.7264, @100: 0.8553, @1000: 0.9459]
Epoch (Train) 10 Learner 5: Mean Loss [0.0559]
Epoch (Test) 10: NMI [0.8616] | Recall [@1: 0.5633, @10: 0.7298, @100: 0.8609, @1000: 0.9493]
Epoch (Train) 10 Learner 6: Mean Loss [0.0637]
Epoch (Test) 10: NMI [0.8609] | Recall [@1: 0.5570, @10: 0.7246, @100: 0.8585, @1000: 0.9496]
Epoch (Train) 10 Learner 7: Mean Loss [0.0733]
Epoch (Test) 10: NMI [0.8587] | Recall [@1: 0.5429, @10: 0.7122, @100: 0.8458, @1000: 0.9430]
Epoch (Train) 10 Learner 8: Mean Loss [0.0738]
Epoch (Test) 10: NMI [0.8567] | Recall [@1: 0.5312, @10: 0.7041, @100: 0.8436, @1000: 0.9404]
Epoch (Train) 10 Learner 9: Mean Loss [0.0668]
Epoch (Test) 10: NMI [0.8567] | Recall [@1: 0.5290, @10: 0.6996, @100: 0.8407, @1000: 0.9433]
Epoch (Train) 10 Learner 10: Mean Loss [0.0573]
Epoch (Test) 10: NMI [0.8600] | Recall [@1: 0.5485, @10: 0.7161, @100: 0.8497, @1000: 0.9456]
Epoch (Train) 10 Learner 11: Mean Loss [0.0518]
Epoch (Test) 10: NMI [0.8591] | Recall [@1: 0.5431, @10: 0.7145, @100: 0.8519, @1000: 0.9459]
Epoch (Train) 10 Learner 12: Mean Loss [0.0529]
Epoch (Test) 10: NMI [0.8616] | Recall [@1: 0.5577, @10: 0.7275, @100: 0.8578, @1000: 0.9493]
Epoch (Train) 10 Learner 13: Mean Loss [0.0558]
Epoch (Test) 10: NMI [0.8601] | Recall [@1: 0.5491, @10: 0.7188, @100: 0.8520, @1000: 0.9437]
Epoch (Train) 10 Learner 14: Mean Loss [0.0701]
Epoch (Test) 10: NMI [0.8593] | Recall [@1: 0.5408, @10: 0.7149, @100: 0.8520, @1000: 0.9475]
Epoch (Train) 10 Learner 15: Mean Loss [0.0840]
Epoch (Test) 10: NMI [0.8583] | Recall [@1: 0.5289, @10: 0.7057, @100: 0.8466, @1000: 0.9453]
Epoch (Train) 11 Learner 0: Mean Loss [0.0477]
Epoch (Test) 11: NMI [0.8579] | Recall [@1: 0.5323, @10: 0.7056, @100: 0.8482, @1000: 0.9466]
Epoch (Train) 11 Learner 1: Mean Loss [0.0466]
Epoch (Test) 11: NMI [0.8596] | Recall [@1: 0.5410, @10: 0.7127, @100: 0.8505, @1000: 0.9455]
Epoch (Train) 11 Learner 2: Mean Loss [0.0500]
Epoch (Test) 11: NMI [0.8576] | Recall [@1: 0.5276, @10: 0.7059, @100: 0.8492, @1000: 0.9472]
Epoch (Train) 11 Learner 3: Mean Loss [0.0515]
Epoch (Test) 11: NMI [0.8574] | Recall [@1: 0.5251, @10: 0.7032, @100: 0.8492, @1000: 0.9479]
Epoch (Train) 11 Learner 4: Mean Loss [0.0464]
Epoch (Test) 11: NMI [0.8572] | Recall [@1: 0.5233, @10: 0.7016, @100: 0.8487, @1000: 0.9483]
Epoch (Train) 11 Learner 5: Mean Loss [0.0407]
Epoch (Test) 11: NMI [0.8580] | Recall [@1: 0.5264, @10: 0.7055, @100: 0.8498, @1000: 0.9478]
Epoch (Train) 11 Learner 6: Mean Loss [0.0501]
Epoch (Test) 11: NMI [0.8572] | Recall [@1: 0.5221, @10: 0.7026, @100: 0.8475, @1000: 0.9474]
Epoch (Train) 11 Learner 7: Mean Loss [0.0547]
Epoch (Test) 11: NMI [0.8578] | Recall [@1: 0.5233, @10: 0.7053, @100: 0.8505, @1000: 0.9489]
Epoch (Train) 11 Learner 8: Mean Loss [0.0564]
Epoch (Test) 11: NMI [0.8583] | Recall [@1: 0.5280, @10: 0.7079, @100: 0.8517, @1000: 0.9498]
Epoch (Train) 11 Learner 9: Mean Loss [0.0456]
Epoch (Test) 11: NMI [0.8581] | Recall [@1: 0.5284, @10: 0.7098, @100: 0.8536, @1000: 0.9506]
Epoch (Train) 11 Learner 10: Mean Loss [0.0493]
Epoch (Test) 11: NMI [0.8587] | Recall [@1: 0.5318, @10: 0.7126, @100: 0.8567, @1000: 0.9522]
Epoch (Train) 11 Learner 11: Mean Loss [0.0417]
Epoch (Test) 11: NMI [0.8589] | Recall [@1: 0.5322, @10: 0.7133, @100: 0.8569, @1000: 0.9526]
Epoch (Train) 11 Learner 12: Mean Loss [0.0393]
Epoch (Test) 11: NMI [0.8591] | Recall [@1: 0.5316, @10: 0.7123, @100: 0.8565, @1000: 0.9524]
Epoch (Train) 11 Learner 13: Mean Loss [0.0428]
Epoch (Test) 11: NMI [0.8594] | Recall [@1: 0.5330, @10: 0.7129, @100: 0.8570, @1000: 0.9529]
Epoch (Train) 11 Learner 14: Mean Loss [0.0578]
Epoch (Test) 11: NMI [0.8590] | Recall [@1: 0.5326, @10: 0.7126, @100: 0.8568, @1000: 0.9528]
Epoch (Train) 11 Learner 15: Mean Loss [0.0689]
Epoch (Test) 11: NMI [0.8584] | Recall [@1: 0.5298, @10: 0.7108, @100: 0.8556, @1000: 0.9523]
Epoch (Train) 12 Learner 0: Mean Loss [0.0445]
Epoch (Test) 12: NMI [0.8588] | Recall [@1: 0.5313, @10: 0.7123, @100: 0.8574, @1000: 0.9535]
Epoch (Train) 12 Learner 1: Mean Loss [0.0339]
Epoch (Test) 12: NMI [0.8588] | Recall [@1: 0.5331, @10: 0.7139, @100: 0.8588, @1000: 0.9536]
Epoch (Train) 12 Learner 2: Mean Loss [0.0397]
Epoch (Test) 12: NMI [0.8594] | Recall [@1: 0.5350, @10: 0.7144, @100: 0.8585, @1000: 0.9533]
Epoch (Train) 12 Learner 3: Mean Loss [0.0405]
Epoch (Test) 12: NMI [0.8595] | Recall [@1: 0.5373, @10: 0.7174, @100: 0.8603, @1000: 0.9537]
Epoch (Train) 12 Learner 4: Mean Loss [0.0366]
Epoch (Test) 12: NMI [0.8594] | Recall [@1: 0.5355, @10: 0.7163, @100: 0.8591, @1000: 0.9536]
Epoch (Train) 12 Learner 5: Mean Loss [0.0417]
Epoch (Test) 12: NMI [0.8588] | Recall [@1: 0.5338, @10: 0.7147, @100: 0.8583, @1000: 0.9538]
Epoch (Train) 12 Learner 6: Mean Loss [0.0405]
Epoch (Test) 12: NMI [0.8589] | Recall [@1: 0.5333, @10: 0.7143, @100: 0.8578, @1000: 0.9537]
Epoch (Train) 12 Learner 7: Mean Loss [0.0468]
Epoch (Test) 12: NMI [0.8590] | Recall [@1: 0.5331, @10: 0.7149, @100: 0.8582, @1000: 0.9539]
Epoch (Train) 12 Learner 8: Mean Loss [0.0433]
Epoch (Test) 12: NMI [0.8596] | Recall [@1: 0.5371, @10: 0.7177, @100: 0.8599, @1000: 0.9542]
Epoch (Train) 12 Learner 9: Mean Loss [0.0424]
Epoch (Test) 12: NMI [0.8597] | Recall [@1: 0.5358, @10: 0.7171, @100: 0.8594, @1000: 0.9535]
Epoch (Train) 12 Learner 10: Mean Loss [0.0451]
Epoch (Test) 12: NMI [0.8595] | Recall [@1: 0.5352, @10: 0.7160, @100: 0.8593, @1000: 0.9542]
Epoch (Train) 12 Learner 11: Mean Loss [0.0400]
Epoch (Test) 12: NMI [0.8596] | Recall [@1: 0.5362, @10: 0.7183, @100: 0.8600, @1000: 0.9548]
Epoch (Train) 12 Learner 12: Mean Loss [0.0316]
Epoch (Test) 12: NMI [0.8595] | Recall [@1: 0.5367, @10: 0.7188, @100: 0.8600, @1000: 0.9554]
Epoch (Train) 12 Learner 13: Mean Loss [0.0420]
Epoch (Test) 12: NMI [0.8599] | Recall [@1: 0.5385, @10: 0.7193, @100: 0.8612, @1000: 0.9547]
Epoch (Train) 12 Learner 14: Mean Loss [0.0512]
Epoch (Test) 12: NMI [0.8607] | Recall [@1: 0.5414, @10: 0.7233, @100: 0.8623, @1000: 0.9550]
Epoch (Train) 12 Learner 15: Mean Loss [0.0636]
Epoch (Test) 12: NMI [0.8596] | Recall [@1: 0.5373, @10: 0.7181, @100: 0.8605, @1000: 0.9548]
Epoch (Train) 13 Learner 0: Mean Loss [0.0405]
Epoch (Test) 13: NMI [0.8596] | Recall [@1: 0.5382, @10: 0.7200, @100: 0.8609, @1000: 0.9554]
Epoch (Train) 13 Learner 1: Mean Loss [0.0317]
Epoch (Test) 13: NMI [0.8596] | Recall [@1: 0.5401, @10: 0.7214, @100: 0.8620, @1000: 0.9557]
Epoch (Train) 13 Learner 2: Mean Loss [0.0360]
Epoch (Test) 13: NMI [0.8608] | Recall [@1: 0.5436, @10: 0.7235, @100: 0.8635, @1000: 0.9557]
Epoch (Train) 13 Learner 3: Mean Loss [0.0426]
Epoch (Test) 13: NMI [0.8605] | Recall [@1: 0.5426, @10: 0.7230, @100: 0.8626, @1000: 0.9554]
Epoch (Train) 13 Learner 4: Mean Loss [0.0376]
Epoch (Test) 13: NMI [0.8596] | Recall [@1: 0.5383, @10: 0.7193, @100: 0.8607, @1000: 0.9549]
Epoch (Train) 13 Learner 5: Mean Loss [0.0434]
Epoch (Test) 13: NMI [0.8604] | Recall [@1: 0.5395, @10: 0.7212, @100: 0.8622, @1000: 0.9555]
Epoch (Train) 13 Learner 6: Mean Loss [0.0332]
Epoch (Test) 13: NMI [0.8597] | Recall [@1: 0.5378, @10: 0.7187, @100: 0.8614, @1000: 0.9554]
Epoch (Train) 13 Learner 7: Mean Loss [0.0444]
Epoch (Test) 13: NMI [0.8598] | Recall [@1: 0.5399, @10: 0.7211, @100: 0.8617, @1000: 0.9555]
Epoch (Train) 13 Learner 8: Mean Loss [0.0497]
Epoch (Test) 13: NMI [0.8605] | Recall [@1: 0.5405, @10: 0.7227, @100: 0.8620, @1000: 0.9556]
Epoch (Train) 13 Learner 9: Mean Loss [0.0401]
Epoch (Test) 13: NMI [0.8605] | Recall [@1: 0.5416, @10: 0.7233, @100: 0.8629, @1000: 0.9557]
Epoch (Train) 13 Learner 10: Mean Loss [0.0438]
Epoch (Test) 13: NMI [0.8605] | Recall [@1: 0.5417, @10: 0.7239, @100: 0.8626, @1000: 0.9549]
Epoch (Train) 13 Learner 11: Mean Loss [0.0382]
Epoch (Test) 13: NMI [0.8600] | Recall [@1: 0.5403, @10: 0.7217, @100: 0.8624, @1000: 0.9555]
Epoch (Train) 13 Learner 12: Mean Loss [0.0292]
Epoch (Test) 13: NMI [0.8602] | Recall [@1: 0.5393, @10: 0.7210, @100: 0.8612, @1000: 0.9554]
Epoch (Train) 13 Learner 13: Mean Loss [0.0348]
Epoch (Test) 13: NMI [0.8604] | Recall [@1: 0.5418, @10: 0.7227, @100: 0.8626, @1000: 0.9555]
Epoch (Train) 13 Learner 14: Mean Loss [0.0486]
Epoch (Test) 13: NMI [0.8598] | Recall [@1: 0.5394, @10: 0.7211, @100: 0.8618, @1000: 0.9556]
Epoch (Train) 13 Learner 15: Mean Loss [0.0496]
Epoch (Test) 13: NMI [0.8598] | Recall [@1: 0.5377, @10: 0.7191, @100: 0.8609, @1000: 0.9554]
Epoch (Train) 14 Learner 0: Mean Loss [0.0376]
Epoch (Test) 14: NMI [0.8596] | Recall [@1: 0.5369, @10: 0.7188, @100: 0.8606, @1000: 0.9552]
Epoch (Train) 14 Learner 1: Mean Loss [0.0319]
Epoch (Test) 14: NMI [0.8597] | Recall [@1: 0.5383, @10: 0.7199, @100: 0.8618, @1000: 0.9554]
Epoch (Train) 14 Learner 2: Mean Loss [0.0402]
Epoch (Test) 14: NMI [0.8599] | Recall [@1: 0.5389, @10: 0.7203, @100: 0.8618, @1000: 0.9554]
Epoch (Train) 14 Learner 3: Mean Loss [0.0416]
Epoch (Test) 14: NMI [0.8595] | Recall [@1: 0.5391, @10: 0.7212, @100: 0.8623, @1000: 0.9558]
Epoch (Train) 14 Learner 4: Mean Loss [0.0346]
Epoch (Test) 14: NMI [0.8597] | Recall [@1: 0.5361, @10: 0.7196, @100: 0.8617, @1000: 0.9559]
Epoch (Train) 14 Learner 5: Mean Loss [0.0364]
Epoch (Test) 14: NMI [0.8599] | Recall [@1: 0.5385, @10: 0.7208, @100: 0.8627, @1000: 0.9561]
Epoch (Train) 14 Learner 6: Mean Loss [0.0421]
Epoch (Test) 14: NMI [0.8598] | Recall [@1: 0.5361, @10: 0.7190, @100: 0.8621, @1000: 0.9561]
Epoch (Train) 14 Learner 7: Mean Loss [0.0406]
Epoch (Test) 14: NMI [0.8595] | Recall [@1: 0.5356, @10: 0.7185, @100: 0.8617, @1000: 0.9557]
Epoch (Train) 14 Learner 8: Mean Loss [0.0433]
Epoch (Test) 14: NMI [0.8595] | Recall [@1: 0.5346, @10: 0.7169, @100: 0.8607, @1000: 0.9555]
Epoch (Train) 14 Learner 9: Mean Loss [0.0338]
Epoch (Test) 14: NMI [0.8594] | Recall [@1: 0.5340, @10: 0.7172, @100: 0.8614, @1000: 0.9558]
Epoch (Train) 14 Learner 10: Mean Loss [0.0408]
Epoch (Test) 14: NMI [0.8600] | Recall [@1: 0.5355, @10: 0.7193, @100: 0.8634, @1000: 0.9562]
Epoch (Train) 14 Learner 11: Mean Loss [0.0347]
Epoch (Test) 14: NMI [0.8599] | Recall [@1: 0.5344, @10: 0.7190, @100: 0.8626, @1000: 0.9562]
Epoch (Train) 14 Learner 12: Mean Loss [0.0335]
Epoch (Test) 14: NMI [0.8597] | Recall [@1: 0.5350, @10: 0.7195, @100: 0.8631, @1000: 0.9566]
Epoch (Train) 14 Learner 13: Mean Loss [0.0356]
Epoch (Test) 14: NMI [0.8602] | Recall [@1: 0.5383, @10: 0.7226, @100: 0.8649, @1000: 0.9565]
Epoch (Train) 14 Learner 14: Mean Loss [0.0480]
Epoch (Test) 14: NMI [0.8598] | Recall [@1: 0.5371, @10: 0.7207, @100: 0.8639, @1000: 0.9568]
Epoch (Train) 14 Learner 15: Mean Loss [0.0547]
Epoch (Test) 14: NMI [0.8598] | Recall [@1: 0.5368, @10: 0.7206, @100: 0.8642, @1000: 0.9569]
Epoch (Train) 15 Learner 0: Mean Loss [0.0378]
Epoch (Test) 15: NMI [0.8600] | Recall [@1: 0.5359, @10: 0.7197, @100: 0.8635, @1000: 0.9567]
Epoch (Train) 15 Learner 1: Mean Loss [0.0337]
Epoch (Test) 15: NMI [0.8602] | Recall [@1: 0.5380, @10: 0.7212, @100: 0.8649, @1000: 0.9570]
Epoch (Train) 15 Learner 2: Mean Loss [0.0382]
Epoch (Test) 15: NMI [0.8600] | Recall [@1: 0.5397, @10: 0.7228, @100: 0.8649, @1000: 0.9569]
Epoch (Train) 15 Learner 3: Mean Loss [0.0393]
Epoch (Test) 15: NMI [0.8603] | Recall [@1: 0.5419, @10: 0.7244, @100: 0.8652, @1000: 0.9562]
Epoch (Train) 15 Learner 4: Mean Loss [0.0300]
Epoch (Test) 15: NMI [0.8605] | Recall [@1: 0.5399, @10: 0.7225, @100: 0.8649, @1000: 0.9572]
Epoch (Train) 15 Learner 5: Mean Loss [0.0405]
Epoch (Test) 15: NMI [0.8602] | Recall [@1: 0.5400, @10: 0.7215, @100: 0.8645, @1000: 0.9564]
Epoch (Train) 15 Learner 6: Mean Loss [0.0363]
Epoch (Test) 15: NMI [0.8599] | Recall [@1: 0.5372, @10: 0.7201, @100: 0.8635, @1000: 0.9565]
Epoch (Train) 15 Learner 7: Mean Loss [0.0448]
Epoch (Test) 15: NMI [0.8601] | Recall [@1: 0.5372, @10: 0.7211, @100: 0.8638, @1000: 0.9566]
Epoch (Train) 15 Learner 8: Mean Loss [0.0450]
Epoch (Test) 15: NMI [0.8596] | Recall [@1: 0.5352, @10: 0.7194, @100: 0.8628, @1000: 0.9565]
Epoch (Train) 15 Learner 9: Mean Loss [0.0387]
Epoch (Test) 15: NMI [0.8599] | Recall [@1: 0.5359, @10: 0.7210, @100: 0.8628, @1000: 0.9568]
Epoch (Train) 15 Learner 10: Mean Loss [0.0381]
Epoch (Test) 15: NMI [0.8599] | Recall [@1: 0.5369, @10: 0.7207, @100: 0.8642, @1000: 0.9571]
Epoch (Train) 15 Learner 11: Mean Loss [0.0318]
Epoch (Test) 15: NMI [0.8599] | Recall [@1: 0.5369, @10: 0.7216, @100: 0.8642, @1000: 0.9570]
Epoch (Train) 15 Learner 12: Mean Loss [0.0335]
Epoch (Test) 15: NMI [0.8602] | Recall [@1: 0.5370, @10: 0.7208, @100: 0.8646, @1000: 0.9573]
Epoch (Train) 15 Learner 13: Mean Loss [0.0344]
Epoch (Test) 15: NMI [0.8602] | Recall [@1: 0.5369, @10: 0.7227, @100: 0.8649, @1000: 0.9571]
Epoch (Train) 15 Learner 14: Mean Loss [0.0468]
Epoch (Test) 15: NMI [0.8601] | Recall [@1: 0.5377, @10: 0.7214, @100: 0.8660, @1000: 0.9574]
Epoch (Train) 15 Learner 15: Mean Loss [0.0532]
Epoch (Test) 15: NMI [0.8601] | Recall [@1: 0.5390, @10: 0.7223, @100: 0.8658, @1000: 0.9578]
Epoch (Train) 16 Learner 0: Mean Loss [0.0335]
Epoch (Test) 16: NMI [0.8603] | Recall [@1: 0.5393, @10: 0.7235, @100: 0.8659, @1000: 0.9575]
Epoch (Train) 16 Learner 1: Mean Loss [0.0293]
Epoch (Test) 16: NMI [0.8605] | Recall [@1: 0.5404, @10: 0.7238, @100: 0.8666, @1000: 0.9576]
Epoch (Train) 16 Learner 2: Mean Loss [0.0337]
Epoch (Test) 16: NMI [0.8612] | Recall [@1: 0.5421, @10: 0.7263, @100: 0.8672, @1000: 0.9578]
Epoch (Train) 16 Learner 3: Mean Loss [0.0335]
Epoch (Test) 16: NMI [0.8607] | Recall [@1: 0.5423, @10: 0.7244, @100: 0.8664, @1000: 0.9574]
Epoch (Train) 16 Learner 4: Mean Loss [0.0282]
Epoch (Test) 16: NMI [0.8603] | Recall [@1: 0.5385, @10: 0.7228, @100: 0.8658, @1000: 0.9576]
Epoch (Train) 16 Learner 5: Mean Loss [0.0358]
Epoch (Test) 16: NMI [0.8602] | Recall [@1: 0.5374, @10: 0.7217, @100: 0.8646, @1000: 0.9574]
Epoch (Train) 16 Learner 6: Mean Loss [0.0312]
Epoch (Test) 16: NMI [0.8604] | Recall [@1: 0.5376, @10: 0.7219, @100: 0.8643, @1000: 0.9573]
Epoch (Train) 16 Learner 7: Mean Loss [0.0444]
Epoch (Test) 16: NMI [0.8603] | Recall [@1: 0.5369, @10: 0.7222, @100: 0.8644, @1000: 0.9572]
Epoch (Train) 16 Learner 8: Mean Loss [0.0376]
Epoch (Test) 16: NMI [0.8599] | Recall [@1: 0.5357, @10: 0.7201, @100: 0.8633, @1000: 0.9567]
Epoch (Train) 16 Learner 9: Mean Loss [0.0348]
Epoch (Test) 16: NMI [0.8596] | Recall [@1: 0.5348, @10: 0.7192, @100: 0.8635, @1000: 0.9573]
Epoch (Train) 16 Learner 10: Mean Loss [0.0373]
Epoch (Test) 16: NMI [0.8599] | Recall [@1: 0.5348, @10: 0.7196, @100: 0.8640, @1000: 0.9574]
Epoch (Train) 16 Learner 11: Mean Loss [0.0328]
Epoch (Test) 16: NMI [0.8597] | Recall [@1: 0.5349, @10: 0.7202, @100: 0.8642, @1000: 0.9576]
Epoch (Train) 16 Learner 12: Mean Loss [0.0277]
Epoch (Test) 16: NMI [0.8602] | Recall [@1: 0.5363, @10: 0.7207, @100: 0.8652, @1000: 0.9579]
Epoch (Train) 16 Learner 13: Mean Loss [0.0301]
Epoch (Test) 16: NMI [0.8601] | Recall [@1: 0.5380, @10: 0.7221, @100: 0.8656, @1000: 0.9573]
Epoch (Train) 16 Learner 14: Mean Loss [0.0484]
Epoch (Test) 16: NMI [0.8603] | Recall [@1: 0.5377, @10: 0.7219, @100: 0.8658, @1000: 0.9574]
Epoch (Train) 16 Learner 15: Mean Loss [0.0484]
Epoch (Test) 16: NMI [0.8599] | Recall [@1: 0.5378, @10: 0.7231, @100: 0.8660, @1000: 0.9580]
Epoch (Train) 17 Learner 0: Mean Loss [0.0344]
Epoch (Test) 17: NMI [0.8599] | Recall [@1: 0.5374, @10: 0.7227, @100: 0.8664, @1000: 0.9581]
Epoch (Train) 17 Learner 1: Mean Loss [0.0295]
Epoch (Test) 17: NMI [0.8600] | Recall [@1: 0.5383, @10: 0.7228, @100: 0.8664, @1000: 0.9586]
Epoch (Train) 17 Learner 2: Mean Loss [0.0322]
Epoch (Test) 17: NMI [0.8600] | Recall [@1: 0.5384, @10: 0.7228, @100: 0.8660, @1000: 0.9581]
Epoch (Train) 17 Learner 3: Mean Loss [0.0345]
Epoch (Test) 17: NMI [0.8601] | Recall [@1: 0.5378, @10: 0.7234, @100: 0.8661, @1000: 0.9580]
Epoch (Train) 17 Learner 4: Mean Loss [0.0298]
Epoch (Test) 17: NMI [0.8603] | Recall [@1: 0.5365, @10: 0.7215, @100: 0.8657, @1000: 0.9584]
Epoch (Train) 17 Learner 5: Mean Loss [0.0321]
Epoch (Test) 17: NMI [0.8601] | Recall [@1: 0.5374, @10: 0.7227, @100: 0.8659, @1000: 0.9584]
Epoch (Train) 17 Learner 6: Mean Loss [0.0284]
Epoch (Test) 17: NMI [0.8598] | Recall [@1: 0.5347, @10: 0.7204, @100: 0.8641, @1000: 0.9576]
Epoch (Train) 17 Learner 7: Mean Loss [0.0383]
Epoch (Test) 17: NMI [0.8598] | Recall [@1: 0.5351, @10: 0.7207, @100: 0.8643, @1000: 0.9578]
Epoch (Train) 17 Learner 8: Mean Loss [0.0413]
Epoch (Test) 17: NMI [0.8598] | Recall [@1: 0.5351, @10: 0.7208, @100: 0.8646, @1000: 0.9573]
Epoch (Train) 17 Learner 9: Mean Loss [0.0326]
Epoch (Test) 17: NMI [0.8596] | Recall [@1: 0.5334, @10: 0.7189, @100: 0.8645, @1000: 0.9575]
Epoch (Train) 17 Learner 10: Mean Loss [0.0374]
Epoch (Test) 17: NMI [0.8600] | Recall [@1: 0.5361, @10: 0.7210, @100: 0.8659, @1000: 0.9578]
Epoch (Train) 17 Learner 11: Mean Loss [0.0305]
Epoch (Test) 17: NMI [0.8596] | Recall [@1: 0.5355, @10: 0.7204, @100: 0.8652, @1000: 0.9577]
Epoch (Train) 17 Learner 12: Mean Loss [0.0285]
Epoch (Test) 17: NMI [0.8596] | Recall [@1: 0.5339, @10: 0.7187, @100: 0.8643, @1000: 0.9578]
Epoch (Train) 17 Learner 13: Mean Loss [0.0302]
Epoch (Test) 17: NMI [0.8598] | Recall [@1: 0.5360, @10: 0.7209, @100: 0.8653, @1000: 0.9578]
Epoch (Train) 17 Learner 14: Mean Loss [0.0440]
Epoch (Test) 17: NMI [0.8601] | Recall [@1: 0.5386, @10: 0.7232, @100: 0.8670, @1000: 0.9577]
Epoch (Train) 17 Learner 15: Mean Loss [0.0438]
Epoch (Test) 17: NMI [0.8602] | Recall [@1: 0.5374, @10: 0.7224, @100: 0.8660, @1000: 0.9575]
Epoch (Train) 18 Learner 0: Mean Loss [0.0338]
Epoch (Test) 18: NMI [0.8602] | Recall [@1: 0.5367, @10: 0.7213, @100: 0.8654, @1000: 0.9577]
Epoch (Train) 18 Learner 1: Mean Loss [0.0255]
Epoch (Test) 18: NMI [0.8602] | Recall [@1: 0.5370, @10: 0.7208, @100: 0.8656, @1000: 0.9574]
Epoch (Train) 18 Learner 2: Mean Loss [0.0355]
Epoch (Test) 18: NMI [0.8603] | Recall [@1: 0.5385, @10: 0.7219, @100: 0.8665, @1000: 0.9577]
Epoch (Train) 18 Learner 3: Mean Loss [0.0363]
Epoch (Test) 18: NMI [0.8604] | Recall [@1: 0.5383, @10: 0.7228, @100: 0.8665, @1000: 0.9579]
Epoch (Train) 18 Learner 4: Mean Loss [0.0252]
Epoch (Test) 18: NMI [0.8604] | Recall [@1: 0.5371, @10: 0.7226, @100: 0.8663, @1000: 0.9581]
Epoch (Train) 18 Learner 5: Mean Loss [0.0320]
Epoch (Test) 18: NMI [0.8604] | Recall [@1: 0.5370, @10: 0.7216, @100: 0.8660, @1000: 0.9578]
Epoch (Train) 18 Learner 6: Mean Loss [0.0273]
Epoch (Test) 18: NMI [0.8603] | Recall [@1: 0.5362, @10: 0.7206, @100: 0.8654, @1000: 0.9578]
Epoch (Train) 18 Learner 7: Mean Loss [0.0357]
Epoch (Test) 18: NMI [0.8601] | Recall [@1: 0.5362, @10: 0.7213, @100: 0.8656, @1000: 0.9578]
Epoch (Train) 18 Learner 8: Mean Loss [0.0383]
Epoch (Test) 18: NMI [0.8605] | Recall [@1: 0.5372, @10: 0.7218, @100: 0.8652, @1000: 0.9578]
Epoch (Train) 18 Learner 9: Mean Loss [0.0323]
Epoch (Test) 18: NMI [0.8604] | Recall [@1: 0.5357, @10: 0.7216, @100: 0.8651, @1000: 0.9572]
Epoch (Train) 18 Learner 10: Mean Loss [0.0341]
Epoch (Test) 18: NMI [0.8602] | Recall [@1: 0.5367, @10: 0.7218, @100: 0.8663, @1000: 0.9579]
Epoch (Train) 18 Learner 11: Mean Loss [0.0319]
Epoch (Test) 18: NMI [0.8606] | Recall [@1: 0.5385, @10: 0.7233, @100: 0.8672, @1000: 0.9578]
Epoch (Train) 18 Learner 12: Mean Loss [0.0300]
Epoch (Test) 18: NMI [0.8604] | Recall [@1: 0.5369, @10: 0.7225, @100: 0.8667, @1000: 0.9585]
Epoch (Train) 18 Learner 13: Mean Loss [0.0294]
Epoch (Test) 18: NMI [0.8603] | Recall [@1: 0.5369, @10: 0.7228, @100: 0.8665, @1000: 0.9583]
Epoch (Train) 18 Learner 14: Mean Loss [0.0433]
Epoch (Test) 18: NMI [0.8604] | Recall [@1: 0.5373, @10: 0.7235, @100: 0.8670, @1000: 0.9584]
Epoch (Train) 18 Learner 15: Mean Loss [0.0493]
Epoch (Test) 18: NMI [0.8601] | Recall [@1: 0.5351, @10: 0.7230, @100: 0.8667, @1000: 0.9578]
Epoch (Train) 19 Learner 0: Mean Loss [0.0338]
Epoch (Test) 19: NMI [0.8602] | Recall [@1: 0.5368, @10: 0.7229, @100: 0.8665, @1000: 0.9585]
Epoch (Train) 19 Learner 1: Mean Loss [0.0264]
Epoch (Test) 19: NMI [0.8599] | Recall [@1: 0.5338, @10: 0.7208, @100: 0.8647, @1000: 0.9586]
Epoch (Train) 19 Learner 2: Mean Loss [0.0361]
Epoch (Test) 19: NMI [0.8598] | Recall [@1: 0.5357, @10: 0.7211, @100: 0.8649, @1000: 0.9583]
Epoch (Train) 19 Learner 3: Mean Loss [0.0371]
Epoch (Test) 19: NMI [0.8606] | Recall [@1: 0.5404, @10: 0.7236, @100: 0.8666, @1000: 0.9583]
Epoch (Train) 19 Learner 4: Mean Loss [0.0268]
Epoch (Test) 19: NMI [0.8604] | Recall [@1: 0.5384, @10: 0.7225, @100: 0.8658, @1000: 0.9583]
Epoch (Train) 19 Learner 5: Mean Loss [0.0326]
Epoch (Test) 19: NMI [0.8602] | Recall [@1: 0.5367, @10: 0.7220, @100: 0.8648, @1000: 0.9573]
Epoch (Train) 19 Learner 6: Mean Loss [0.0265]
Epoch (Test) 19: NMI [0.8603] | Recall [@1: 0.5374, @10: 0.7229, @100: 0.8660, @1000: 0.9581]
Epoch (Train) 19 Learner 7: Mean Loss [0.0344]
Epoch (Test) 19: NMI [0.8602] | Recall [@1: 0.5362, @10: 0.7219, @100: 0.8657, @1000: 0.9587]
Epoch (Train) 19 Learner 8: Mean Loss [0.0410]
Epoch (Test) 19: NMI [0.8602] | Recall [@1: 0.5365, @10: 0.7234, @100: 0.8672, @1000: 0.9587]
Epoch (Train) 19 Learner 9: Mean Loss [0.0317]
Epoch (Test) 19: NMI [0.8604] | Recall [@1: 0.5378, @10: 0.7246, @100: 0.8667, @1000: 0.9583]
Epoch (Train) 19 Learner 10: Mean Loss [0.0337]
Epoch (Test) 19: NMI [0.8605] | Recall [@1: 0.5380, @10: 0.7230, @100: 0.8670, @1000: 0.9584]
Epoch (Train) 19 Learner 11: Mean Loss [0.0336]
Epoch (Test) 19: NMI [0.8606] | Recall [@1: 0.5398, @10: 0.7248, @100: 0.8682, @1000: 0.9592]
Epoch (Train) 19 Learner 12: Mean Loss [0.0316]
Epoch (Test) 19: NMI [0.8604] | Recall [@1: 0.5385, @10: 0.7247, @100: 0.8674, @1000: 0.9595]
Epoch (Train) 19 Learner 13: Mean Loss [0.0254]
Epoch (Test) 19: NMI [0.8606] | Recall [@1: 0.5399, @10: 0.7254, @100: 0.8689, @1000: 0.9597]
Epoch (Train) 19 Learner 14: Mean Loss [0.0425]
Epoch (Test) 19: NMI [0.8610] | Recall [@1: 0.5436, @10: 0.7286, @100: 0.8701, @1000: 0.9586]
Epoch (Train) 19 Learner 15: Mean Loss [0.0483]
Epoch (Test) 19: NMI [0.8603] | Recall [@1: 0.5395, @10: 0.7250, @100: 0.8686, @1000: 0.9594]
Epoch 20 : Clustering data
[faiss started]
[faiss ended]
num_elemnets_in_cluster: [4160 3445 4495 3848 3618 4548 3391 3163 3670 4511 3570 2940 3054 3762
 3196 4149]
Epoch 20 : Done Clustering
Epoch (Train) 20 Learner 0: Mean Loss [0.0387]
Epoch (Test) 20: NMI [0.8602] | Recall [@1: 0.5360, @10: 0.7231, @100: 0.8681, @1000: 0.9599]
Epoch (Train) 20 Learner 1: Mean Loss [0.0422]
Epoch (Test) 20: NMI [0.8606] | Recall [@1: 0.5367, @10: 0.7237, @100: 0.8683, @1000: 0.9596]
Epoch (Train) 20 Learner 2: Mean Loss [0.0371]
Epoch (Test) 20: NMI [0.8602] | Recall [@1: 0.5367, @10: 0.7231, @100: 0.8677, @1000: 0.9596]
Epoch (Train) 20 Learner 3: Mean Loss [0.0383]
Epoch (Test) 20: NMI [0.8600] | Recall [@1: 0.5339, @10: 0.7210, @100: 0.8663, @1000: 0.9588]
Epoch (Train) 20 Learner 4: Mean Loss [0.0408]
Epoch (Test) 20: NMI [0.8599] | Recall [@1: 0.5330, @10: 0.7209, @100: 0.8657, @1000: 0.9587]
Epoch (Train) 20 Learner 5: Mean Loss [0.0469]
Epoch (Test) 20: NMI [0.8601] | Recall [@1: 0.5348, @10: 0.7223, @100: 0.8669, @1000: 0.9591]
Epoch (Train) 20 Learner 6: Mean Loss [0.0477]
Epoch (Test) 20: NMI [0.8599] | Recall [@1: 0.5321, @10: 0.7202, @100: 0.8665, @1000: 0.9591]
Epoch (Train) 20 Learner 7: Mean Loss [0.0305]
Epoch (Test) 20: NMI [0.8601] | Recall [@1: 0.5321, @10: 0.7200, @100: 0.8653, @1000: 0.9584]
Epoch (Train) 20 Learner 8: Mean Loss [0.0428]
Epoch (Test) 20: NMI [0.8599] | Recall [@1: 0.5325, @10: 0.7212, @100: 0.8650, @1000: 0.9584]
Epoch (Train) 20 Learner 9: Mean Loss [0.0594]
Epoch (Test) 20: NMI [0.8600] | Recall [@1: 0.5310, @10: 0.7198, @100: 0.8643, @1000: 0.9577]
Epoch (Train) 20 Learner 10: Mean Loss [0.0326]
Epoch (Test) 20: NMI [0.8598] | Recall [@1: 0.5312, @10: 0.7198, @100: 0.8651, @1000: 0.9580]
Epoch (Train) 20 Learner 11: Mean Loss [0.0362]
Epoch (Test) 20: NMI [0.8601] | Recall [@1: 0.5321, @10: 0.7197, @100: 0.8649, @1000: 0.9581]
Epoch (Train) 20 Learner 12: Mean Loss [0.0327]
Epoch (Test) 20: NMI [0.8598] | Recall [@1: 0.5315, @10: 0.7180, @100: 0.8649, @1000: 0.9582]
Epoch (Train) 20 Learner 13: Mean Loss [0.0380]
Epoch (Test) 20: NMI [0.8594] | Recall [@1: 0.5299, @10: 0.7171, @100: 0.8637, @1000: 0.9582]
Epoch (Train) 20 Learner 14: Mean Loss [0.0381]
Epoch (Test) 20: NMI [0.8597] | Recall [@1: 0.5304, @10: 0.7182, @100: 0.8642, @1000: 0.9580]
Epoch (Train) 20 Learner 15: Mean Loss [0.0375]
Epoch (Test) 20: NMI [0.8588] | Recall [@1: 0.5266, @10: 0.7146, @100: 0.8628, @1000: 0.9573]
Epoch (Train) 21 Learner 0: Mean Loss [0.0425]
Epoch (Test) 21: NMI [0.8589] | Recall [@1: 0.5255, @10: 0.7136, @100: 0.8622, @1000: 0.9579]
Epoch (Train) 21 Learner 1: Mean Loss [0.0461]
Epoch (Test) 21: NMI [0.8593] | Recall [@1: 0.5264, @10: 0.7144, @100: 0.8629, @1000: 0.9574]
Epoch (Train) 21 Learner 2: Mean Loss [0.0329]
Epoch (Test) 21: NMI [0.8593] | Recall [@1: 0.5269, @10: 0.7150, @100: 0.8633, @1000: 0.9578]
Epoch (Train) 21 Learner 3: Mean Loss [0.0383]
Epoch (Test) 21: NMI [0.8592] | Recall [@1: 0.5271, @10: 0.7150, @100: 0.8638, @1000: 0.9573]
Epoch (Train) 21 Learner 4: Mean Loss [0.0384]
Epoch (Test) 21: NMI [0.8585] | Recall [@1: 0.5229, @10: 0.7123, @100: 0.8614, @1000: 0.9570]
Epoch (Train) 21 Learner 5: Mean Loss [0.0436]
Epoch (Test) 21: NMI [0.8584] | Recall [@1: 0.5209, @10: 0.7108, @100: 0.8610, @1000: 0.9572]
Epoch (Train) 21 Learner 6: Mean Loss [0.0455]
Epoch (Test) 21: NMI [0.8586] | Recall [@1: 0.5213, @10: 0.7113, @100: 0.8616, @1000: 0.9573]
Epoch (Train) 21 Learner 7: Mean Loss [0.0341]
Epoch (Test) 21: NMI [0.8583] | Recall [@1: 0.5208, @10: 0.7111, @100: 0.8614, @1000: 0.9571]
Epoch (Train) 21 Learner 8: Mean Loss [0.0414]
Epoch (Test) 21: NMI [0.8583] | Recall [@1: 0.5214, @10: 0.7111, @100: 0.8612, @1000: 0.9571]
Epoch (Train) 21 Learner 9: Mean Loss [0.0567]
Epoch (Test) 21: NMI [0.8584] | Recall [@1: 0.5200, @10: 0.7102, @100: 0.8600, @1000: 0.9566]
Epoch (Train) 21 Learner 10: Mean Loss [0.0373]
Epoch (Test) 21: NMI [0.8582] | Recall [@1: 0.5208, @10: 0.7113, @100: 0.8617, @1000: 0.9574]
Epoch (Train) 21 Learner 11: Mean Loss [0.0343]
Epoch (Test) 21: NMI [0.8588] | Recall [@1: 0.5217, @10: 0.7114, @100: 0.8617, @1000: 0.9567]
Epoch (Train) 21 Learner 12: Mean Loss [0.0324]
Epoch (Test) 21: NMI [0.8592] | Recall [@1: 0.5239, @10: 0.7125, @100: 0.8622, @1000: 0.9573]
Epoch (Train) 21 Learner 13: Mean Loss [0.0399]
Epoch (Test) 21: NMI [0.8592] | Recall [@1: 0.5236, @10: 0.7131, @100: 0.8621, @1000: 0.9574]
Epoch (Train) 21 Learner 14: Mean Loss [0.0367]
Epoch (Test) 21: NMI [0.8590] | Recall [@1: 0.5242, @10: 0.7139, @100: 0.8627, @1000: 0.9575]
Epoch (Train) 21 Learner 15: Mean Loss [0.0362]
Epoch (Test) 21: NMI [0.8587] | Recall [@1: 0.5222, @10: 0.7123, @100: 0.8615, @1000: 0.9567]
Epoch (Train) 22 Learner 0: Mean Loss [0.0395]
Epoch (Test) 22: NMI [0.8582] | Recall [@1: 0.5177, @10: 0.7089, @100: 0.8607, @1000: 0.9572]
Epoch (Train) 22 Learner 1: Mean Loss [0.0366]
Epoch (Test) 22: NMI [0.8585] | Recall [@1: 0.5190, @10: 0.7095, @100: 0.8607, @1000: 0.9576]
Epoch (Train) 22 Learner 2: Mean Loss [0.0368]
Epoch (Test) 22: NMI [0.8585] | Recall [@1: 0.5181, @10: 0.7087, @100: 0.8601, @1000: 0.9576]
Epoch (Train) 22 Learner 3: Mean Loss [0.0408]
Epoch (Test) 22: NMI [0.8585] | Recall [@1: 0.5195, @10: 0.7101, @100: 0.8604, @1000: 0.9572]
Epoch (Train) 22 Learner 4: Mean Loss [0.0332]
Epoch (Test) 22: NMI [0.8587] | Recall [@1: 0.5211, @10: 0.7115, @100: 0.8606, @1000: 0.9569]
Epoch (Train) 22 Learner 5: Mean Loss [0.0368]
Epoch (Test) 22: NMI [0.8587] | Recall [@1: 0.5221, @10: 0.7106, @100: 0.8609, @1000: 0.9572]
Epoch (Train) 22 Learner 6: Mean Loss [0.0356]
Epoch (Test) 22: NMI [0.8586] | Recall [@1: 0.5195, @10: 0.7101, @100: 0.8605, @1000: 0.9573]
Epoch (Train) 22 Learner 7: Mean Loss [0.0242]
Epoch (Test) 22: NMI [0.8584] | Recall [@1: 0.5187, @10: 0.7093, @100: 0.8603, @1000: 0.9571]
Epoch (Train) 22 Learner 8: Mean Loss [0.0412]
Epoch (Test) 22: NMI [0.8590] | Recall [@1: 0.5219, @10: 0.7109, @100: 0.8620, @1000: 0.9574]
Epoch (Train) 22 Learner 9: Mean Loss [0.0520]
Epoch (Test) 22: NMI [0.8593] | Recall [@1: 0.5239, @10: 0.7124, @100: 0.8626, @1000: 0.9576]
Epoch (Train) 22 Learner 10: Mean Loss [0.0307]
Epoch (Test) 22: NMI [0.8590] | Recall [@1: 0.5219, @10: 0.7118, @100: 0.8624, @1000: 0.9571]
Epoch (Train) 22 Learner 11: Mean Loss [0.0339]
Epoch (Test) 22: NMI [0.8589] | Recall [@1: 0.5228, @10: 0.7111, @100: 0.8625, @1000: 0.9574]
Epoch (Train) 22 Learner 12: Mean Loss [0.0316]
Epoch (Test) 22: NMI [0.8591] | Recall [@1: 0.5254, @10: 0.7133, @100: 0.8637, @1000: 0.9579]
Epoch (Train) 22 Learner 13: Mean Loss [0.0386]
Epoch (Test) 22: NMI [0.8589] | Recall [@1: 0.5240, @10: 0.7130, @100: 0.8637, @1000: 0.9583]
Epoch (Train) 22 Learner 14: Mean Loss [0.0338]
Epoch (Test) 22: NMI [0.8589] | Recall [@1: 0.5220, @10: 0.7109, @100: 0.8626, @1000: 0.9579]
Epoch (Train) 22 Learner 15: Mean Loss [0.0408]
Epoch (Test) 22: NMI [0.8584] | Recall [@1: 0.5193, @10: 0.7094, @100: 0.8619, @1000: 0.9576]
Epoch (Train) 23 Learner 0: Mean Loss [0.0419]
Epoch (Test) 23: NMI [0.8587] | Recall [@1: 0.5196, @10: 0.7102, @100: 0.8619, @1000: 0.9573]
Epoch (Train) 23 Learner 1: Mean Loss [0.0387]
Epoch (Test) 23: NMI [0.8586] | Recall [@1: 0.5180, @10: 0.7099, @100: 0.8625, @1000: 0.9577]
Epoch (Train) 23 Learner 2: Mean Loss [0.0334]
Epoch (Test) 23: NMI [0.8585] | Recall [@1: 0.5192, @10: 0.7100, @100: 0.8622, @1000: 0.9574]
Epoch (Train) 23 Learner 3: Mean Loss [0.0387]
Epoch (Test) 23: NMI [0.8585] | Recall [@1: 0.5186, @10: 0.7088, @100: 0.8620, @1000: 0.9580]
Epoch (Train) 23 Learner 4: Mean Loss [0.0325]
Epoch (Test) 23: NMI [0.8581] | Recall [@1: 0.5164, @10: 0.7073, @100: 0.8603, @1000: 0.9576]
Epoch (Train) 23 Learner 5: Mean Loss [0.0422]
Epoch (Test) 23: NMI [0.8586] | Recall [@1: 0.5168, @10: 0.7087, @100: 0.8614, @1000: 0.9577]
Epoch (Train) 23 Learner 6: Mean Loss [0.0342]
Epoch (Test) 23: NMI [0.8586] | Recall [@1: 0.5169, @10: 0.7074, @100: 0.8622, @1000: 0.9582]
Epoch (Train) 23 Learner 7: Mean Loss [0.0275]
Epoch (Test) 23: NMI [0.8578] | Recall [@1: 0.5167, @10: 0.7066, @100: 0.8610, @1000: 0.9574]
Epoch (Train) 23 Learner 8: Mean Loss [0.0369]
Epoch (Test) 23: NMI [0.8581] | Recall [@1: 0.5146, @10: 0.7064, @100: 0.8608, @1000: 0.9576]
Epoch (Train) 23 Learner 9: Mean Loss [0.0479]
Epoch (Test) 23: NMI [0.8582] | Recall [@1: 0.5162, @10: 0.7069, @100: 0.8606, @1000: 0.9573]
Epoch (Train) 23 Learner 10: Mean Loss [0.0303]
Epoch (Test) 23: NMI [0.8587] | Recall [@1: 0.5180, @10: 0.7091, @100: 0.8614, @1000: 0.9572]
Epoch (Train) 23 Learner 11: Mean Loss [0.0337]
Epoch (Test) 23: NMI [0.8585] | Recall [@1: 0.5172, @10: 0.7080, @100: 0.8616, @1000: 0.9578]
Epoch (Train) 23 Learner 12: Mean Loss [0.0298]
Epoch (Test) 23: NMI [0.8590] | Recall [@1: 0.5205, @10: 0.7097, @100: 0.8624, @1000: 0.9574]
Epoch (Train) 23 Learner 13: Mean Loss [0.0342]
Epoch (Test) 23: NMI [0.8588] | Recall [@1: 0.5193, @10: 0.7092, @100: 0.8623, @1000: 0.9573]
Epoch (Train) 23 Learner 14: Mean Loss [0.0293]
Epoch (Test) 23: NMI [0.8588] | Recall [@1: 0.5200, @10: 0.7096, @100: 0.8626, @1000: 0.9572]
Epoch (Train) 23 Learner 15: Mean Loss [0.0367]
Epoch (Test) 23: NMI [0.8590] | Recall [@1: 0.5183, @10: 0.7086, @100: 0.8616, @1000: 0.9568]
Epoch (Train) 24 Learner 0: Mean Loss [0.0400]
Epoch (Test) 24: NMI [0.8591] | Recall [@1: 0.5193, @10: 0.7095, @100: 0.8630, @1000: 0.9574]
Epoch (Train) 24 Learner 1: Mean Loss [0.0411]
Epoch (Test) 24: NMI [0.8588] | Recall [@1: 0.5178, @10: 0.7079, @100: 0.8622, @1000: 0.9576]
Epoch (Train) 24 Learner 2: Mean Loss [0.0338]
Epoch (Test) 24: NMI [0.8586] | Recall [@1: 0.5192, @10: 0.7092, @100: 0.8626, @1000: 0.9579]
Epoch (Train) 24 Learner 3: Mean Loss [0.0375]
Epoch (Test) 24: NMI [0.8586] | Recall [@1: 0.5174, @10: 0.7093, @100: 0.8625, @1000: 0.9585]
Epoch (Train) 24 Learner 4: Mean Loss [0.0368]
Epoch (Test) 24: NMI [0.8586] | Recall [@1: 0.5166, @10: 0.7087, @100: 0.8625, @1000: 0.9583]
Epoch (Train) 24 Learner 5: Mean Loss [0.0382]
Epoch (Test) 24: NMI [0.8579] | Recall [@1: 0.5144, @10: 0.7078, @100: 0.8616, @1000: 0.9578]
Epoch (Train) 24 Learner 6: Mean Loss [0.0377]
Epoch (Test) 24: NMI [0.8580] | Recall [@1: 0.5147, @10: 0.7089, @100: 0.8616, @1000: 0.9578]
Epoch (Train) 24 Learner 7: Mean Loss [0.0259]
Epoch (Test) 24: NMI [0.8585] | Recall [@1: 0.5163, @10: 0.7093, @100: 0.8625, @1000: 0.9581]
Epoch (Train) 24 Learner 8: Mean Loss [0.0394]
Epoch (Test) 24: NMI [0.8585] | Recall [@1: 0.5151, @10: 0.7083, @100: 0.8620, @1000: 0.9578]
Epoch (Train) 24 Learner 9: Mean Loss [0.0542]
Epoch (Test) 24: NMI [0.8587] | Recall [@1: 0.5170, @10: 0.7095, @100: 0.8623, @1000: 0.9573]
Epoch (Train) 24 Learner 10: Mean Loss [0.0328]
Epoch (Test) 24: NMI [0.8587] | Recall [@1: 0.5160, @10: 0.7096, @100: 0.8624, @1000: 0.9576]
Epoch (Train) 24 Learner 11: Mean Loss [0.0327]
Epoch (Test) 24: NMI [0.8583] | Recall [@1: 0.5115, @10: 0.7054, @100: 0.8602, @1000: 0.9575]
Epoch (Train) 24 Learner 12: Mean Loss [0.0333]
Epoch (Test) 24: NMI [0.8580] | Recall [@1: 0.5114, @10: 0.7075, @100: 0.8615, @1000: 0.9574]
Epoch (Train) 24 Learner 13: Mean Loss [0.0314]
Epoch (Test) 24: NMI [0.8580] | Recall [@1: 0.5111, @10: 0.7063, @100: 0.8617, @1000: 0.9577]
Epoch (Train) 24 Learner 14: Mean Loss [0.0345]
Epoch (Test) 24: NMI [0.8583] | Recall [@1: 0.5139, @10: 0.7078, @100: 0.8626, @1000: 0.9583]
Epoch (Train) 24 Learner 15: Mean Loss [0.0350]
Epoch (Test) 24: NMI [0.8583] | Recall [@1: 0.5127, @10: 0.7066, @100: 0.8626, @1000: 0.9581]
Epoch (Train) 25 Learner 0: Mean Loss [0.0347]
Epoch (Test) 25: NMI [0.8578] | Recall [@1: 0.5112, @10: 0.7051, @100: 0.8615, @1000: 0.9574]
Epoch (Train) 25 Learner 1: Mean Loss [0.0415]
Epoch (Test) 25: NMI [0.8580] | Recall [@1: 0.5132, @10: 0.7069, @100: 0.8623, @1000: 0.9571]
Epoch (Train) 25 Learner 2: Mean Loss [0.0296]
Epoch (Test) 25: NMI [0.8578] | Recall [@1: 0.5125, @10: 0.7052, @100: 0.8620, @1000: 0.9575]
Epoch (Train) 25 Learner 3: Mean Loss [0.0377]
Epoch (Test) 25: NMI [0.8577] | Recall [@1: 0.5117, @10: 0.7048, @100: 0.8620, @1000: 0.9582]
Epoch (Train) 25 Learner 4: Mean Loss [0.0340]
Epoch (Test) 25: NMI [0.8575] | Recall [@1: 0.5090, @10: 0.7025, @100: 0.8605, @1000: 0.9578]
Epoch (Train) 25 Learner 5: Mean Loss [0.0384]
Epoch (Test) 25: NMI [0.8581] | Recall [@1: 0.5129, @10: 0.7063, @100: 0.8621, @1000: 0.9579]
Epoch (Train) 25 Learner 6: Mean Loss [0.0363]
Epoch (Test) 25: NMI [0.8581] | Recall [@1: 0.5115, @10: 0.7060, @100: 0.8618, @1000: 0.9579]
Epoch (Train) 25 Learner 7: Mean Loss [0.0248]
Epoch (Test) 25: NMI [0.8576] | Recall [@1: 0.5086, @10: 0.7016, @100: 0.8600, @1000: 0.9576]
Epoch (Train) 25 Learner 8: Mean Loss [0.0373]
Epoch (Test) 25: NMI [0.8573] | Recall [@1: 0.5078, @10: 0.7028, @100: 0.8598, @1000: 0.9576]
Epoch (Train) 25 Learner 9: Mean Loss [0.0483]
Epoch (Test) 25: NMI [0.8576] | Recall [@1: 0.5071, @10: 0.7020, @100: 0.8599, @1000: 0.9565]
Epoch (Train) 25 Learner 10: Mean Loss [0.0316]
Epoch (Test) 25: NMI [0.8576] | Recall [@1: 0.5085, @10: 0.7035, @100: 0.8609, @1000: 0.9573]
Epoch (Train) 25 Learner 11: Mean Loss [0.0292]
Epoch (Test) 25: NMI [0.8574] | Recall [@1: 0.5067, @10: 0.7026, @100: 0.8602, @1000: 0.9574]
Epoch (Train) 25 Learner 12: Mean Loss [0.0248]
Epoch (Test) 25: NMI [0.8576] | Recall [@1: 0.5082, @10: 0.7021, @100: 0.8606, @1000: 0.9573]
Epoch (Train) 25 Learner 13: Mean Loss [0.0342]
Epoch (Test) 25: NMI [0.8576] | Recall [@1: 0.5113, @10: 0.7058, @100: 0.8628, @1000: 0.9578]
Epoch (Train) 25 Learner 14: Mean Loss [0.0255]
Epoch (Test) 25: NMI [0.8577] | Recall [@1: 0.5122, @10: 0.7057, @100: 0.8626, @1000: 0.9578]
Epoch (Train) 25 Learner 15: Mean Loss [0.0341]
Epoch (Test) 25: NMI [0.8579] | Recall [@1: 0.5136, @10: 0.7068, @100: 0.8630, @1000: 0.9575]
Epoch (Train) 26 Learner 0: Mean Loss [0.0319]
Epoch (Test) 26: NMI [0.8579] | Recall [@1: 0.5125, @10: 0.7060, @100: 0.8622, @1000: 0.9575]
Epoch (Train) 26 Learner 1: Mean Loss [0.0452]
Epoch (Test) 26: NMI [0.8578] | Recall [@1: 0.5110, @10: 0.7049, @100: 0.8619, @1000: 0.9577]
Epoch (Train) 26 Learner 2: Mean Loss [0.0302]
Epoch (Test) 26: NMI [0.8575] | Recall [@1: 0.5092, @10: 0.7040, @100: 0.8615, @1000: 0.9574]
Epoch (Train) 26 Learner 3: Mean Loss [0.0351]
Epoch (Test) 26: NMI [0.8576] | Recall [@1: 0.5100, @10: 0.7031, @100: 0.8610, @1000: 0.9576]
Epoch (Train) 26 Learner 4: Mean Loss [0.0319]
Epoch (Test) 26: NMI [0.8579] | Recall [@1: 0.5104, @10: 0.7055, @100: 0.8615, @1000: 0.9575]
Epoch (Train) 26 Learner 5: Mean Loss [0.0344]
Epoch (Test) 26: NMI [0.8578] | Recall [@1: 0.5099, @10: 0.7049, @100: 0.8606, @1000: 0.9573]
Epoch (Train) 26 Learner 6: Mean Loss [0.0332]
Epoch (Test) 26: NMI [0.8579] | Recall [@1: 0.5098, @10: 0.7043, @100: 0.8605, @1000: 0.9577]
Epoch (Train) 26 Learner 7: Mean Loss [0.0253]
Epoch (Test) 26: NMI [0.8574] | Recall [@1: 0.5083, @10: 0.7030, @100: 0.8594, @1000: 0.9576]
Epoch (Train) 26 Learner 8: Mean Loss [0.0346]
Epoch (Test) 26: NMI [0.8575] | Recall [@1: 0.5084, @10: 0.7027, @100: 0.8599, @1000: 0.9574]
Epoch (Train) 26 Learner 9: Mean Loss [0.0498]
Epoch (Test) 26: NMI [0.8578] | Recall [@1: 0.5109, @10: 0.7039, @100: 0.8612, @1000: 0.9586]
Epoch (Train) 26 Learner 10: Mean Loss [0.0260]
Epoch (Test) 26: NMI [0.8577] | Recall [@1: 0.5103, @10: 0.7030, @100: 0.8607, @1000: 0.9582]
Epoch (Train) 26 Learner 11: Mean Loss [0.0332]
Epoch (Test) 26: NMI [0.8581] | Recall [@1: 0.5116, @10: 0.7073, @100: 0.8620, @1000: 0.9581]
Epoch (Train) 26 Learner 12: Mean Loss [0.0258]
Epoch (Test) 26: NMI [0.8581] | Recall [@1: 0.5120, @10: 0.7071, @100: 0.8622, @1000: 0.9580]
Epoch (Train) 26 Learner 13: Mean Loss [0.0342]
Epoch (Test) 26: NMI [0.8576] | Recall [@1: 0.5101, @10: 0.7045, @100: 0.8615, @1000: 0.9587]
Epoch (Train) 26 Learner 14: Mean Loss [0.0368]
Epoch (Test) 26: NMI [0.8575] | Recall [@1: 0.5113, @10: 0.7062, @100: 0.8611, @1000: 0.9579]
Epoch (Train) 26 Learner 15: Mean Loss [0.0349]
Epoch (Test) 26: NMI [0.8570] | Recall [@1: 0.5075, @10: 0.7026, @100: 0.8603, @1000: 0.9584]
Epoch (Train) 27 Learner 0: Mean Loss [0.0373]
Epoch (Test) 27: NMI [0.8569] | Recall [@1: 0.5078, @10: 0.7035, @100: 0.8608, @1000: 0.9580]
Epoch (Train) 27 Learner 1: Mean Loss [0.0333]
Epoch (Test) 27: NMI [0.8574] | Recall [@1: 0.5117, @10: 0.7059, @100: 0.8628, @1000: 0.9584]
Epoch (Train) 27 Learner 2: Mean Loss [0.0324]
Epoch (Test) 27: NMI [0.8577] | Recall [@1: 0.5105, @10: 0.7054, @100: 0.8610, @1000: 0.9579]
Epoch (Train) 27 Learner 3: Mean Loss [0.0327]
Epoch (Test) 27: NMI [0.8574] | Recall [@1: 0.5097, @10: 0.7051, @100: 0.8620, @1000: 0.9582]
Epoch (Train) 27 Learner 4: Mean Loss [0.0304]
Epoch (Test) 27: NMI [0.8572] | Recall [@1: 0.5095, @10: 0.7034, @100: 0.8603, @1000: 0.9582]
Epoch (Train) 27 Learner 5: Mean Loss [0.0390]
Epoch (Test) 27: NMI [0.8574] | Recall [@1: 0.5115, @10: 0.7044, @100: 0.8611, @1000: 0.9584]
Epoch (Train) 27 Learner 6: Mean Loss [0.0340]
Epoch (Test) 27: NMI [0.8571] | Recall [@1: 0.5081, @10: 0.7012, @100: 0.8592, @1000: 0.9580]
Epoch (Train) 27 Learner 7: Mean Loss [0.0239]
Epoch (Test) 27: NMI [0.8568] | Recall [@1: 0.5078, @10: 0.7014, @100: 0.8593, @1000: 0.9581]
Epoch (Train) 27 Learner 8: Mean Loss [0.0297]
Epoch (Test) 27: NMI [0.8571] | Recall [@1: 0.5079, @10: 0.7012, @100: 0.8592, @1000: 0.9581]
Epoch (Train) 27 Learner 9: Mean Loss [0.0477]
Epoch (Test) 27: NMI [0.8572] | Recall [@1: 0.5085, @10: 0.7027, @100: 0.8600, @1000: 0.9572]
Epoch (Train) 27 Learner 10: Mean Loss [0.0334]
Epoch (Test) 27: NMI [0.8568] | Recall [@1: 0.5067, @10: 0.7008, @100: 0.8592, @1000: 0.9573]
Epoch (Train) 27 Learner 11: Mean Loss [0.0265]
Epoch (Test) 27: NMI [0.8567] | Recall [@1: 0.5074, @10: 0.7006, @100: 0.8594, @1000: 0.9575]
Epoch (Train) 27 Learner 12: Mean Loss [0.0278]
Epoch (Test) 27: NMI [0.8571] | Recall [@1: 0.5086, @10: 0.7015, @100: 0.8604, @1000: 0.9578]
Epoch (Train) 27 Learner 13: Mean Loss [0.0294]
Epoch (Test) 27: NMI [0.8573] | Recall [@1: 0.5095, @10: 0.7026, @100: 0.8603, @1000: 0.9577]
Epoch (Train) 27 Learner 14: Mean Loss [0.0228]
Epoch (Test) 27: NMI [0.8575] | Recall [@1: 0.5104, @10: 0.7027, @100: 0.8603, @1000: 0.9578]
Epoch (Train) 27 Learner 15: Mean Loss [0.0308]
Epoch (Test) 27: NMI [0.8572] | Recall [@1: 0.5084, @10: 0.7015, @100: 0.8596, @1000: 0.9583]
Epoch (Train) 28 Learner 0: Mean Loss [0.0332]
Epoch (Test) 28: NMI [0.8569] | Recall [@1: 0.5095, @10: 0.7029, @100: 0.8607, @1000: 0.9584]
Epoch (Train) 28 Learner 1: Mean Loss [0.0389]
Epoch (Test) 28: NMI [0.8575] | Recall [@1: 0.5111, @10: 0.7048, @100: 0.8616, @1000: 0.9582]
Epoch (Train) 28 Learner 2: Mean Loss [0.0298]
Epoch (Test) 28: NMI [0.8574] | Recall [@1: 0.5119, @10: 0.7053, @100: 0.8611, @1000: 0.9580]
Epoch (Train) 28 Learner 3: Mean Loss [0.0324]
Epoch (Test) 28: NMI [0.8570] | Recall [@1: 0.5101, @10: 0.7029, @100: 0.8605, @1000: 0.9583]
Epoch (Train) 28 Learner 4: Mean Loss [0.0335]
Epoch (Test) 28: NMI [0.8573] | Recall [@1: 0.5102, @10: 0.7040, @100: 0.8609, @1000: 0.9586]
Epoch (Train) 28 Learner 5: Mean Loss [0.0337]
Epoch (Test) 28: NMI [0.8572] | Recall [@1: 0.5108, @10: 0.7044, @100: 0.8614, @1000: 0.9584]
Epoch (Train) 28 Learner 6: Mean Loss [0.0358]
Epoch (Test) 28: NMI [0.8571] | Recall [@1: 0.5075, @10: 0.7012, @100: 0.8597, @1000: 0.9580]
Epoch (Train) 28 Learner 7: Mean Loss [0.0221]
Epoch (Test) 28: NMI [0.8571] | Recall [@1: 0.5075, @10: 0.7030, @100: 0.8599, @1000: 0.9577]
Epoch (Train) 28 Learner 8: Mean Loss [0.0332]
Epoch (Test) 28: NMI [0.8567] | Recall [@1: 0.5065, @10: 0.7012, @100: 0.8603, @1000: 0.9580]
Epoch (Train) 28 Learner 9: Mean Loss [0.0422]
Epoch (Test) 28: NMI [0.8569] | Recall [@1: 0.5043, @10: 0.6993, @100: 0.8582, @1000: 0.9570]
Epoch (Train) 28 Learner 10: Mean Loss [0.0318]
Epoch (Test) 28: NMI [0.8569] | Recall [@1: 0.5067, @10: 0.7009, @100: 0.8589, @1000: 0.9562]
Epoch (Train) 28 Learner 11: Mean Loss [0.0321]
Epoch (Test) 28: NMI [0.8572] | Recall [@1: 0.5061, @10: 0.7021, @100: 0.8595, @1000: 0.9570]
Epoch (Train) 28 Learner 12: Mean Loss [0.0242]
Epoch (Test) 28: NMI [0.8572] | Recall [@1: 0.5066, @10: 0.7021, @100: 0.8600, @1000: 0.9575]
Epoch (Train) 28 Learner 13: Mean Loss [0.0342]
Epoch (Test) 28: NMI [0.8570] | Recall [@1: 0.5084, @10: 0.7045, @100: 0.8606, @1000: 0.9579]
Epoch (Train) 28 Learner 14: Mean Loss [0.0327]
Epoch (Test) 28: NMI [0.8567] | Recall [@1: 0.5058, @10: 0.7017, @100: 0.8598, @1000: 0.9579]
Epoch (Train) 28 Learner 15: Mean Loss [0.0338]
Epoch (Test) 28: NMI [0.8571] | Recall [@1: 0.5071, @10: 0.7035, @100: 0.8606, @1000: 0.9579]
Epoch (Train) 29 Learner 0: Mean Loss [0.0347]
Epoch (Test) 29: NMI [0.8562] | Recall [@1: 0.5028, @10: 0.6997, @100: 0.8593, @1000: 0.9578]
Epoch (Train) 29 Learner 1: Mean Loss [0.0380]
Epoch (Test) 29: NMI [0.8562] | Recall [@1: 0.5041, @10: 0.7003, @100: 0.8594, @1000: 0.9573]
Epoch (Train) 29 Learner 2: Mean Loss [0.0316]
Epoch (Test) 29: NMI [0.8566] | Recall [@1: 0.5054, @10: 0.7021, @100: 0.8602, @1000: 0.9576]
Epoch (Train) 29 Learner 3: Mean Loss [0.0307]
Epoch (Test) 29: NMI [0.8570] | Recall [@1: 0.5064, @10: 0.7041, @100: 0.8602, @1000: 0.9570]
Epoch (Train) 29 Learner 4: Mean Loss [0.0304]
Epoch (Test) 29: NMI [0.8570] | Recall [@1: 0.5071, @10: 0.7034, @100: 0.8599, @1000: 0.9574]
Epoch (Train) 29 Learner 5: Mean Loss [0.0352]
Epoch (Test) 29: NMI [0.8575] | Recall [@1: 0.5089, @10: 0.7064, @100: 0.8608, @1000: 0.9574]
Epoch (Train) 29 Learner 6: Mean Loss [0.0322]
Epoch (Test) 29: NMI [0.8578] | Recall [@1: 0.5101, @10: 0.7073, @100: 0.8611, @1000: 0.9575]
Epoch (Train) 29 Learner 7: Mean Loss [0.0249]
Epoch (Test) 29: NMI [0.8579] | Recall [@1: 0.5109, @10: 0.7074, @100: 0.8621, @1000: 0.9577]
Epoch (Train) 29 Learner 8: Mean Loss [0.0317]
Epoch (Test) 29: NMI [0.8578] | Recall [@1: 0.5087, @10: 0.7076, @100: 0.8616, @1000: 0.9582]
Epoch (Train) 29 Learner 9: Mean Loss [0.0390]
Epoch (Test) 29: NMI [0.8570] | Recall [@1: 0.5054, @10: 0.7033, @100: 0.8611, @1000: 0.9579]
Epoch (Train) 29 Learner 10: Mean Loss [0.0332]
Epoch (Test) 29: NMI [0.8569] | Recall [@1: 0.5054, @10: 0.7028, @100: 0.8611, @1000: 0.9579]
Epoch (Train) 29 Learner 11: Mean Loss [0.0273]
Epoch (Test) 29: NMI [0.8573] | Recall [@1: 0.5060, @10: 0.7042, @100: 0.8617, @1000: 0.9580]
Epoch (Train) 29 Learner 12: Mean Loss [0.0270]
Epoch (Test) 29: NMI [0.8569] | Recall [@1: 0.5057, @10: 0.7027, @100: 0.8598, @1000: 0.9571]
Epoch (Train) 29 Learner 13: Mean Loss [0.0289]
Epoch (Test) 29: NMI [0.8570] | Recall [@1: 0.5077, @10: 0.7027, @100: 0.8602, @1000: 0.9573]
Epoch (Train) 29 Learner 14: Mean Loss [0.0269]
Epoch (Test) 29: NMI [0.8576] | Recall [@1: 0.5099, @10: 0.7040, @100: 0.8610, @1000: 0.9580]
Epoch (Train) 29 Learner 15: Mean Loss [0.0320]
Epoch (Test) 29: NMI [0.8572] | Recall [@1: 0.5084, @10: 0.7038, @100: 0.8614, @1000: 0.9580]
Epoch 30 : Clustering data
[faiss started]
[faiss ended]
num_elemnets_in_cluster: [3921 3974 4504 3891 4346 2942 3623 2152 3617 4170 3653 2551 3634 4280
 4701 3561]
Epoch 30 : Done Clustering
Epoch (Train) 30 Learner 0: Mean Loss [0.0399]
Epoch (Test) 30: NMI [0.8572] | Recall [@1: 0.5089, @10: 0.7046, @100: 0.8613, @1000: 0.9582]
Epoch (Train) 30 Learner 1: Mean Loss [0.0368]
Epoch (Test) 30: NMI [0.8577] | Recall [@1: 0.5091, @10: 0.7039, @100: 0.8614, @1000: 0.9582]
Epoch (Train) 30 Learner 2: Mean Loss [0.0336]
Epoch (Test) 30: NMI [0.8577] | Recall [@1: 0.5089, @10: 0.7052, @100: 0.8612, @1000: 0.9578]
Epoch (Train) 30 Learner 3: Mean Loss [0.0384]
Epoch (Test) 30: NMI [0.8577] | Recall [@1: 0.5096, @10: 0.7039, @100: 0.8612, @1000: 0.9575]
Epoch (Train) 30 Learner 4: Mean Loss [0.0494]
Epoch (Test) 30: NMI [0.8573] | Recall [@1: 0.5032, @10: 0.7009, @100: 0.8590, @1000: 0.9572]
Epoch (Train) 30 Learner 5: Mean Loss [0.0306]
Epoch (Test) 30: NMI [0.8575] | Recall [@1: 0.5043, @10: 0.7021, @100: 0.8599, @1000: 0.9578]
Epoch (Train) 30 Learner 6: Mean Loss [0.0374]
Epoch (Test) 30: NMI [0.8578] | Recall [@1: 0.5050, @10: 0.7016, @100: 0.8588, @1000: 0.9571]
Epoch (Train) 30 Learner 7: Mean Loss [0.0369]
Epoch (Test) 30: NMI [0.8572] | Recall [@1: 0.5038, @10: 0.7003, @100: 0.8580, @1000: 0.9566]
Epoch (Train) 30 Learner 8: Mean Loss [0.0344]
Epoch (Test) 30: NMI [0.8570] | Recall [@1: 0.5032, @10: 0.7007, @100: 0.8588, @1000: 0.9573]
Epoch (Train) 30 Learner 9: Mean Loss [0.0390]
Epoch (Test) 30: NMI [0.8573] | Recall [@1: 0.5055, @10: 0.7015, @100: 0.8590, @1000: 0.9573]
Epoch (Train) 30 Learner 10: Mean Loss [0.0328]
Epoch (Test) 30: NMI [0.8574] | Recall [@1: 0.5057, @10: 0.7022, @100: 0.8596, @1000: 0.9576]
Epoch (Train) 30 Learner 11: Mean Loss [0.0430]
Epoch (Test) 30: NMI [0.8565] | Recall [@1: 0.5025, @10: 0.6987, @100: 0.8582, @1000: 0.9576]
Epoch (Train) 30 Learner 12: Mean Loss [0.0387]
Epoch (Test) 30: NMI [0.8562] | Recall [@1: 0.4996, @10: 0.6965, @100: 0.8576, @1000: 0.9571]
Epoch (Train) 30 Learner 13: Mean Loss [0.0356]
Epoch (Test) 30: NMI [0.8560] | Recall [@1: 0.4988, @10: 0.6961, @100: 0.8568, @1000: 0.9567]
Epoch (Train) 30 Learner 14: Mean Loss [0.0440]
Epoch (Test) 30: NMI [0.8564] | Recall [@1: 0.4987, @10: 0.6966, @100: 0.8566, @1000: 0.9568]
Epoch (Train) 30 Learner 15: Mean Loss [0.0404]
Epoch (Test) 30: NMI [0.8564] | Recall [@1: 0.4987, @10: 0.6972, @100: 0.8570, @1000: 0.9569]
Epoch (Train) 31 Learner 0: Mean Loss [0.0377]
Epoch (Test) 31: NMI [0.8561] | Recall [@1: 0.4974, @10: 0.6953, @100: 0.8560, @1000: 0.9562]
Epoch (Train) 31 Learner 1: Mean Loss [0.0397]
Epoch (Test) 31: NMI [0.8565] | Recall [@1: 0.4989, @10: 0.6969, @100: 0.8560, @1000: 0.9565]
Epoch (Train) 31 Learner 2: Mean Loss [0.0322]
Epoch (Test) 31: NMI [0.8565] | Recall [@1: 0.4998, @10: 0.6974, @100: 0.8572, @1000: 0.9566]
Epoch (Train) 31 Learner 3: Mean Loss [0.0399]
Epoch (Test) 31: NMI [0.8572] | Recall [@1: 0.5024, @10: 0.7000, @100: 0.8579, @1000: 0.9562]
Epoch (Train) 31 Learner 4: Mean Loss [0.0433]
Epoch (Test) 31: NMI [0.8569] | Recall [@1: 0.5022, @10: 0.6997, @100: 0.8585, @1000: 0.9570]
Epoch (Train) 31 Learner 5: Mean Loss [0.0341]
Epoch (Test) 31: NMI [0.8568] | Recall [@1: 0.5022, @10: 0.7000, @100: 0.8587, @1000: 0.9575]
Epoch (Train) 31 Learner 6: Mean Loss [0.0403]
Epoch (Test) 31: NMI [0.8560] | Recall [@1: 0.4962, @10: 0.6954, @100: 0.8557, @1000: 0.9569]
Epoch (Train) 31 Learner 7: Mean Loss [0.0324]
Epoch (Test) 31: NMI [0.8560] | Recall [@1: 0.4951, @10: 0.6951, @100: 0.8549, @1000: 0.9564]
Epoch (Train) 31 Learner 8: Mean Loss [0.0300]
Epoch (Test) 31: NMI [0.8559] | Recall [@1: 0.4945, @10: 0.6935, @100: 0.8548, @1000: 0.9569]
Epoch (Train) 31 Learner 9: Mean Loss [0.0313]
Epoch (Test) 31: NMI [0.8566] | Recall [@1: 0.4978, @10: 0.6964, @100: 0.8559, @1000: 0.9560]
Epoch (Train) 31 Learner 10: Mean Loss [0.0264]
Epoch (Test) 31: NMI [0.8565] | Recall [@1: 0.4969, @10: 0.6947, @100: 0.8562, @1000: 0.9564]
Epoch (Train) 31 Learner 11: Mean Loss [0.0447]
Epoch (Test) 31: NMI [0.8563] | Recall [@1: 0.4964, @10: 0.6942, @100: 0.8568, @1000: 0.9570]
Epoch (Train) 31 Learner 12: Mean Loss [0.0363]
Epoch (Test) 31: NMI [0.8560] | Recall [@1: 0.4959, @10: 0.6935, @100: 0.8569, @1000: 0.9567]
Epoch (Train) 31 Learner 13: Mean Loss [0.0331]
Epoch (Test) 31: NMI [0.8560] | Recall [@1: 0.4943, @10: 0.6931, @100: 0.8552, @1000: 0.9559]
Epoch (Train) 31 Learner 14: Mean Loss [0.0410]
Epoch (Test) 31: NMI [0.8556] | Recall [@1: 0.4925, @10: 0.6921, @100: 0.8556, @1000: 0.9562]
Epoch (Train) 31 Learner 15: Mean Loss [0.0488]
Epoch (Test) 31: NMI [0.8559] | Recall [@1: 0.4920, @10: 0.6924, @100: 0.8567, @1000: 0.9563]
Epoch (Train) 32 Learner 0: Mean Loss [0.0370]
Epoch (Test) 32: NMI [0.8558] | Recall [@1: 0.4917, @10: 0.6924, @100: 0.8565, @1000: 0.9564]
Epoch (Train) 32 Learner 1: Mean Loss [0.0385]
Epoch (Test) 32: NMI [0.8555] | Recall [@1: 0.4913, @10: 0.6918, @100: 0.8562, @1000: 0.9567]
Epoch (Train) 32 Learner 2: Mean Loss [0.0322]
Epoch (Test) 32: NMI [0.8552] | Recall [@1: 0.4903, @10: 0.6902, @100: 0.8549, @1000: 0.9568]
Epoch (Train) 32 Learner 3: Mean Loss [0.0410]
Epoch (Test) 32: NMI [0.8560] | Recall [@1: 0.4930, @10: 0.6924, @100: 0.8566, @1000: 0.9568]
Epoch (Train) 32 Learner 4: Mean Loss [0.0417]
Epoch (Test) 32: NMI [0.8559] | Recall [@1: 0.4934, @10: 0.6921, @100: 0.8566, @1000: 0.9567]
Epoch (Train) 32 Learner 5: Mean Loss [0.0289]
Epoch (Test) 32: NMI [0.8561] | Recall [@1: 0.4952, @10: 0.6939, @100: 0.8571, @1000: 0.9573]
Epoch (Train) 32 Learner 6: Mean Loss [0.0359]
Epoch (Test) 32: NMI [0.8553] | Recall [@1: 0.4918, @10: 0.6916, @100: 0.8567, @1000: 0.9575]
Epoch (Train) 32 Learner 7: Mean Loss [0.0316]
Epoch (Test) 32: NMI [0.8553] | Recall [@1: 0.4904, @10: 0.6903, @100: 0.8558, @1000: 0.9574]
Epoch (Train) 32 Learner 8: Mean Loss [0.0356]
Epoch (Test) 32: NMI [0.8555] | Recall [@1: 0.4895, @10: 0.6897, @100: 0.8550, @1000: 0.9571]
Epoch (Train) 32 Learner 9: Mean Loss [0.0332]
Epoch (Test) 32: NMI [0.8556] | Recall [@1: 0.4911, @10: 0.6915, @100: 0.8559, @1000: 0.9566]
Epoch (Train) 32 Learner 10: Mean Loss [0.0266]
Epoch (Test) 32: NMI [0.8559] | Recall [@1: 0.4924, @10: 0.6925, @100: 0.8560, @1000: 0.9568]
Epoch (Train) 32 Learner 11: Mean Loss [0.0409]
Epoch (Test) 32: NMI [0.8556] | Recall [@1: 0.4911, @10: 0.6914, @100: 0.8558, @1000: 0.9571]
Epoch (Train) 32 Learner 12: Mean Loss [0.0314]
Epoch (Test) 32: NMI [0.8560] | Recall [@1: 0.4928, @10: 0.6929, @100: 0.8558, @1000: 0.9573]
Epoch (Train) 32 Learner 13: Mean Loss [0.0376]
Epoch (Test) 32: NMI [0.8557] | Recall [@1: 0.4916, @10: 0.6924, @100: 0.8550, @1000: 0.9569]
Epoch (Train) 32 Learner 14: Mean Loss [0.0378]
Epoch (Test) 32: NMI [0.8557] | Recall [@1: 0.4902, @10: 0.6919, @100: 0.8551, @1000: 0.9566]
Epoch (Train) 32 Learner 15: Mean Loss [0.0450]
Epoch (Test) 32: NMI [0.8555] | Recall [@1: 0.4907, @10: 0.6917, @100: 0.8557, @1000: 0.9571]
Epoch (Train) 33 Learner 0: Mean Loss [0.0400]
Epoch (Test) 33: NMI [0.8552] | Recall [@1: 0.4890, @10: 0.6900, @100: 0.8553, @1000: 0.9572]
Epoch (Train) 33 Learner 1: Mean Loss [0.0333]
Epoch (Test) 33: NMI [0.8552] | Recall [@1: 0.4894, @10: 0.6894, @100: 0.8555, @1000: 0.9571]
Epoch (Train) 33 Learner 2: Mean Loss [0.0298]
Epoch (Test) 33: NMI [0.8554] | Recall [@1: 0.4900, @10: 0.6906, @100: 0.8557, @1000: 0.9571]
Epoch (Train) 33 Learner 3: Mean Loss [0.0376]
Epoch (Test) 33: NMI [0.8553] | Recall [@1: 0.4888, @10: 0.6899, @100: 0.8553, @1000: 0.9568]
Epoch (Train) 33 Learner 4: Mean Loss [0.0410]
Epoch (Test) 33: NMI [0.8551] | Recall [@1: 0.4859, @10: 0.6874, @100: 0.8534, @1000: 0.9566]
Epoch (Train) 33 Learner 5: Mean Loss [0.0256]
Epoch (Test) 33: NMI [0.8551] | Recall [@1: 0.4868, @10: 0.6869, @100: 0.8540, @1000: 0.9567]
Epoch (Train) 33 Learner 6: Mean Loss [0.0363]
Epoch (Test) 33: NMI [0.8546] | Recall [@1: 0.4848, @10: 0.6857, @100: 0.8535, @1000: 0.9564]
Epoch (Train) 33 Learner 7: Mean Loss [0.0293]
Epoch (Test) 33: NMI [0.8549] | Recall [@1: 0.4839, @10: 0.6856, @100: 0.8534, @1000: 0.9566]
Epoch (Train) 33 Learner 8: Mean Loss [0.0299]
Epoch (Test) 33: NMI [0.8552] | Recall [@1: 0.4872, @10: 0.6882, @100: 0.8547, @1000: 0.9569]
Epoch (Train) 33 Learner 9: Mean Loss [0.0398]
Epoch (Test) 33: NMI [0.8553] | Recall [@1: 0.4863, @10: 0.6877, @100: 0.8541, @1000: 0.9564]
Epoch (Train) 33 Learner 10: Mean Loss [0.0264]
Epoch (Test) 33: NMI [0.8551] | Recall [@1: 0.4873, @10: 0.6897, @100: 0.8549, @1000: 0.9571]
Epoch (Train) 33 Learner 11: Mean Loss [0.0450]
Epoch (Test) 33: NMI [0.8551] | Recall [@1: 0.4886, @10: 0.6902, @100: 0.8553, @1000: 0.9574]
Epoch (Train) 33 Learner 12: Mean Loss [0.0321]
Epoch (Test) 33: NMI [0.8559] | Recall [@1: 0.4913, @10: 0.6920, @100: 0.8556, @1000: 0.9571]
Epoch (Train) 33 Learner 13: Mean Loss [0.0356]
Epoch (Test) 33: NMI [0.8554] | Recall [@1: 0.4882, @10: 0.6896, @100: 0.8551, @1000: 0.9573]
Epoch (Train) 33 Learner 14: Mean Loss [0.0387]
Epoch (Test) 33: NMI [0.8554] | Recall [@1: 0.4886, @10: 0.6889, @100: 0.8555, @1000: 0.9567]
Epoch (Train) 33 Learner 15: Mean Loss [0.0416]
Epoch (Test) 33: NMI [0.8553] | Recall [@1: 0.4887, @10: 0.6899, @100: 0.8565, @1000: 0.9576]
Epoch (Train) 34 Learner 0: Mean Loss [0.0386]
Epoch (Test) 34: NMI [0.8549] | Recall [@1: 0.4856, @10: 0.6877, @100: 0.8546, @1000: 0.9571]
Epoch (Train) 34 Learner 1: Mean Loss [0.0303]
Epoch (Test) 34: NMI [0.8547] | Recall [@1: 0.4846, @10: 0.6873, @100: 0.8537, @1000: 0.9568]
Epoch (Train) 34 Learner 2: Mean Loss [0.0254]
Epoch (Test) 34: NMI [0.8549] | Recall [@1: 0.4841, @10: 0.6873, @100: 0.8532, @1000: 0.9570]
Epoch (Train) 34 Learner 3: Mean Loss [0.0399]
Epoch (Test) 34: NMI [0.8547] | Recall [@1: 0.4834, @10: 0.6857, @100: 0.8534, @1000: 0.9567]
Epoch (Train) 34 Learner 4: Mean Loss [0.0390]
Epoch (Test) 34: NMI [0.8547] | Recall [@1: 0.4832, @10: 0.6850, @100: 0.8535, @1000: 0.9562]
Epoch (Train) 34 Learner 5: Mean Loss [0.0282]
Epoch (Test) 34: NMI [0.8544] | Recall [@1: 0.4822, @10: 0.6844, @100: 0.8536, @1000: 0.9562]
Epoch (Train) 34 Learner 6: Mean Loss [0.0393]
Epoch (Test) 34: NMI [0.8548] | Recall [@1: 0.4806, @10: 0.6839, @100: 0.8524, @1000: 0.9562]
Epoch (Train) 34 Learner 7: Mean Loss [0.0406]
Epoch (Test) 34: NMI [0.8548] | Recall [@1: 0.4812, @10: 0.6841, @100: 0.8527, @1000: 0.9562]
Epoch (Train) 34 Learner 8: Mean Loss [0.0296]
Epoch (Test) 34: NMI [0.8548] | Recall [@1: 0.4848, @10: 0.6867, @100: 0.8538, @1000: 0.9563]
Epoch (Train) 34 Learner 9: Mean Loss [0.0334]
Epoch (Test) 34: NMI [0.8555] | Recall [@1: 0.4858, @10: 0.6871, @100: 0.8545, @1000: 0.9568]
Epoch (Train) 34 Learner 10: Mean Loss [0.0250]
Epoch (Test) 34: NMI [0.8549] | Recall [@1: 0.4829, @10: 0.6868, @100: 0.8529, @1000: 0.9564]
Epoch (Train) 34 Learner 11: Mean Loss [0.0391]
Epoch (Test) 34: NMI [0.8549] | Recall [@1: 0.4833, @10: 0.6861, @100: 0.8532, @1000: 0.9570]
Epoch (Train) 34 Learner 12: Mean Loss [0.0283]
Epoch (Test) 34: NMI [0.8552] | Recall [@1: 0.4861, @10: 0.6883, @100: 0.8540, @1000: 0.9569]
Epoch (Train) 34 Learner 13: Mean Loss [0.0318]
Epoch (Test) 34: NMI [0.8553] | Recall [@1: 0.4857, @10: 0.6873, @100: 0.8542, @1000: 0.9565]
Epoch (Train) 34 Learner 14: Mean Loss [0.0450]
Epoch (Test) 34: NMI [0.8553] | Recall [@1: 0.4841, @10: 0.6866, @100: 0.8547, @1000: 0.9568]
Epoch (Train) 34 Learner 15: Mean Loss [0.0398]
Epoch (Test) 34: NMI [0.8548] | Recall [@1: 0.4817, @10: 0.6834, @100: 0.8526, @1000: 0.9568]
Epoch (Train) 35 Learner 0: Mean Loss [0.0335]
Epoch (Test) 35: NMI [0.8545] | Recall [@1: 0.4808, @10: 0.6823, @100: 0.8518, @1000: 0.9566]
Epoch (Train) 35 Learner 1: Mean Loss [0.0324]
Epoch (Test) 35: NMI [0.8546] | Recall [@1: 0.4818, @10: 0.6830, @100: 0.8523, @1000: 0.9565]
Epoch (Train) 35 Learner 2: Mean Loss [0.0263]
Epoch (Test) 35: NMI [0.8549] | Recall [@1: 0.4835, @10: 0.6847, @100: 0.8530, @1000: 0.9572]
Epoch (Train) 35 Learner 3: Mean Loss [0.0370]
Epoch (Test) 35: NMI [0.8554] | Recall [@1: 0.4862, @10: 0.6868, @100: 0.8542, @1000: 0.9574]
Epoch (Train) 35 Learner 4: Mean Loss [0.0405]
Epoch (Test) 35: NMI [0.8550] | Recall [@1: 0.4850, @10: 0.6861, @100: 0.8534, @1000: 0.9574]
Epoch (Train) 35 Learner 5: Mean Loss [0.0279]
Epoch (Test) 35: NMI [0.8549] | Recall [@1: 0.4839, @10: 0.6850, @100: 0.8530, @1000: 0.9571]
Epoch (Train) 35 Learner 6: Mean Loss [0.0372]
Epoch (Test) 35: NMI [0.8550] | Recall [@1: 0.4828, @10: 0.6845, @100: 0.8522, @1000: 0.9569]
Epoch (Train) 35 Learner 7: Mean Loss [0.0368]
Epoch (Test) 35: NMI [0.8547] | Recall [@1: 0.4830, @10: 0.6844, @100: 0.8529, @1000: 0.9571]
Epoch (Train) 35 Learner 8: Mean Loss [0.0296]
Epoch (Test) 35: NMI [0.8550] | Recall [@1: 0.4827, @10: 0.6842, @100: 0.8525, @1000: 0.9574]
Epoch (Train) 35 Learner 9: Mean Loss [0.0321]
Epoch (Test) 35: NMI [0.8555] | Recall [@1: 0.4844, @10: 0.6856, @100: 0.8540, @1000: 0.9573]
Epoch (Train) 35 Learner 10: Mean Loss [0.0278]
Epoch (Test) 35: NMI [0.8551] | Recall [@1: 0.4827, @10: 0.6851, @100: 0.8535, @1000: 0.9581]
Epoch (Train) 35 Learner 11: Mean Loss [0.0363]
Epoch (Test) 35: NMI [0.8553] | Recall [@1: 0.4840, @10: 0.6851, @100: 0.8532, @1000: 0.9575]
Epoch (Train) 35 Learner 12: Mean Loss [0.0291]
Epoch (Test) 35: NMI [0.8552] | Recall [@1: 0.4842, @10: 0.6858, @100: 0.8534, @1000: 0.9575]
Epoch (Train) 35 Learner 13: Mean Loss [0.0323]
Epoch (Test) 35: NMI [0.8555] | Recall [@1: 0.4842, @10: 0.6878, @100: 0.8541, @1000: 0.9570]
Epoch (Train) 35 Learner 14: Mean Loss [0.0399]
Epoch (Test) 35: NMI [0.8548] | Recall [@1: 0.4816, @10: 0.6849, @100: 0.8531, @1000: 0.9568]
Epoch (Train) 35 Learner 15: Mean Loss [0.0333]
Epoch (Test) 35: NMI [0.8548] | Recall [@1: 0.4822, @10: 0.6853, @100: 0.8538, @1000: 0.9573]
Epoch (Train) 36 Learner 0: Mean Loss [0.0361]
Epoch (Test) 36: NMI [0.8554] | Recall [@1: 0.4838, @10: 0.6881, @100: 0.8547, @1000: 0.9576]
Epoch (Train) 36 Learner 1: Mean Loss [0.0317]
Epoch (Test) 36: NMI [0.8557] | Recall [@1: 0.4846, @10: 0.6880, @100: 0.8545, @1000: 0.9573]
Epoch (Train) 36 Learner 2: Mean Loss [0.0278]
Epoch (Test) 36: NMI [0.8557] | Recall [@1: 0.4834, @10: 0.6878, @100: 0.8546, @1000: 0.9568]
Epoch (Train) 36 Learner 3: Mean Loss [0.0354]
Epoch (Test) 36: NMI [0.8558] | Recall [@1: 0.4859, @10: 0.6888, @100: 0.8544, @1000: 0.9570]
Epoch (Train) 36 Learner 4: Mean Loss [0.0396]
Epoch (Test) 36: NMI [0.8557] | Recall [@1: 0.4856, @10: 0.6869, @100: 0.8540, @1000: 0.9572]
Epoch (Train) 36 Learner 5: Mean Loss [0.0242]
Epoch (Test) 36: NMI [0.8553] | Recall [@1: 0.4844, @10: 0.6864, @100: 0.8546, @1000: 0.9573]
Epoch (Train) 36 Learner 6: Mean Loss [0.0267]
Epoch (Test) 36: NMI [0.8553] | Recall [@1: 0.4841, @10: 0.6857, @100: 0.8530, @1000: 0.9567]
Epoch (Train) 36 Learner 7: Mean Loss [0.0355]
Epoch (Test) 36: NMI [0.8549] | Recall [@1: 0.4818, @10: 0.6844, @100: 0.8528, @1000: 0.9566]
Epoch (Train) 36 Learner 8: Mean Loss [0.0272]
Epoch (Test) 36: NMI [0.8551] | Recall [@1: 0.4838, @10: 0.6859, @100: 0.8535, @1000: 0.9570]
Epoch (Train) 36 Learner 9: Mean Loss [0.0321]
Epoch (Test) 36: NMI [0.8545] | Recall [@1: 0.4797, @10: 0.6829, @100: 0.8530, @1000: 0.9566]
Epoch (Train) 36 Learner 10: Mean Loss [0.0225]
Epoch (Test) 36: NMI [0.8551] | Recall [@1: 0.4814, @10: 0.6848, @100: 0.8532, @1000: 0.9565]
Epoch (Train) 36 Learner 11: Mean Loss [0.0374]
Epoch (Test) 36: NMI [0.8548] | Recall [@1: 0.4791, @10: 0.6839, @100: 0.8527, @1000: 0.9570]
Epoch (Train) 36 Learner 12: Mean Loss [0.0276]
Epoch (Test) 36: NMI [0.8550] | Recall [@1: 0.4816, @10: 0.6851, @100: 0.8535, @1000: 0.9572]
Epoch (Train) 36 Learner 13: Mean Loss [0.0282]
Epoch (Test) 36: NMI [0.8553] | Recall [@1: 0.4834, @10: 0.6864, @100: 0.8539, @1000: 0.9573]
Epoch (Train) 36 Learner 14: Mean Loss [0.0358]
Epoch (Test) 36: NMI [0.8549] | Recall [@1: 0.4822, @10: 0.6848, @100: 0.8539, @1000: 0.9571]
Epoch (Train) 36 Learner 15: Mean Loss [0.0394]
Epoch (Test) 36: NMI [0.8548] | Recall [@1: 0.4806, @10: 0.6839, @100: 0.8532, @1000: 0.9564]
Epoch (Train) 37 Learner 0: Mean Loss [0.0346]
Epoch (Test) 37: NMI [0.8548] | Recall [@1: 0.4809, @10: 0.6851, @100: 0.8535, @1000: 0.9573]
Epoch (Train) 37 Learner 1: Mean Loss [0.0407]
Epoch (Test) 37: NMI [0.8545] | Recall [@1: 0.4811, @10: 0.6849, @100: 0.8533, @1000: 0.9563]
Epoch (Train) 37 Learner 2: Mean Loss [0.0288]
Epoch (Test) 37: NMI [0.8547] | Recall [@1: 0.4809, @10: 0.6845, @100: 0.8533, @1000: 0.9571]
Epoch (Train) 37 Learner 3: Mean Loss [0.0338]
Epoch (Test) 37: NMI [0.8551] | Recall [@1: 0.4832, @10: 0.6863, @100: 0.8548, @1000: 0.9571]
Epoch (Train) 37 Learner 4: Mean Loss [0.0363]
Epoch (Test) 37: NMI [0.8549] | Recall [@1: 0.4813, @10: 0.6855, @100: 0.8540, @1000: 0.9573]
Epoch (Train) 37 Learner 5: Mean Loss [0.0218]
Epoch (Test) 37: NMI [0.8550] | Recall [@1: 0.4818, @10: 0.6866, @100: 0.8540, @1000: 0.9576]
Epoch (Train) 37 Learner 6: Mean Loss [0.0334]
Epoch (Test) 37: NMI [0.8548] | Recall [@1: 0.4790, @10: 0.6829, @100: 0.8527, @1000: 0.9567]
Epoch (Train) 37 Learner 7: Mean Loss [0.0301]
Epoch (Test) 37: NMI [0.8549] | Recall [@1: 0.4783, @10: 0.6830, @100: 0.8518, @1000: 0.9563]
Epoch (Train) 37 Learner 8: Mean Loss [0.0313]
Epoch (Test) 37: NMI [0.8544] | Recall [@1: 0.4783, @10: 0.6834, @100: 0.8518, @1000: 0.9567]
Epoch (Train) 37 Learner 9: Mean Loss [0.0357]
Epoch (Test) 37: NMI [0.8547] | Recall [@1: 0.4800, @10: 0.6843, @100: 0.8533, @1000: 0.9568]
Epoch (Train) 37 Learner 10: Mean Loss [0.0243]
Epoch (Test) 37: NMI [0.8550] | Recall [@1: 0.4807, @10: 0.6843, @100: 0.8529, @1000: 0.9568]
Epoch (Train) 37 Learner 11: Mean Loss [0.0344]
Epoch (Test) 37: NMI [0.8551] | Recall [@1: 0.4821, @10: 0.6853, @100: 0.8528, @1000: 0.9565]
Epoch (Train) 37 Learner 12: Mean Loss [0.0274]
Epoch (Test) 37: NMI [0.8555] | Recall [@1: 0.4848, @10: 0.6875, @100: 0.8543, @1000: 0.9574]
Epoch (Train) 37 Learner 13: Mean Loss [0.0286]
Epoch (Test) 37: NMI [0.8553] | Recall [@1: 0.4861, @10: 0.6888, @100: 0.8549, @1000: 0.9580]
Epoch (Train) 37 Learner 14: Mean Loss [0.0359]
Epoch (Test) 37: NMI [0.8551] | Recall [@1: 0.4839, @10: 0.6872, @100: 0.8547, @1000: 0.9577]
Epoch (Train) 37 Learner 15: Mean Loss [0.0409]
Epoch (Test) 37: NMI [0.8547] | Recall [@1: 0.4833, @10: 0.6883, @100: 0.8545, @1000: 0.9573]
Epoch (Train) 38 Learner 0: Mean Loss [0.0282]
Epoch (Test) 38: NMI [0.8547] | Recall [@1: 0.4821, @10: 0.6856, @100: 0.8542, @1000: 0.9574]
Epoch (Train) 38 Learner 1: Mean Loss [0.0260]
Epoch (Test) 38: NMI [0.8551] | Recall [@1: 0.4835, @10: 0.6865, @100: 0.8546, @1000: 0.9574]
Epoch (Train) 38 Learner 2: Mean Loss [0.0274]
Epoch (Test) 38: NMI [0.8553] | Recall [@1: 0.4856, @10: 0.6872, @100: 0.8548, @1000: 0.9580]
Epoch (Train) 38 Learner 3: Mean Loss [0.0351]
Epoch (Test) 38: NMI [0.8551] | Recall [@1: 0.4855, @10: 0.6868, @100: 0.8554, @1000: 0.9574]
Epoch (Train) 38 Learner 4: Mean Loss [0.0357]
Epoch (Test) 38: NMI [0.8556] | Recall [@1: 0.4867, @10: 0.6886, @100: 0.8562, @1000: 0.9580]
Epoch (Train) 38 Learner 5: Mean Loss [0.0239]
Epoch (Test) 38: NMI [0.8556] | Recall [@1: 0.4878, @10: 0.6885, @100: 0.8564, @1000: 0.9582]
Epoch (Train) 38 Learner 6: Mean Loss [0.0310]
Epoch (Test) 38: NMI [0.8556] | Recall [@1: 0.4857, @10: 0.6882, @100: 0.8555, @1000: 0.9579]
Epoch (Train) 38 Learner 7: Mean Loss [0.0345]
Epoch (Test) 38: NMI [0.8552] | Recall [@1: 0.4847, @10: 0.6868, @100: 0.8551, @1000: 0.9571]
Epoch (Train) 38 Learner 8: Mean Loss [0.0245]
Epoch (Test) 38: NMI [0.8552] | Recall [@1: 0.4833, @10: 0.6866, @100: 0.8538, @1000: 0.9566]
Epoch (Train) 38 Learner 9: Mean Loss [0.0278]
Epoch (Test) 38: NMI [0.8551] | Recall [@1: 0.4834, @10: 0.6867, @100: 0.8537, @1000: 0.9564]
Epoch (Train) 38 Learner 10: Mean Loss [0.0248]
Epoch (Test) 38: NMI [0.8548] | Recall [@1: 0.4802, @10: 0.6834, @100: 0.8524, @1000: 0.9566]
Epoch (Train) 38 Learner 11: Mean Loss [0.0349]
Epoch (Test) 38: NMI [0.8548] | Recall [@1: 0.4822, @10: 0.6840, @100: 0.8541, @1000: 0.9569]
Epoch (Train) 38 Learner 12: Mean Loss [0.0288]
Epoch (Test) 38: NMI [0.8547] | Recall [@1: 0.4815, @10: 0.6856, @100: 0.8538, @1000: 0.9566]
Epoch (Train) 38 Learner 13: Mean Loss [0.0325]
Epoch (Test) 38: NMI [0.8547] | Recall [@1: 0.4831, @10: 0.6859, @100: 0.8533, @1000: 0.9571]
Epoch (Train) 38 Learner 14: Mean Loss [0.0360]
Epoch (Test) 38: NMI [0.8548] | Recall [@1: 0.4823, @10: 0.6861, @100: 0.8534, @1000: 0.9575]
Epoch (Train) 38 Learner 15: Mean Loss [0.0358]
Epoch (Test) 38: NMI [0.8551] | Recall [@1: 0.4812, @10: 0.6857, @100: 0.8536, @1000: 0.9571]
Epoch (Train) 39 Learner 0: Mean Loss [0.0350]
Epoch (Test) 39: NMI [0.8553] | Recall [@1: 0.4822, @10: 0.6856, @100: 0.8541, @1000: 0.9575]
Epoch (Train) 39 Learner 1: Mean Loss [0.0289]
Epoch (Test) 39: NMI [0.8552] | Recall [@1: 0.4830, @10: 0.6863, @100: 0.8550, @1000: 0.9575]
Epoch (Train) 39 Learner 2: Mean Loss [0.0303]
Epoch (Test) 39: NMI [0.8552] | Recall [@1: 0.4826, @10: 0.6853, @100: 0.8538, @1000: 0.9568]
Epoch (Train) 39 Learner 3: Mean Loss [0.0346]
Epoch (Test) 39: NMI [0.8551] | Recall [@1: 0.4806, @10: 0.6843, @100: 0.8533, @1000: 0.9570]
Epoch (Train) 39 Learner 4: Mean Loss [0.0326]
Epoch (Test) 39: NMI [0.8550] | Recall [@1: 0.4832, @10: 0.6850, @100: 0.8535, @1000: 0.9570]
Epoch (Train) 39 Learner 5: Mean Loss [0.0255]
Epoch (Test) 39: NMI [0.8548] | Recall [@1: 0.4813, @10: 0.6842, @100: 0.8540, @1000: 0.9570]
Epoch (Train) 39 Learner 6: Mean Loss [0.0281]
Epoch (Test) 39: NMI [0.8544] | Recall [@1: 0.4796, @10: 0.6831, @100: 0.8530, @1000: 0.9573]
Epoch (Train) 39 Learner 7: Mean Loss [0.0360]
Epoch (Test) 39: NMI [0.8543] | Recall [@1: 0.4772, @10: 0.6811, @100: 0.8516, @1000: 0.9574]
Epoch (Train) 39 Learner 8: Mean Loss [0.0259]
Epoch (Test) 39: NMI [0.8546] | Recall [@1: 0.4789, @10: 0.6827, @100: 0.8519, @1000: 0.9572]
Epoch (Train) 39 Learner 9: Mean Loss [0.0308]
Epoch (Test) 39: NMI [0.8545] | Recall [@1: 0.4807, @10: 0.6841, @100: 0.8525, @1000: 0.9572]
Epoch (Train) 39 Learner 10: Mean Loss [0.0212]
Epoch (Test) 39: NMI [0.8545] | Recall [@1: 0.4803, @10: 0.6838, @100: 0.8527, @1000: 0.9570]
Epoch (Train) 39 Learner 11: Mean Loss [0.0395]
Epoch (Test) 39: NMI [0.8542] | Recall [@1: 0.4792, @10: 0.6832, @100: 0.8521, @1000: 0.9571]
Epoch (Train) 39 Learner 12: Mean Loss [0.0280]
Epoch (Test) 39: NMI [0.8545] | Recall [@1: 0.4792, @10: 0.6840, @100: 0.8521, @1000: 0.9572]
Epoch (Train) 39 Learner 13: Mean Loss [0.0299]
Epoch (Test) 39: NMI [0.8546] | Recall [@1: 0.4787, @10: 0.6833, @100: 0.8517, @1000: 0.9564]
Epoch (Train) 39 Learner 14: Mean Loss [0.0367]
Epoch (Test) 39: NMI [0.8548] | Recall [@1: 0.4813, @10: 0.6855, @100: 0.8533, @1000: 0.9576]
Epoch (Train) 39 Learner 15: Mean Loss [0.0372]
Epoch (Test) 39: NMI [0.8547] | Recall [@1: 0.4788, @10: 0.6836, @100: 0.8522, @1000: 0.9569]
