==========================================
SLURM_JOB_ID = 129280
SLURM_NODELIST = gnode37
SLURM_JOB_GPUS = 0,1,2,3
==========================================
using faiss for clustering
Getting pretrained weights...
Done.
Epoch (Train) 0 Learner -1: Mean Loss [0.2017]
Epoch (Test) 0: NMI [0.6921] | Recall [@1: 0.5641, @2: 0.6716, @4: 0.7573, @8: 0.8431]
Epoch (Train) 1 Learner -1: Mean Loss [0.1886]
Epoch (Test) 1: NMI [0.7013] | Recall [@1: 0.5816, @2: 0.6835, @4: 0.7738, @8: 0.8530]
Epoch (Train) 2 Learner -1: Mean Loss [0.1877]
Epoch (Test) 2: NMI [0.7086] | Recall [@1: 0.5997, @2: 0.6950, @4: 0.7880, @8: 0.8678]
Epoch (Train) 3 Learner -1: Mean Loss [0.1856]
Epoch (Test) 3: NMI [0.7164] | Recall [@1: 0.6057, @2: 0.7039, @4: 0.7916, @8: 0.8698]
Epoch (Train) 4 Learner -1: Mean Loss [0.1774]
Epoch (Test) 4: NMI [0.7252] | Recall [@1: 0.6109, @2: 0.7148, @4: 0.7923, @8: 0.8724]
Epoch (Train) 5 Learner -1: Mean Loss [0.1815]
Epoch (Test) 5: NMI [0.7282] | Recall [@1: 0.6103, @2: 0.7194, @4: 0.8042, @8: 0.8731]
Epoch (Train) 6 Learner -1: Mean Loss [0.1734]
Epoch (Test) 6: NMI [0.7288] | Recall [@1: 0.6156, @2: 0.7194, @4: 0.8111, @8: 0.8717]
Epoch (Train) 7 Learner -1: Mean Loss [0.1747]
Epoch (Test) 7: NMI [0.7430] | Recall [@1: 0.6208, @2: 0.7316, @4: 0.8150, @8: 0.8839]
Epoch (Train) 8 Learner -1: Mean Loss [0.1721]
Epoch (Test) 8: NMI [0.7398] | Recall [@1: 0.6281, @2: 0.7366, @4: 0.8187, @8: 0.8793]
Epoch (Train) 9 Learner -1: Mean Loss [0.1699]
Epoch (Test) 9: NMI [0.7411] | Recall [@1: 0.6390, @2: 0.7352, @4: 0.8220, @8: 0.8826]
Epoch 10 : Clustering data
[faiss started]
[faiss ended]
num_elemnets_in_cluster: [ 458  330 1246  926]
Epoch 10 : Done Clustering
Epoch (Train) 10 Learner 0: Mean Loss [0.0973]
Epoch (Test) 10: NMI [0.7429] | Recall [@1: 0.6363, @2: 0.7382, @4: 0.8167, @8: 0.8810]
Epoch (Train) 10 Learner 1: Mean Loss [0.1086]
Epoch (Test) 10: NMI [0.7310] | Recall [@1: 0.6251, @2: 0.7290, @4: 0.8131, @8: 0.8800]
Epoch (Train) 10 Learner 2: Mean Loss [0.1273]
Epoch (Test) 10: NMI [0.7326] | Recall [@1: 0.6162, @2: 0.7135, @4: 0.7989, @8: 0.8665]
Epoch (Train) 10 Learner 3: Mean Loss [0.1280]
Epoch (Test) 10: NMI [0.7187] | Recall [@1: 0.6030, @2: 0.7072, @4: 0.7985, @8: 0.8642]
Epoch (Train) 11 Learner 0: Mean Loss [0.0905]
Epoch (Test) 11: NMI [0.7258] | Recall [@1: 0.6020, @2: 0.7052, @4: 0.7890, @8: 0.8625]
Epoch (Train) 11 Learner 1: Mean Loss [0.1081]
Epoch (Test) 11: NMI [0.7271] | Recall [@1: 0.6080, @2: 0.7082, @4: 0.7943, @8: 0.8609]
Epoch (Train) 11 Learner 2: Mean Loss [0.1005]
Epoch (Test) 11: NMI [0.7233] | Recall [@1: 0.6116, @2: 0.7108, @4: 0.7946, @8: 0.8684]
Epoch (Train) 11 Learner 3: Mean Loss [0.0861]
Epoch (Test) 11: NMI [0.7221] | Recall [@1: 0.6011, @2: 0.7112, @4: 0.7995, @8: 0.8747]
Epoch (Train) 12 Learner 0: Mean Loss [0.0666]
Epoch (Test) 12: NMI [0.7217] | Recall [@1: 0.6103, @2: 0.7125, @4: 0.7985, @8: 0.8724]
Epoch (Train) 12 Learner 1: Mean Loss [0.0525]
Epoch (Test) 12: NMI [0.7252] | Recall [@1: 0.6146, @2: 0.7207, @4: 0.7966, @8: 0.8684]
Epoch (Train) 12 Learner 2: Mean Loss [0.0933]
Epoch (Test) 12: NMI [0.7258] | Recall [@1: 0.6103, @2: 0.7151, @4: 0.7962, @8: 0.8655]
Epoch (Train) 12 Learner 3: Mean Loss [0.0743]
Epoch (Test) 12: NMI [0.7318] | Recall [@1: 0.6159, @2: 0.7141, @4: 0.8048, @8: 0.8744]
Epoch (Train) 13 Learner 0: Mean Loss [0.0795]
Epoch (Test) 13: NMI [0.7348] | Recall [@1: 0.6169, @2: 0.7135, @4: 0.8038, @8: 0.8747]
Epoch (Train) 13 Learner 1: Mean Loss [0.0709]
Epoch (Test) 13: NMI [0.7321] | Recall [@1: 0.6109, @2: 0.7112, @4: 0.8051, @8: 0.8698]
Epoch (Train) 13 Learner 2: Mean Loss [0.0798]
Epoch (Test) 13: NMI [0.7338] | Recall [@1: 0.6175, @2: 0.7132, @4: 0.7903, @8: 0.8698]
Epoch (Train) 13 Learner 3: Mean Loss [0.0719]
Epoch (Test) 13: NMI [0.7273] | Recall [@1: 0.6245, @2: 0.7191, @4: 0.8051, @8: 0.8770]
Epoch (Train) 14 Learner 0: Mean Loss [0.0579]
Epoch (Test) 14: NMI [0.7334] | Recall [@1: 0.6278, @2: 0.7165, @4: 0.8111, @8: 0.8721]
Epoch (Train) 14 Learner 1: Mean Loss [0.0493]
Epoch (Test) 14: NMI [0.7304] | Recall [@1: 0.6222, @2: 0.7171, @4: 0.8051, @8: 0.8708]
Epoch (Train) 14 Learner 2: Mean Loss [0.0619]
Epoch (Test) 14: NMI [0.7272] | Recall [@1: 0.6126, @2: 0.7194, @4: 0.8051, @8: 0.8668]
Epoch (Train) 14 Learner 3: Mean Loss [0.0606]
Epoch (Test) 14: NMI [0.7284] | Recall [@1: 0.6195, @2: 0.7168, @4: 0.8025, @8: 0.8652]
Epoch (Train) 15 Learner 0: Mean Loss [0.0463]
Epoch (Test) 15: NMI [0.7294] | Recall [@1: 0.6169, @2: 0.7141, @4: 0.7989, @8: 0.8678]
Epoch (Train) 15 Learner 1: Mean Loss [0.0385]
Epoch (Test) 15: NMI [0.7320] | Recall [@1: 0.6179, @2: 0.7158, @4: 0.7976, @8: 0.8704]
Epoch (Train) 15 Learner 2: Mean Loss [0.0546]
Epoch (Test) 15: NMI [0.7348] | Recall [@1: 0.6208, @2: 0.7161, @4: 0.8032, @8: 0.8721]
Epoch (Train) 15 Learner 3: Mean Loss [0.0489]
Epoch (Test) 15: NMI [0.7319] | Recall [@1: 0.6182, @2: 0.7165, @4: 0.8032, @8: 0.8727]
Epoch (Train) 16 Learner 0: Mean Loss [0.0356]
Epoch (Test) 16: NMI [0.7331] | Recall [@1: 0.6146, @2: 0.7184, @4: 0.8048, @8: 0.8717]
Epoch (Train) 16 Learner 1: Mean Loss [0.0361]
Epoch (Test) 16: NMI [0.7327] | Recall [@1: 0.6146, @2: 0.7174, @4: 0.8055, @8: 0.8724]
Epoch (Train) 16 Learner 2: Mean Loss [0.0488]
Epoch (Test) 16: NMI [0.7319] | Recall [@1: 0.6175, @2: 0.7234, @4: 0.8038, @8: 0.8717]
Epoch (Train) 16 Learner 3: Mean Loss [0.0435]
Epoch (Test) 16: NMI [0.7323] | Recall [@1: 0.6189, @2: 0.7227, @4: 0.8038, @8: 0.8698]
Epoch (Train) 17 Learner 0: Mean Loss [0.0364]
Epoch (Test) 17: NMI [0.7314] | Recall [@1: 0.6179, @2: 0.7237, @4: 0.8018, @8: 0.8714]
Epoch (Train) 17 Learner 1: Mean Loss [0.0474]
Epoch (Test) 17: NMI [0.7299] | Recall [@1: 0.6175, @2: 0.7247, @4: 0.8025, @8: 0.8731]
Epoch (Train) 17 Learner 2: Mean Loss [0.0463]
Epoch (Test) 17: NMI [0.7324] | Recall [@1: 0.6195, @2: 0.7221, @4: 0.8025, @8: 0.8711]
Epoch (Train) 17 Learner 3: Mean Loss [0.0427]
Epoch (Test) 17: NMI [0.7326] | Recall [@1: 0.6172, @2: 0.7204, @4: 0.8022, @8: 0.8708]
Epoch (Train) 18 Learner 0: Mean Loss [0.0353]
Epoch (Test) 18: NMI [0.7302] | Recall [@1: 0.6189, @2: 0.7201, @4: 0.8012, @8: 0.8708]
Epoch (Train) 18 Learner 1: Mean Loss [0.0215]
Epoch (Test) 18: NMI [0.7310] | Recall [@1: 0.6192, @2: 0.7217, @4: 0.8028, @8: 0.8717]
Epoch (Train) 18 Learner 2: Mean Loss [0.0379]
Epoch (Test) 18: NMI [0.7316] | Recall [@1: 0.6238, @2: 0.7221, @4: 0.8038, @8: 0.8711]
Epoch (Train) 18 Learner 3: Mean Loss [0.0401]
Epoch (Test) 18: NMI [0.7296] | Recall [@1: 0.6248, @2: 0.7230, @4: 0.8025, @8: 0.8704]
Epoch (Train) 19 Learner 0: Mean Loss [0.0387]
Epoch (Test) 19: NMI [0.7309] | Recall [@1: 0.6245, @2: 0.7217, @4: 0.8018, @8: 0.8724]
Epoch (Train) 19 Learner 1: Mean Loss [0.0318]
Epoch (Test) 19: NMI [0.7338] | Recall [@1: 0.6215, @2: 0.7224, @4: 0.8015, @8: 0.8721]
Epoch (Train) 19 Learner 2: Mean Loss [0.0258]
Epoch (Test) 19: NMI [0.7312] | Recall [@1: 0.6241, @2: 0.7217, @4: 0.8012, @8: 0.8724]
Epoch (Train) 19 Learner 3: Mean Loss [0.0398]
Epoch (Test) 19: NMI [0.7338] | Recall [@1: 0.6215, @2: 0.7207, @4: 0.8022, @8: 0.8727]
Epoch 20 : Clustering data
[faiss started]
[faiss ended]
num_elemnets_in_cluster: [647 583 816 914]
Epoch 20 : Done Clustering
Epoch (Train) 20 Learner 0: Mean Loss [0.1350]
Epoch (Test) 20: NMI [0.7352] | Recall [@1: 0.6235, @2: 0.7214, @4: 0.8035, @8: 0.8737]
Epoch (Train) 20 Learner 1: Mean Loss [0.1067]
Epoch (Test) 20: NMI [0.7356] | Recall [@1: 0.6182, @2: 0.7211, @4: 0.8035, @8: 0.8721]
Epoch (Train) 20 Learner 2: Mean Loss [0.1076]
Epoch (Test) 20: NMI [0.7357] | Recall [@1: 0.6179, @2: 0.7217, @4: 0.8075, @8: 0.8698]
Epoch (Train) 20 Learner 3: Mean Loss [0.1155]
Epoch (Test) 20: NMI [0.7403] | Recall [@1: 0.6172, @2: 0.7221, @4: 0.8055, @8: 0.8711]
Epoch (Train) 21 Learner 0: Mean Loss [0.1419]
Epoch (Test) 21: NMI [0.7405] | Recall [@1: 0.6212, @2: 0.7197, @4: 0.8038, @8: 0.8694]
Epoch (Train) 21 Learner 1: Mean Loss [0.0948]
Epoch (Test) 21: NMI [0.7386] | Recall [@1: 0.6189, @2: 0.7184, @4: 0.8042, @8: 0.8681]
Epoch (Train) 21 Learner 2: Mean Loss [0.1040]
Epoch (Test) 21: NMI [0.7398] | Recall [@1: 0.6248, @2: 0.7168, @4: 0.8032, @8: 0.8717]
Epoch (Train) 21 Learner 3: Mean Loss [0.1113]
Epoch (Test) 21: NMI [0.7389] | Recall [@1: 0.6241, @2: 0.7171, @4: 0.8032, @8: 0.8734]
Epoch (Train) 22 Learner 0: Mean Loss [0.1022]
Epoch (Test) 22: NMI [0.7394] | Recall [@1: 0.6222, @2: 0.7174, @4: 0.8025, @8: 0.8757]
Epoch (Train) 22 Learner 1: Mean Loss [0.1087]
Epoch (Test) 22: NMI [0.7385] | Recall [@1: 0.6185, @2: 0.7165, @4: 0.8038, @8: 0.8750]
Epoch (Train) 22 Learner 2: Mean Loss [0.0882]
Epoch (Test) 22: NMI [0.7356] | Recall [@1: 0.6218, @2: 0.7174, @4: 0.8051, @8: 0.8754]
Epoch (Train) 22 Learner 3: Mean Loss [0.1051]
Epoch (Test) 22: NMI [0.7362] | Recall [@1: 0.6231, @2: 0.7135, @4: 0.8048, @8: 0.8737]
Epoch (Train) 23 Learner 0: Mean Loss [0.0966]
Epoch (Test) 23: NMI [0.7347] | Recall [@1: 0.6225, @2: 0.7135, @4: 0.8038, @8: 0.8741]
Epoch (Train) 23 Learner 1: Mean Loss [0.0909]
Epoch (Test) 23: NMI [0.7368] | Recall [@1: 0.6245, @2: 0.7168, @4: 0.8022, @8: 0.8754]
Epoch (Train) 23 Learner 2: Mean Loss [0.1107]
Epoch (Test) 23: NMI [0.7357] | Recall [@1: 0.6231, @2: 0.7168, @4: 0.8025, @8: 0.8764]
Epoch (Train) 23 Learner 3: Mean Loss [0.0863]
Epoch (Test) 23: NMI [0.7364] | Recall [@1: 0.6228, @2: 0.7138, @4: 0.8045, @8: 0.8770]
Epoch (Train) 24 Learner 0: Mean Loss [0.1209]
Epoch (Test) 24: NMI [0.7368] | Recall [@1: 0.6222, @2: 0.7178, @4: 0.8042, @8: 0.8744]
Epoch (Train) 24 Learner 1: Mean Loss [0.0929]
Epoch (Test) 24: NMI [0.7362] | Recall [@1: 0.6218, @2: 0.7171, @4: 0.8068, @8: 0.8714]
Epoch (Train) 24 Learner 2: Mean Loss [0.0921]
Epoch (Test) 24: NMI [0.7361] | Recall [@1: 0.6228, @2: 0.7171, @4: 0.8071, @8: 0.8708]
Epoch (Train) 24 Learner 3: Mean Loss [0.0935]
Epoch (Test) 24: NMI [0.7377] | Recall [@1: 0.6222, @2: 0.7174, @4: 0.8071, @8: 0.8727]
Epoch (Train) 25 Learner 0: Mean Loss [0.1067]
Epoch (Test) 25: NMI [0.7353] | Recall [@1: 0.6218, @2: 0.7181, @4: 0.8078, @8: 0.8721]
Epoch (Train) 25 Learner 1: Mean Loss [0.0917]
Epoch (Test) 25: NMI [0.7349] | Recall [@1: 0.6231, @2: 0.7188, @4: 0.8075, @8: 0.8727]
Epoch (Train) 25 Learner 2: Mean Loss [0.0947]
Epoch (Test) 25: NMI [0.7363] | Recall [@1: 0.6202, @2: 0.7178, @4: 0.8084, @8: 0.8734]
Epoch (Train) 25 Learner 3: Mean Loss [0.0853]
Epoch (Test) 25: NMI [0.7347] | Recall [@1: 0.6198, @2: 0.7197, @4: 0.8075, @8: 0.8721]
Epoch (Train) 26 Learner 0: Mean Loss [0.0995]
Epoch (Test) 26: NMI [0.7368] | Recall [@1: 0.6205, @2: 0.7204, @4: 0.8065, @8: 0.8727]
Epoch (Train) 26 Learner 1: Mean Loss [0.1015]
Epoch (Test) 26: NMI [0.7337] | Recall [@1: 0.6169, @2: 0.7214, @4: 0.8061, @8: 0.8731]
Epoch (Train) 26 Learner 2: Mean Loss [0.0881]
Epoch (Test) 26: NMI [0.7340] | Recall [@1: 0.6205, @2: 0.7240, @4: 0.8088, @8: 0.8734]
Epoch (Train) 26 Learner 3: Mean Loss [0.0891]
Epoch (Test) 26: NMI [0.7334] | Recall [@1: 0.6241, @2: 0.7207, @4: 0.8065, @8: 0.8747]
Epoch (Train) 27 Learner 0: Mean Loss [0.1075]
Epoch (Test) 27: NMI [0.7355] | Recall [@1: 0.6222, @2: 0.7197, @4: 0.8078, @8: 0.8744]
Epoch (Train) 27 Learner 1: Mean Loss [0.0689]
Epoch (Test) 27: NMI [0.7367] | Recall [@1: 0.6212, @2: 0.7204, @4: 0.8081, @8: 0.8754]
Epoch (Train) 27 Learner 2: Mean Loss [0.0916]
Epoch (Test) 27: NMI [0.7345] | Recall [@1: 0.6228, @2: 0.7204, @4: 0.8051, @8: 0.8747]
Epoch (Train) 27 Learner 3: Mean Loss [0.0735]
Epoch (Test) 27: NMI [0.7349] | Recall [@1: 0.6225, @2: 0.7197, @4: 0.8051, @8: 0.8747]
Epoch (Train) 28 Learner 0: Mean Loss [0.1031]
Epoch (Test) 28: NMI [0.7364] | Recall [@1: 0.6198, @2: 0.7197, @4: 0.8048, @8: 0.8734]
Epoch (Train) 28 Learner 1: Mean Loss [0.0758]
Epoch (Test) 28: NMI [0.7341] | Recall [@1: 0.6198, @2: 0.7204, @4: 0.8068, @8: 0.8750]
Epoch (Train) 28 Learner 2: Mean Loss [0.0785]
Epoch (Test) 28: NMI [0.7359] | Recall [@1: 0.6172, @2: 0.7227, @4: 0.8081, @8: 0.8744]
Epoch (Train) 28 Learner 3: Mean Loss [0.0809]
Epoch (Test) 28: NMI [0.7359] | Recall [@1: 0.6172, @2: 0.7211, @4: 0.8032, @8: 0.8747]
Epoch (Train) 29 Learner 0: Mean Loss [0.0890]
Epoch (Test) 29: NMI [0.7367] | Recall [@1: 0.6152, @2: 0.7227, @4: 0.8078, @8: 0.8734]
Epoch (Train) 29 Learner 1: Mean Loss [0.0774]
Epoch (Test) 29: NMI [0.7365] | Recall [@1: 0.6166, @2: 0.7224, @4: 0.8071, @8: 0.8721]
Epoch (Train) 29 Learner 2: Mean Loss [0.0836]
Epoch (Test) 29: NMI [0.7401] | Recall [@1: 0.6172, @2: 0.7211, @4: 0.8048, @8: 0.8734]
Epoch (Train) 29 Learner 3: Mean Loss [0.0766]
Epoch (Test) 29: NMI [0.7354] | Recall [@1: 0.6152, @2: 0.7188, @4: 0.8045, @8: 0.8750]
Epoch 30 : Clustering data
[faiss started]
[faiss ended]
num_elemnets_in_cluster: [603 967 815 575]
Epoch 30 : Done Clustering
Epoch (Train) 30 Learner 0: Mean Loss [0.1155]
Epoch (Test) 30: NMI [0.7349] | Recall [@1: 0.6172, @2: 0.7211, @4: 0.8048, @8: 0.8750]
Epoch (Train) 30 Learner 1: Mean Loss [0.0902]
Epoch (Test) 30: NMI [0.7332] | Recall [@1: 0.6185, @2: 0.7224, @4: 0.8048, @8: 0.8747]
Epoch (Train) 30 Learner 2: Mean Loss [0.1068]
Epoch (Test) 30: NMI [0.7361] | Recall [@1: 0.6195, @2: 0.7191, @4: 0.8035, @8: 0.8760]
Epoch (Train) 30 Learner 3: Mean Loss [0.0974]
Epoch (Test) 30: NMI [0.7360] | Recall [@1: 0.6218, @2: 0.7207, @4: 0.8051, @8: 0.8757]
Epoch (Train) 31 Learner 0: Mean Loss [0.1196]
Epoch (Test) 31: NMI [0.7355] | Recall [@1: 0.6212, @2: 0.7217, @4: 0.8081, @8: 0.8773]
Epoch (Train) 31 Learner 1: Mean Loss [0.1022]
Epoch (Test) 31: NMI [0.7356] | Recall [@1: 0.6245, @2: 0.7227, @4: 0.8075, @8: 0.8780]
Epoch (Train) 31 Learner 2: Mean Loss [0.1046]
Epoch (Test) 31: NMI [0.7344] | Recall [@1: 0.6245, @2: 0.7217, @4: 0.8075, @8: 0.8757]
Epoch (Train) 31 Learner 3: Mean Loss [0.0935]
Epoch (Test) 31: NMI [0.7364] | Recall [@1: 0.6225, @2: 0.7204, @4: 0.8084, @8: 0.8760]
Epoch (Train) 32 Learner 0: Mean Loss [0.1054]
Epoch (Test) 32: NMI [0.7327] | Recall [@1: 0.6218, @2: 0.7221, @4: 0.8051, @8: 0.8760]
Epoch (Train) 32 Learner 1: Mean Loss [0.1075]
Epoch (Test) 32: NMI [0.7334] | Recall [@1: 0.6222, @2: 0.7260, @4: 0.8058, @8: 0.8767]
Epoch (Train) 32 Learner 2: Mean Loss [0.1042]
Epoch (Test) 32: NMI [0.7315] | Recall [@1: 0.6222, @2: 0.7247, @4: 0.8078, @8: 0.8747]
Epoch (Train) 32 Learner 3: Mean Loss [0.1017]
Epoch (Test) 32: NMI [0.7303] | Recall [@1: 0.6222, @2: 0.7257, @4: 0.8081, @8: 0.8760]
Epoch (Train) 33 Learner 0: Mean Loss [0.1072]
Epoch (Test) 33: NMI [0.7305] | Recall [@1: 0.6215, @2: 0.7254, @4: 0.8081, @8: 0.8760]
Epoch (Train) 33 Learner 1: Mean Loss [0.1083]
Epoch (Test) 33: NMI [0.7337] | Recall [@1: 0.6245, @2: 0.7254, @4: 0.8088, @8: 0.8737]
Epoch (Train) 33 Learner 2: Mean Loss [0.0919]
Epoch (Test) 33: NMI [0.7300] | Recall [@1: 0.6241, @2: 0.7250, @4: 0.8068, @8: 0.8750]
Epoch (Train) 33 Learner 3: Mean Loss [0.0978]
Epoch (Test) 33: NMI [0.7330] | Recall [@1: 0.6238, @2: 0.7234, @4: 0.8081, @8: 0.8770]
Epoch (Train) 34 Learner 0: Mean Loss [0.1175]
Epoch (Test) 34: NMI [0.7324] | Recall [@1: 0.6241, @2: 0.7237, @4: 0.8107, @8: 0.8787]
Epoch (Train) 34 Learner 1: Mean Loss [0.1006]
Epoch (Test) 34: NMI [0.7321] | Recall [@1: 0.6208, @2: 0.7217, @4: 0.8084, @8: 0.8767]
Epoch (Train) 34 Learner 2: Mean Loss [0.0954]
Epoch (Test) 34: NMI [0.7325] | Recall [@1: 0.6182, @2: 0.7211, @4: 0.8088, @8: 0.8773]
Epoch (Train) 34 Learner 3: Mean Loss [0.0835]
Epoch (Test) 34: NMI [0.7327] | Recall [@1: 0.6192, @2: 0.7227, @4: 0.8088, @8: 0.8760]
Epoch (Train) 35 Learner 0: Mean Loss [0.0900]
Epoch (Test) 35: NMI [0.7324] | Recall [@1: 0.6202, @2: 0.7214, @4: 0.8081, @8: 0.8787]
Epoch (Train) 35 Learner 1: Mean Loss [0.0962]
Epoch (Test) 35: NMI [0.7323] | Recall [@1: 0.6245, @2: 0.7230, @4: 0.8101, @8: 0.8777]
Epoch (Train) 35 Learner 2: Mean Loss [0.0913]
Epoch (Test) 35: NMI [0.7348] | Recall [@1: 0.6215, @2: 0.7237, @4: 0.8124, @8: 0.8770]
Epoch (Train) 35 Learner 3: Mean Loss [0.0833]
Epoch (Test) 35: NMI [0.7311] | Recall [@1: 0.6215, @2: 0.7254, @4: 0.8131, @8: 0.8780]
Epoch (Train) 36 Learner 0: Mean Loss [0.0902]
Epoch (Test) 36: NMI [0.7336] | Recall [@1: 0.6208, @2: 0.7244, @4: 0.8121, @8: 0.8800]
Epoch (Train) 36 Learner 1: Mean Loss [0.0996]
Epoch (Test) 36: NMI [0.7341] | Recall [@1: 0.6231, @2: 0.7230, @4: 0.8157, @8: 0.8777]
Epoch (Train) 36 Learner 2: Mean Loss [0.0802]
Epoch (Test) 36: NMI [0.7344] | Recall [@1: 0.6258, @2: 0.7211, @4: 0.8140, @8: 0.8767]
Epoch (Train) 36 Learner 3: Mean Loss [0.0919]
Epoch (Test) 36: NMI [0.7342] | Recall [@1: 0.6251, @2: 0.7224, @4: 0.8117, @8: 0.8754]
Epoch (Train) 37 Learner 0: Mean Loss [0.0846]
Epoch (Test) 37: NMI [0.7355] | Recall [@1: 0.6274, @2: 0.7240, @4: 0.8150, @8: 0.8767]
Epoch (Train) 37 Learner 1: Mean Loss [0.0990]
Epoch (Test) 37: NMI [0.7375] | Recall [@1: 0.6278, @2: 0.7234, @4: 0.8127, @8: 0.8777]
Epoch (Train) 37 Learner 2: Mean Loss [0.0885]
Epoch (Test) 37: NMI [0.7336] | Recall [@1: 0.6288, @2: 0.7234, @4: 0.8124, @8: 0.8790]
Epoch (Train) 37 Learner 3: Mean Loss [0.0838]
Epoch (Test) 37: NMI [0.7401] | Recall [@1: 0.6294, @2: 0.7204, @4: 0.8117, @8: 0.8793]
Epoch (Train) 38 Learner 0: Mean Loss [0.0961]
Epoch (Test) 38: NMI [0.7398] | Recall [@1: 0.6281, @2: 0.7211, @4: 0.8121, @8: 0.8793]
Epoch (Train) 38 Learner 1: Mean Loss [0.0880]
Epoch (Test) 38: NMI [0.7380] | Recall [@1: 0.6291, @2: 0.7201, @4: 0.8111, @8: 0.8764]
Epoch (Train) 38 Learner 2: Mean Loss [0.0694]
Epoch (Test) 38: NMI [0.7380] | Recall [@1: 0.6294, @2: 0.7211, @4: 0.8107, @8: 0.8764]
Epoch (Train) 38 Learner 3: Mean Loss [0.0732]
Epoch (Test) 38: NMI [0.7353] | Recall [@1: 0.6281, @2: 0.7211, @4: 0.8111, @8: 0.8744]
Epoch (Train) 39 Learner 0: Mean Loss [0.0818]
Epoch (Test) 39: NMI [0.7363] | Recall [@1: 0.6281, @2: 0.7207, @4: 0.8121, @8: 0.8754]
Epoch (Train) 39 Learner 1: Mean Loss [0.0799]
Epoch (Test) 39: NMI [0.7381] | Recall [@1: 0.6284, @2: 0.7224, @4: 0.8114, @8: 0.8747]
Epoch (Train) 39 Learner 2: Mean Loss [0.0886]
Epoch (Test) 39: NMI [0.7350] | Recall [@1: 0.6281, @2: 0.7211, @4: 0.8098, @8: 0.8764]
Epoch (Train) 39 Learner 3: Mean Loss [0.0793]
Epoch (Test) 39: NMI [0.7359] | Recall [@1: 0.6284, @2: 0.7230, @4: 0.8101, @8: 0.8780]
