==========================================
SLURM_JOB_ID = 127563
SLURM_NODELIST = gnode26
SLURM_JOB_GPUS = 0,1,2,3
==========================================
using faiss for clustering
Getting pretrained weights...
Done.
Epoch (Train) 0 Learner -1: Mean Loss [0.1040]
Epoch (Test) 0: NMI [0.8710] | Recall [@1: 0.6418, @10: 0.7991, @100: 0.9059, @1000: 0.9707]
Epoch (Train) 1 Learner -1: Mean Loss [0.0816]
Epoch (Test) 1: NMI [0.8759] | Recall [@1: 0.6648, @10: 0.8219, @100: 0.9190, @1000: 0.9757]
Epoch (Train) 2 Learner -1: Mean Loss [0.0750]
Epoch (Test) 2: NMI [0.8785] | Recall [@1: 0.6773, @10: 0.8309, @100: 0.9252, @1000: 0.9774]
Epoch (Train) 3 Learner -1: Mean Loss [0.0712]
Epoch (Test) 3: NMI [0.8805] | Recall [@1: 0.6828, @10: 0.8351, @100: 0.9289, @1000: 0.9788]
Epoch (Train) 4 Learner -1: Mean Loss [0.0661]
Epoch (Test) 4: NMI [0.8812] | Recall [@1: 0.6897, @10: 0.8410, @100: 0.9311, @1000: 0.9796]
Epoch (Train) 5 Learner -1: Mean Loss [0.0632]
Epoch (Test) 5: NMI [0.8856] | Recall [@1: 0.7044, @10: 0.8499, @100: 0.9348, @1000: 0.9805]
Epoch (Train) 6 Learner -1: Mean Loss [0.0609]
Epoch (Test) 6: NMI [0.8844] | Recall [@1: 0.7017, @10: 0.8491, @100: 0.9349, @1000: 0.9817]
Epoch (Train) 7 Learner -1: Mean Loss [0.0598]
Epoch (Test) 7: NMI [0.8871] | Recall [@1: 0.7103, @10: 0.8543, @100: 0.9364, @1000: 0.9810]
Epoch (Train) 8 Learner -1: Mean Loss [0.0578]
Epoch (Test) 8: NMI [0.8868] | Recall [@1: 0.7131, @10: 0.8570, @100: 0.9387, @1000: 0.9825]
Epoch (Train) 9 Learner -1: Mean Loss [0.0565]
Epoch (Test) 9: NMI [0.8874] | Recall [@1: 0.7120, @10: 0.8570, @100: 0.9378, @1000: 0.9817]
Epoch (Train) 10 Learner -1: Mean Loss [0.0552]
Epoch (Test) 10: NMI [0.8888] | Recall [@1: 0.7193, @10: 0.8603, @100: 0.9399, @1000: 0.9818]
Epoch (Train) 11 Learner -1: Mean Loss [0.0535]
Epoch (Test) 11: NMI [0.8885] | Recall [@1: 0.7195, @10: 0.8612, @100: 0.9407, @1000: 0.9827]
Epoch (Train) 12 Learner -1: Mean Loss [0.0533]
Epoch (Test) 12: NMI [0.8888] | Recall [@1: 0.7193, @10: 0.8610, @100: 0.9403, @1000: 0.9833]
Epoch (Train) 13 Learner -1: Mean Loss [0.0525]
Epoch (Test) 13: NMI [0.8897] | Recall [@1: 0.7245, @10: 0.8641, @100: 0.9428, @1000: 0.9830]
Epoch (Train) 14 Learner -1: Mean Loss [0.0518]
Epoch (Test) 14: NMI [0.8901] | Recall [@1: 0.7253, @10: 0.8635, @100: 0.9425, @1000: 0.9836]
Epoch (Train) 15 Learner -1: Mean Loss [0.0520]
Epoch (Test) 15: NMI [0.8906] | Recall [@1: 0.7260, @10: 0.8644, @100: 0.9430, @1000: 0.9827]
Epoch (Train) 16 Learner -1: Mean Loss [0.0511]
Epoch (Test) 16: NMI [0.8905] | Recall [@1: 0.7280, @10: 0.8655, @100: 0.9437, @1000: 0.9828]
Epoch (Train) 17 Learner -1: Mean Loss [0.0513]
Epoch (Test) 17: NMI [0.8907] | Recall [@1: 0.7277, @10: 0.8652, @100: 0.9428, @1000: 0.9830]
Epoch (Train) 18 Learner -1: Mean Loss [0.0510]
Epoch (Test) 18: NMI [0.8917] | Recall [@1: 0.7302, @10: 0.8680, @100: 0.9433, @1000: 0.9827]
Epoch (Train) 19 Learner -1: Mean Loss [0.0513]
Epoch (Test) 19: NMI [0.8913] | Recall [@1: 0.7288, @10: 0.8652, @100: 0.9422, @1000: 0.9827]
Epoch 20 : Clustering data
[faiss started]
[faiss ended]
num_elemnets_in_cluster: [8037 6665 8584 9152 8249 4221 6415 8197]
Epoch 20 : Done Clustering
Epoch (Train) 20 Learner 0: Mean Loss [0.0469]
Epoch (Test) 20: NMI [0.8817] | Recall [@1: 0.6774, @10: 0.8185, @100: 0.9109, @1000: 0.9675]
Epoch (Train) 20 Learner 1: Mean Loss [0.0423]
Epoch (Test) 20: NMI [0.8784] | Recall [@1: 0.6592, @10: 0.8067, @100: 0.9035, @1000: 0.9654]
Epoch (Train) 20 Learner 2: Mean Loss [0.0448]
Epoch (Test) 20: NMI [0.8745] | Recall [@1: 0.6420, @10: 0.7963, @100: 0.9004, @1000: 0.9678]
Epoch (Train) 20 Learner 3: Mean Loss [0.0509]
Epoch (Test) 20: NMI [0.8739] | Recall [@1: 0.6339, @10: 0.7915, @100: 0.8992, @1000: 0.9669]
Epoch (Train) 20 Learner 4: Mean Loss [0.0447]
Epoch (Test) 20: NMI [0.8738] | Recall [@1: 0.6299, @10: 0.7863, @100: 0.8949, @1000: 0.9646]
Epoch (Train) 20 Learner 5: Mean Loss [0.0506]
Epoch (Test) 20: NMI [0.8753] | Recall [@1: 0.6386, @10: 0.7922, @100: 0.8973, @1000: 0.9654]
Epoch (Train) 20 Learner 6: Mean Loss [0.0443]
Epoch (Test) 20: NMI [0.8732] | Recall [@1: 0.6277, @10: 0.7843, @100: 0.8946, @1000: 0.9655]
Epoch (Train) 20 Learner 7: Mean Loss [0.0458]
Epoch (Test) 20: NMI [0.8735] | Recall [@1: 0.6259, @10: 0.7846, @100: 0.8939, @1000: 0.9646]
Epoch (Train) 21 Learner 0: Mean Loss [0.0341]
Epoch (Test) 21: NMI [0.8751] | Recall [@1: 0.6309, @10: 0.7897, @100: 0.8987, @1000: 0.9676]
Epoch (Train) 21 Learner 1: Mean Loss [0.0306]
Epoch (Test) 21: NMI [0.8750] | Recall [@1: 0.6315, @10: 0.7907, @100: 0.9011, @1000: 0.9680]
Epoch (Train) 21 Learner 2: Mean Loss [0.0329]
Epoch (Test) 21: NMI [0.8744] | Recall [@1: 0.6286, @10: 0.7906, @100: 0.9029, @1000: 0.9693]
Epoch (Train) 21 Learner 3: Mean Loss [0.0357]
Epoch (Test) 21: NMI [0.8749] | Recall [@1: 0.6311, @10: 0.7933, @100: 0.9033, @1000: 0.9695]
Epoch (Train) 21 Learner 4: Mean Loss [0.0314]
Epoch (Test) 21: NMI [0.8765] | Recall [@1: 0.6406, @10: 0.7994, @100: 0.9053, @1000: 0.9695]
Epoch (Train) 21 Learner 5: Mean Loss [0.0383]
Epoch (Test) 21: NMI [0.8764] | Recall [@1: 0.6412, @10: 0.8002, @100: 0.9062, @1000: 0.9704]
Epoch (Train) 21 Learner 6: Mean Loss [0.0334]
Epoch (Test) 21: NMI [0.8771] | Recall [@1: 0.6418, @10: 0.8006, @100: 0.9066, @1000: 0.9711]
Epoch (Train) 21 Learner 7: Mean Loss [0.0297]
Epoch (Test) 21: NMI [0.8774] | Recall [@1: 0.6430, @10: 0.8014, @100: 0.9072, @1000: 0.9711]
Epoch (Train) 22 Learner 0: Mean Loss [0.0265]
Epoch (Test) 22: NMI [0.8781] | Recall [@1: 0.6480, @10: 0.8065, @100: 0.9103, @1000: 0.9722]
Epoch (Train) 22 Learner 1: Mean Loss [0.0264]
Epoch (Test) 22: NMI [0.8784] | Recall [@1: 0.6502, @10: 0.8078, @100: 0.9108, @1000: 0.9724]
Epoch (Train) 22 Learner 2: Mean Loss [0.0299]
Epoch (Test) 22: NMI [0.8788] | Recall [@1: 0.6503, @10: 0.8089, @100: 0.9122, @1000: 0.9730]
Epoch (Train) 22 Learner 3: Mean Loss [0.0281]
Epoch (Test) 22: NMI [0.8788] | Recall [@1: 0.6505, @10: 0.8084, @100: 0.9114, @1000: 0.9727]
Epoch (Train) 22 Learner 4: Mean Loss [0.0257]
Epoch (Test) 22: NMI [0.8788] | Recall [@1: 0.6501, @10: 0.8083, @100: 0.9119, @1000: 0.9729]
Epoch (Train) 22 Learner 5: Mean Loss [0.0292]
Epoch (Test) 22: NMI [0.8787] | Recall [@1: 0.6522, @10: 0.8092, @100: 0.9125, @1000: 0.9734]
Epoch (Train) 22 Learner 6: Mean Loss [0.0301]
Epoch (Test) 22: NMI [0.8786] | Recall [@1: 0.6514, @10: 0.8088, @100: 0.9130, @1000: 0.9735]
Epoch (Train) 22 Learner 7: Mean Loss [0.0311]
Epoch (Test) 22: NMI [0.8789] | Recall [@1: 0.6525, @10: 0.8097, @100: 0.9134, @1000: 0.9735]
Epoch (Train) 23 Learner 0: Mean Loss [0.0280]
Epoch (Test) 23: NMI [0.8793] | Recall [@1: 0.6543, @10: 0.8112, @100: 0.9129, @1000: 0.9733]
Epoch (Train) 23 Learner 1: Mean Loss [0.0192]
Epoch (Test) 23: NMI [0.8797] | Recall [@1: 0.6557, @10: 0.8122, @100: 0.9139, @1000: 0.9736]
Epoch (Train) 23 Learner 2: Mean Loss [0.0278]
Epoch (Test) 23: NMI [0.8792] | Recall [@1: 0.6546, @10: 0.8112, @100: 0.9138, @1000: 0.9738]
Epoch (Train) 23 Learner 3: Mean Loss [0.0279]
Epoch (Test) 23: NMI [0.8792] | Recall [@1: 0.6532, @10: 0.8107, @100: 0.9135, @1000: 0.9740]
Epoch (Train) 23 Learner 4: Mean Loss [0.0239]
Epoch (Test) 23: NMI [0.8791] | Recall [@1: 0.6548, @10: 0.8107, @100: 0.9133, @1000: 0.9733]
Epoch (Train) 23 Learner 5: Mean Loss [0.0274]
Epoch (Test) 23: NMI [0.8792] | Recall [@1: 0.6539, @10: 0.8100, @100: 0.9134, @1000: 0.9735]
Epoch (Train) 23 Learner 6: Mean Loss [0.0304]
Epoch (Test) 23: NMI [0.8788] | Recall [@1: 0.6513, @10: 0.8093, @100: 0.9135, @1000: 0.9737]
Epoch (Train) 23 Learner 7: Mean Loss [0.0274]
Epoch (Test) 23: NMI [0.8780] | Recall [@1: 0.6474, @10: 0.8070, @100: 0.9114, @1000: 0.9731]
Epoch (Train) 24 Learner 0: Mean Loss [0.0229]
Epoch (Test) 24: NMI [0.8793] | Recall [@1: 0.6520, @10: 0.8109, @100: 0.9133, @1000: 0.9739]
Epoch (Train) 24 Learner 1: Mean Loss [0.0209]
Epoch (Test) 24: NMI [0.8786] | Recall [@1: 0.6512, @10: 0.8098, @100: 0.9131, @1000: 0.9738]
Epoch (Train) 24 Learner 2: Mean Loss [0.0248]
Epoch (Test) 24: NMI [0.8793] | Recall [@1: 0.6529, @10: 0.8101, @100: 0.9141, @1000: 0.9741]
Epoch (Train) 24 Learner 3: Mean Loss [0.0297]
Epoch (Test) 24: NMI [0.8796] | Recall [@1: 0.6536, @10: 0.8114, @100: 0.9144, @1000: 0.9745]
Epoch (Train) 24 Learner 4: Mean Loss [0.0231]
Epoch (Test) 24: NMI [0.8803] | Recall [@1: 0.6566, @10: 0.8125, @100: 0.9146, @1000: 0.9742]
Epoch (Train) 24 Learner 5: Mean Loss [0.0270]
Epoch (Test) 24: NMI [0.8799] | Recall [@1: 0.6535, @10: 0.8116, @100: 0.9137, @1000: 0.9740]
Epoch (Train) 24 Learner 6: Mean Loss [0.0246]
Epoch (Test) 24: NMI [0.8800] | Recall [@1: 0.6544, @10: 0.8122, @100: 0.9136, @1000: 0.9742]
Epoch (Train) 24 Learner 7: Mean Loss [0.0281]
Epoch (Test) 24: NMI [0.8800] | Recall [@1: 0.6532, @10: 0.8115, @100: 0.9145, @1000: 0.9740]
Epoch (Train) 25 Learner 0: Mean Loss [0.0217]
Epoch (Test) 25: NMI [0.8798] | Recall [@1: 0.6540, @10: 0.8117, @100: 0.9145, @1000: 0.9744]
Epoch (Train) 25 Learner 1: Mean Loss [0.0173]
Epoch (Test) 25: NMI [0.8797] | Recall [@1: 0.6547, @10: 0.8114, @100: 0.9144, @1000: 0.9742]
Epoch (Train) 25 Learner 2: Mean Loss [0.0250]
Epoch (Test) 25: NMI [0.8801] | Recall [@1: 0.6557, @10: 0.8124, @100: 0.9151, @1000: 0.9744]
Epoch (Train) 25 Learner 3: Mean Loss [0.0260]
Epoch (Test) 25: NMI [0.8795] | Recall [@1: 0.6544, @10: 0.8123, @100: 0.9148, @1000: 0.9743]
Epoch (Train) 25 Learner 4: Mean Loss [0.0202]
Epoch (Test) 25: NMI [0.8801] | Recall [@1: 0.6564, @10: 0.8133, @100: 0.9152, @1000: 0.9746]
Epoch (Train) 25 Learner 5: Mean Loss [0.0240]
Epoch (Test) 25: NMI [0.8793] | Recall [@1: 0.6529, @10: 0.8116, @100: 0.9145, @1000: 0.9746]
Epoch (Train) 25 Learner 6: Mean Loss [0.0228]
Epoch (Test) 25: NMI [0.8796] | Recall [@1: 0.6543, @10: 0.8119, @100: 0.9144, @1000: 0.9748]
Epoch (Train) 25 Learner 7: Mean Loss [0.0257]
Epoch (Test) 25: NMI [0.8806] | Recall [@1: 0.6582, @10: 0.8130, @100: 0.9153, @1000: 0.9749]
Epoch (Train) 26 Learner 0: Mean Loss [0.0222]
Epoch (Test) 26: NMI [0.8803] | Recall [@1: 0.6581, @10: 0.8142, @100: 0.9153, @1000: 0.9754]
Epoch (Train) 26 Learner 1: Mean Loss [0.0194]
Epoch (Test) 26: NMI [0.8799] | Recall [@1: 0.6565, @10: 0.8140, @100: 0.9155, @1000: 0.9750]
Epoch (Train) 26 Learner 2: Mean Loss [0.0199]
Epoch (Test) 26: NMI [0.8802] | Recall [@1: 0.6568, @10: 0.8142, @100: 0.9156, @1000: 0.9753]
Epoch (Train) 26 Learner 3: Mean Loss [0.0234]
Epoch (Test) 26: NMI [0.8803] | Recall [@1: 0.6560, @10: 0.8142, @100: 0.9158, @1000: 0.9757]
Epoch (Train) 26 Learner 4: Mean Loss [0.0229]
Epoch (Test) 26: NMI [0.8799] | Recall [@1: 0.6562, @10: 0.8138, @100: 0.9158, @1000: 0.9753]
Epoch (Train) 26 Learner 5: Mean Loss [0.0257]
Epoch (Test) 26: NMI [0.8801] | Recall [@1: 0.6566, @10: 0.8133, @100: 0.9155, @1000: 0.9751]
Epoch (Train) 26 Learner 6: Mean Loss [0.0198]
Epoch (Test) 26: NMI [0.8798] | Recall [@1: 0.6552, @10: 0.8121, @100: 0.9153, @1000: 0.9753]
Epoch (Train) 26 Learner 7: Mean Loss [0.0250]
Epoch (Test) 26: NMI [0.8800] | Recall [@1: 0.6583, @10: 0.8146, @100: 0.9162, @1000: 0.9754]
Epoch (Train) 27 Learner 0: Mean Loss [0.0186]
Epoch (Test) 27: NMI [0.8808] | Recall [@1: 0.6606, @10: 0.8161, @100: 0.9159, @1000: 0.9750]
Epoch (Train) 27 Learner 1: Mean Loss [0.0184]
Epoch (Test) 27: NMI [0.8808] | Recall [@1: 0.6614, @10: 0.8164, @100: 0.9160, @1000: 0.9747]
Epoch (Train) 27 Learner 2: Mean Loss [0.0257]
Epoch (Test) 27: NMI [0.8806] | Recall [@1: 0.6590, @10: 0.8163, @100: 0.9162, @1000: 0.9751]
Epoch (Train) 27 Learner 3: Mean Loss [0.0264]
Epoch (Test) 27: NMI [0.8809] | Recall [@1: 0.6594, @10: 0.8159, @100: 0.9163, @1000: 0.9756]
Epoch (Train) 27 Learner 4: Mean Loss [0.0191]
Epoch (Test) 27: NMI [0.8795] | Recall [@1: 0.6557, @10: 0.8143, @100: 0.9157, @1000: 0.9754]
Epoch (Train) 27 Learner 5: Mean Loss [0.0202]
Epoch (Test) 27: NMI [0.8799] | Recall [@1: 0.6568, @10: 0.8149, @100: 0.9165, @1000: 0.9753]
Epoch (Train) 27 Learner 6: Mean Loss [0.0223]
Epoch (Test) 27: NMI [0.8803] | Recall [@1: 0.6574, @10: 0.8150, @100: 0.9164, @1000: 0.9754]
Epoch (Train) 27 Learner 7: Mean Loss [0.0258]
Epoch (Test) 27: NMI [0.8804] | Recall [@1: 0.6583, @10: 0.8163, @100: 0.9172, @1000: 0.9757]
Epoch (Train) 28 Learner 0: Mean Loss [0.0204]
Epoch (Test) 28: NMI [0.8811] | Recall [@1: 0.6627, @10: 0.8172, @100: 0.9172, @1000: 0.9754]
Epoch (Train) 28 Learner 1: Mean Loss [0.0177]
Epoch (Test) 28: NMI [0.8808] | Recall [@1: 0.6597, @10: 0.8161, @100: 0.9167, @1000: 0.9757]
Epoch (Train) 28 Learner 2: Mean Loss [0.0234]
Epoch (Test) 28: NMI [0.8805] | Recall [@1: 0.6612, @10: 0.8177, @100: 0.9175, @1000: 0.9759]
Epoch (Train) 28 Learner 3: Mean Loss [0.0225]
Epoch (Test) 28: NMI [0.8803] | Recall [@1: 0.6595, @10: 0.8163, @100: 0.9168, @1000: 0.9759]
Epoch (Train) 28 Learner 4: Mean Loss [0.0184]
Epoch (Test) 28: NMI [0.8803] | Recall [@1: 0.6611, @10: 0.8161, @100: 0.9170, @1000: 0.9757]
Epoch (Train) 28 Learner 5: Mean Loss [0.0224]
Epoch (Test) 28: NMI [0.8802] | Recall [@1: 0.6574, @10: 0.8150, @100: 0.9161, @1000: 0.9756]
Epoch (Train) 28 Learner 6: Mean Loss [0.0208]
Epoch (Test) 28: NMI [0.8807] | Recall [@1: 0.6608, @10: 0.8172, @100: 0.9176, @1000: 0.9760]
Epoch (Train) 28 Learner 7: Mean Loss [0.0228]
Epoch (Test) 28: NMI [0.8805] | Recall [@1: 0.6600, @10: 0.8167, @100: 0.9173, @1000: 0.9758]
Epoch (Train) 29 Learner 0: Mean Loss [0.0177]
Epoch (Test) 29: NMI [0.8809] | Recall [@1: 0.6602, @10: 0.8173, @100: 0.9173, @1000: 0.9758]
Epoch (Train) 29 Learner 1: Mean Loss [0.0159]
Epoch (Test) 29: NMI [0.8803] | Recall [@1: 0.6587, @10: 0.8160, @100: 0.9165, @1000: 0.9754]
Epoch (Train) 29 Learner 2: Mean Loss [0.0204]
Epoch (Test) 29: NMI [0.8805] | Recall [@1: 0.6586, @10: 0.8162, @100: 0.9162, @1000: 0.9756]
Epoch (Train) 29 Learner 3: Mean Loss [0.0227]
Epoch (Test) 29: NMI [0.8810] | Recall [@1: 0.6617, @10: 0.8174, @100: 0.9179, @1000: 0.9762]
Epoch (Train) 29 Learner 4: Mean Loss [0.0172]
Epoch (Test) 29: NMI [0.8806] | Recall [@1: 0.6617, @10: 0.8167, @100: 0.9177, @1000: 0.9757]
Epoch (Train) 29 Learner 5: Mean Loss [0.0226]
Epoch (Test) 29: NMI [0.8801] | Recall [@1: 0.6579, @10: 0.8153, @100: 0.9169, @1000: 0.9759]
Epoch (Train) 29 Learner 6: Mean Loss [0.0188]
Epoch (Test) 29: NMI [0.8813] | Recall [@1: 0.6642, @10: 0.8186, @100: 0.9181, @1000: 0.9760]
Epoch (Train) 29 Learner 7: Mean Loss [0.0230]
Epoch (Test) 29: NMI [0.8805] | Recall [@1: 0.6590, @10: 0.8154, @100: 0.9164, @1000: 0.9761]
Epoch (Train) 30 Learner 0: Mean Loss [0.0200]
Epoch (Test) 30: NMI [0.8807] | Recall [@1: 0.6594, @10: 0.8163, @100: 0.9167, @1000: 0.9762]
Epoch (Train) 30 Learner 1: Mean Loss [0.0172]
Epoch (Test) 30: NMI [0.8809] | Recall [@1: 0.6631, @10: 0.8183, @100: 0.9177, @1000: 0.9762]
Epoch (Train) 30 Learner 2: Mean Loss [0.0205]
Epoch (Test) 30: NMI [0.8807] | Recall [@1: 0.6627, @10: 0.8187, @100: 0.9181, @1000: 0.9761]
Epoch (Train) 30 Learner 3: Mean Loss [0.0226]
Epoch (Test) 30: NMI [0.8803] | Recall [@1: 0.6617, @10: 0.8186, @100: 0.9175, @1000: 0.9761]
Epoch (Train) 30 Learner 4: Mean Loss [0.0167]
Epoch (Test) 30: NMI [0.8807] | Recall [@1: 0.6632, @10: 0.8193, @100: 0.9180, @1000: 0.9764]
Epoch (Train) 30 Learner 5: Mean Loss [0.0193]
Epoch (Test) 30: NMI [0.8814] | Recall [@1: 0.6656, @10: 0.8205, @100: 0.9185, @1000: 0.9763]
Epoch (Train) 30 Learner 6: Mean Loss [0.0189]
Epoch (Test) 30: NMI [0.8803] | Recall [@1: 0.6624, @10: 0.8178, @100: 0.9170, @1000: 0.9759]
Epoch (Train) 30 Learner 7: Mean Loss [0.0243]
Epoch (Test) 30: NMI [0.8804] | Recall [@1: 0.6620, @10: 0.8187, @100: 0.9170, @1000: 0.9761]
Epoch (Train) 31 Learner 0: Mean Loss [0.0162]
Epoch (Test) 31: NMI [0.8808] | Recall [@1: 0.6606, @10: 0.8177, @100: 0.9167, @1000: 0.9757]
Epoch (Train) 31 Learner 1: Mean Loss [0.0155]
Epoch (Test) 31: NMI [0.8815] | Recall [@1: 0.6652, @10: 0.8201, @100: 0.9182, @1000: 0.9761]
Epoch (Train) 31 Learner 2: Mean Loss [0.0176]
Epoch (Test) 31: NMI [0.8810] | Recall [@1: 0.6627, @10: 0.8201, @100: 0.9189, @1000: 0.9766]
Epoch (Train) 31 Learner 3: Mean Loss [0.0234]
Epoch (Test) 31: NMI [0.8814] | Recall [@1: 0.6633, @10: 0.8195, @100: 0.9192, @1000: 0.9768]
Epoch (Train) 31 Learner 4: Mean Loss [0.0161]
Epoch (Test) 31: NMI [0.8814] | Recall [@1: 0.6647, @10: 0.8200, @100: 0.9176, @1000: 0.9764]
Epoch (Train) 31 Learner 5: Mean Loss [0.0201]
Epoch (Test) 31: NMI [0.8808] | Recall [@1: 0.6636, @10: 0.8192, @100: 0.9182, @1000: 0.9768]
Epoch (Train) 31 Learner 6: Mean Loss [0.0195]
Epoch (Test) 31: NMI [0.8804] | Recall [@1: 0.6598, @10: 0.8165, @100: 0.9171, @1000: 0.9763]
Epoch (Train) 31 Learner 7: Mean Loss [0.0212]
Epoch (Test) 31: NMI [0.8806] | Recall [@1: 0.6597, @10: 0.8168, @100: 0.9183, @1000: 0.9765]
Epoch (Train) 32 Learner 0: Mean Loss [0.0162]
Epoch (Test) 32: NMI [0.8812] | Recall [@1: 0.6624, @10: 0.8183, @100: 0.9184, @1000: 0.9760]
Epoch (Train) 32 Learner 1: Mean Loss [0.0151]
Epoch (Test) 32: NMI [0.8804] | Recall [@1: 0.6603, @10: 0.8184, @100: 0.9181, @1000: 0.9757]
Epoch (Train) 32 Learner 2: Mean Loss [0.0189]
Epoch (Test) 32: NMI [0.8808] | Recall [@1: 0.6613, @10: 0.8174, @100: 0.9184, @1000: 0.9763]
Epoch (Train) 32 Learner 3: Mean Loss [0.0231]
Epoch (Test) 32: NMI [0.8805] | Recall [@1: 0.6621, @10: 0.8185, @100: 0.9183, @1000: 0.9763]
Epoch (Train) 32 Learner 4: Mean Loss [0.0160]
Epoch (Test) 32: NMI [0.8818] | Recall [@1: 0.6647, @10: 0.8195, @100: 0.9184, @1000: 0.9757]
Epoch (Train) 32 Learner 5: Mean Loss [0.0208]
Epoch (Test) 32: NMI [0.8813] | Recall [@1: 0.6639, @10: 0.8199, @100: 0.9189, @1000: 0.9765]
Epoch (Train) 32 Learner 6: Mean Loss [0.0189]
Epoch (Test) 32: NMI [0.8814] | Recall [@1: 0.6646, @10: 0.8208, @100: 0.9193, @1000: 0.9766]
Epoch (Train) 32 Learner 7: Mean Loss [0.0215]
Epoch (Test) 32: NMI [0.8818] | Recall [@1: 0.6660, @10: 0.8214, @100: 0.9196, @1000: 0.9765]
Epoch (Train) 33 Learner 0: Mean Loss [0.0154]
Epoch (Test) 33: NMI [0.8816] | Recall [@1: 0.6651, @10: 0.8212, @100: 0.9196, @1000: 0.9768]
Epoch (Train) 33 Learner 1: Mean Loss [0.0165]
Epoch (Test) 33: NMI [0.8819] | Recall [@1: 0.6664, @10: 0.8223, @100: 0.9200, @1000: 0.9766]
Epoch (Train) 33 Learner 2: Mean Loss [0.0203]
Epoch (Test) 33: NMI [0.8816] | Recall [@1: 0.6647, @10: 0.8200, @100: 0.9197, @1000: 0.9763]
Epoch (Train) 33 Learner 3: Mean Loss [0.0216]
Epoch (Test) 33: NMI [0.8812] | Recall [@1: 0.6632, @10: 0.8199, @100: 0.9199, @1000: 0.9770]
Epoch (Train) 33 Learner 4: Mean Loss [0.0163]
Epoch (Test) 33: NMI [0.8805] | Recall [@1: 0.6616, @10: 0.8195, @100: 0.9194, @1000: 0.9767]
Epoch (Train) 33 Learner 5: Mean Loss [0.0223]
Epoch (Test) 33: NMI [0.8812] | Recall [@1: 0.6643, @10: 0.8199, @100: 0.9194, @1000: 0.9764]
Epoch (Train) 33 Learner 6: Mean Loss [0.0172]
Epoch (Test) 33: NMI [0.8812] | Recall [@1: 0.6652, @10: 0.8207, @100: 0.9197, @1000: 0.9767]
Epoch (Train) 33 Learner 7: Mean Loss [0.0219]
Epoch (Test) 33: NMI [0.8819] | Recall [@1: 0.6677, @10: 0.8225, @100: 0.9203, @1000: 0.9765]
Epoch (Train) 34 Learner 0: Mean Loss [0.0184]
Epoch (Test) 34: NMI [0.8812] | Recall [@1: 0.6643, @10: 0.8198, @100: 0.9189, @1000: 0.9766]
Epoch (Train) 34 Learner 1: Mean Loss [0.0189]
Epoch (Test) 34: NMI [0.8812] | Recall [@1: 0.6663, @10: 0.8211, @100: 0.9199, @1000: 0.9766]
Epoch (Train) 34 Learner 2: Mean Loss [0.0172]
Epoch (Test) 34: NMI [0.8825] | Recall [@1: 0.6686, @10: 0.8225, @100: 0.9210, @1000: 0.9765]
Epoch (Train) 34 Learner 3: Mean Loss [0.0210]
Epoch (Test) 34: NMI [0.8816] | Recall [@1: 0.6656, @10: 0.8210, @100: 0.9197, @1000: 0.9761]
Epoch (Train) 34 Learner 4: Mean Loss [0.0174]
Epoch (Test) 34: NMI [0.8815] | Recall [@1: 0.6662, @10: 0.8219, @100: 0.9198, @1000: 0.9764]
Epoch (Train) 34 Learner 5: Mean Loss [0.0178]
Epoch (Test) 34: NMI [0.8812] | Recall [@1: 0.6642, @10: 0.8205, @100: 0.9198, @1000: 0.9764]
Epoch (Train) 34 Learner 6: Mean Loss [0.0181]
Epoch (Test) 34: NMI [0.8808] | Recall [@1: 0.6627, @10: 0.8196, @100: 0.9195, @1000: 0.9767]
Epoch (Train) 34 Learner 7: Mean Loss [0.0172]
Epoch (Test) 34: NMI [0.8809] | Recall [@1: 0.6619, @10: 0.8202, @100: 0.9196, @1000: 0.9767]
Epoch (Train) 35 Learner 0: Mean Loss [0.0157]
Epoch (Test) 35: NMI [0.8813] | Recall [@1: 0.6638, @10: 0.8198, @100: 0.9197, @1000: 0.9763]
Epoch (Train) 35 Learner 1: Mean Loss [0.0151]
Epoch (Test) 35: NMI [0.8822] | Recall [@1: 0.6682, @10: 0.8222, @100: 0.9203, @1000: 0.9763]
Epoch (Train) 35 Learner 2: Mean Loss [0.0187]
Epoch (Test) 35: NMI [0.8812] | Recall [@1: 0.6611, @10: 0.8191, @100: 0.9192, @1000: 0.9765]
Epoch (Train) 35 Learner 3: Mean Loss [0.0189]
Epoch (Test) 35: NMI [0.8808] | Recall [@1: 0.6636, @10: 0.8207, @100: 0.9198, @1000: 0.9767]
Epoch (Train) 35 Learner 4: Mean Loss [0.0160]
Epoch (Test) 35: NMI [0.8802] | Recall [@1: 0.6585, @10: 0.8171, @100: 0.9183, @1000: 0.9764]
Epoch (Train) 35 Learner 5: Mean Loss [0.0160]
Epoch (Test) 35: NMI [0.8809] | Recall [@1: 0.6631, @10: 0.8191, @100: 0.9186, @1000: 0.9763]
Epoch (Train) 35 Learner 6: Mean Loss [0.0160]
Epoch (Test) 35: NMI [0.8810] | Recall [@1: 0.6635, @10: 0.8194, @100: 0.9184, @1000: 0.9768]
Epoch (Train) 35 Learner 7: Mean Loss [0.0203]
Epoch (Test) 35: NMI [0.8808] | Recall [@1: 0.6619, @10: 0.8190, @100: 0.9186, @1000: 0.9764]
Epoch (Train) 36 Learner 0: Mean Loss [0.0144]
Epoch (Test) 36: NMI [0.8815] | Recall [@1: 0.6655, @10: 0.8213, @100: 0.9194, @1000: 0.9764]
Epoch (Train) 36 Learner 1: Mean Loss [0.0165]
Epoch (Test) 36: NMI [0.8806] | Recall [@1: 0.6598, @10: 0.8191, @100: 0.9183, @1000: 0.9771]
Epoch (Train) 36 Learner 2: Mean Loss [0.0174]
Epoch (Test) 36: NMI [0.8808] | Recall [@1: 0.6608, @10: 0.8185, @100: 0.9185, @1000: 0.9763]
Epoch (Train) 36 Learner 3: Mean Loss [0.0232]
Epoch (Test) 36: NMI [0.8812] | Recall [@1: 0.6633, @10: 0.8195, @100: 0.9190, @1000: 0.9768]
Epoch (Train) 36 Learner 4: Mean Loss [0.0173]
Epoch (Test) 36: NMI [0.8817] | Recall [@1: 0.6649, @10: 0.8217, @100: 0.9205, @1000: 0.9769]
Epoch (Train) 36 Learner 5: Mean Loss [0.0158]
Epoch (Test) 36: NMI [0.8815] | Recall [@1: 0.6653, @10: 0.8219, @100: 0.9204, @1000: 0.9767]
Epoch (Train) 36 Learner 6: Mean Loss [0.0154]
Epoch (Test) 36: NMI [0.8809] | Recall [@1: 0.6631, @10: 0.8197, @100: 0.9193, @1000: 0.9769]
Epoch (Train) 36 Learner 7: Mean Loss [0.0179]
Epoch (Test) 36: NMI [0.8810] | Recall [@1: 0.6642, @10: 0.8206, @100: 0.9197, @1000: 0.9770]
Epoch (Train) 37 Learner 0: Mean Loss [0.0148]
Epoch (Test) 37: NMI [0.8819] | Recall [@1: 0.6688, @10: 0.8230, @100: 0.9200, @1000: 0.9770]
Epoch (Train) 37 Learner 1: Mean Loss [0.0163]
Epoch (Test) 37: NMI [0.8819] | Recall [@1: 0.6688, @10: 0.8227, @100: 0.9206, @1000: 0.9770]
Epoch (Train) 37 Learner 2: Mean Loss [0.0179]
Epoch (Test) 37: NMI [0.8820] | Recall [@1: 0.6662, @10: 0.8215, @100: 0.9202, @1000: 0.9771]
Epoch (Train) 37 Learner 3: Mean Loss [0.0172]
Epoch (Test) 37: NMI [0.8813] | Recall [@1: 0.6641, @10: 0.8210, @100: 0.9197, @1000: 0.9769]
Epoch (Train) 37 Learner 4: Mean Loss [0.0138]
Epoch (Test) 37: NMI [0.8808] | Recall [@1: 0.6643, @10: 0.8198, @100: 0.9201, @1000: 0.9768]
Epoch (Train) 37 Learner 5: Mean Loss [0.0185]
Epoch (Test) 37: NMI [0.8807] | Recall [@1: 0.6625, @10: 0.8194, @100: 0.9194, @1000: 0.9768]
Epoch (Train) 37 Learner 6: Mean Loss [0.0152]
Epoch (Test) 37: NMI [0.8812] | Recall [@1: 0.6606, @10: 0.8190, @100: 0.9188, @1000: 0.9761]
Epoch (Train) 37 Learner 7: Mean Loss [0.0183]
Epoch (Test) 37: NMI [0.8820] | Recall [@1: 0.6651, @10: 0.8211, @100: 0.9199, @1000: 0.9768]
Epoch (Train) 38 Learner 0: Mean Loss [0.0152]
Epoch (Test) 38: NMI [0.8817] | Recall [@1: 0.6690, @10: 0.8242, @100: 0.9212, @1000: 0.9776]
Epoch (Train) 38 Learner 1: Mean Loss [0.0138]
Epoch (Test) 38: NMI [0.8821] | Recall [@1: 0.6653, @10: 0.8225, @100: 0.9199, @1000: 0.9771]
Epoch (Train) 38 Learner 2: Mean Loss [0.0167]
Epoch (Test) 38: NMI [0.8815] | Recall [@1: 0.6665, @10: 0.8226, @100: 0.9199, @1000: 0.9766]
Epoch (Train) 38 Learner 3: Mean Loss [0.0161]
Epoch (Test) 38: NMI [0.8815] | Recall [@1: 0.6669, @10: 0.8229, @100: 0.9202, @1000: 0.9770]
Epoch (Train) 38 Learner 4: Mean Loss [0.0152]
Epoch (Test) 38: NMI [0.8813] | Recall [@1: 0.6654, @10: 0.8230, @100: 0.9199, @1000: 0.9770]
Epoch (Train) 38 Learner 5: Mean Loss [0.0171]
Epoch (Test) 38: NMI [0.8817] | Recall [@1: 0.6668, @10: 0.8229, @100: 0.9199, @1000: 0.9769]
Epoch (Train) 38 Learner 6: Mean Loss [0.0152]
Epoch (Test) 38: NMI [0.8816] | Recall [@1: 0.6657, @10: 0.8219, @100: 0.9200, @1000: 0.9771]
Epoch (Train) 38 Learner 7: Mean Loss [0.0195]
Epoch (Test) 38: NMI [0.8820] | Recall [@1: 0.6687, @10: 0.8224, @100: 0.9208, @1000: 0.9766]
Epoch (Train) 39 Learner 0: Mean Loss [0.0163]
Epoch (Test) 39: NMI [0.8821] | Recall [@1: 0.6680, @10: 0.8235, @100: 0.9210, @1000: 0.9771]
Epoch (Train) 39 Learner 1: Mean Loss [0.0155]
Epoch (Test) 39: NMI [0.8814] | Recall [@1: 0.6669, @10: 0.8219, @100: 0.9207, @1000: 0.9770]
Epoch (Train) 39 Learner 2: Mean Loss [0.0172]
Epoch (Test) 39: NMI [0.8818] | Recall [@1: 0.6689, @10: 0.8237, @100: 0.9213, @1000: 0.9775]
Epoch (Train) 39 Learner 3: Mean Loss [0.0182]
Epoch (Test) 39: NMI [0.8806] | Recall [@1: 0.6647, @10: 0.8201, @100: 0.9203, @1000: 0.9770]
Epoch (Train) 39 Learner 4: Mean Loss [0.0144]
Epoch (Test) 39: NMI [0.8817] | Recall [@1: 0.6669, @10: 0.8225, @100: 0.9217, @1000: 0.9774]
Epoch (Train) 39 Learner 5: Mean Loss [0.0165]
Epoch (Test) 39: NMI [0.8817] | Recall [@1: 0.6673, @10: 0.8230, @100: 0.9215, @1000: 0.9771]
Epoch (Train) 39 Learner 6: Mean Loss [0.0138]
Epoch (Test) 39: NMI [0.8811] | Recall [@1: 0.6651, @10: 0.8216, @100: 0.9207, @1000: 0.9771]
Epoch (Train) 39 Learner 7: Mean Loss [0.0214]
Epoch (Test) 39: NMI [0.8814] | Recall [@1: 0.6664, @10: 0.8220, @100: 0.9208, @1000: 0.9771]
Epoch 40 : Clustering data
[faiss started]
[faiss ended]
num_elemnets_in_cluster: [5363 8518 8140 9825 5492 7414 8836 5932]
Epoch 40 : Done Clustering
Epoch (Train) 40 Learner 0: Mean Loss [0.0292]
Epoch (Test) 40: NMI [0.8820] | Recall [@1: 0.6695, @10: 0.8237, @100: 0.9212, @1000: 0.9769]
Epoch (Train) 40 Learner 1: Mean Loss [0.0331]
Epoch (Test) 40: NMI [0.8815] | Recall [@1: 0.6656, @10: 0.8213, @100: 0.9195, @1000: 0.9765]
Epoch (Train) 40 Learner 2: Mean Loss [0.0326]
Epoch (Test) 40: NMI [0.8818] | Recall [@1: 0.6644, @10: 0.8213, @100: 0.9202, @1000: 0.9765]
Epoch (Train) 40 Learner 3: Mean Loss [0.0299]
Epoch (Test) 40: NMI [0.8810] | Recall [@1: 0.6604, @10: 0.8186, @100: 0.9190, @1000: 0.9763]
Epoch (Train) 40 Learner 4: Mean Loss [0.0319]
Epoch (Test) 40: NMI [0.8804] | Recall [@1: 0.6573, @10: 0.8165, @100: 0.9175, @1000: 0.9755]
Epoch (Train) 40 Learner 5: Mean Loss [0.0318]
Epoch (Test) 40: NMI [0.8809] | Recall [@1: 0.6601, @10: 0.8182, @100: 0.9184, @1000: 0.9758]
Epoch (Train) 40 Learner 6: Mean Loss [0.0350]
Epoch (Test) 40: NMI [0.8811] | Recall [@1: 0.6621, @10: 0.8185, @100: 0.9196, @1000: 0.9761]
Epoch (Train) 40 Learner 7: Mean Loss [0.0271]
Epoch (Test) 40: NMI [0.8802] | Recall [@1: 0.6570, @10: 0.8168, @100: 0.9178, @1000: 0.9762]
Epoch (Train) 41 Learner 0: Mean Loss [0.0261]
Epoch (Test) 41: NMI [0.8810] | Recall [@1: 0.6601, @10: 0.8190, @100: 0.9195, @1000: 0.9766]
Epoch (Train) 41 Learner 1: Mean Loss [0.0287]
Epoch (Test) 41: NMI [0.8810] | Recall [@1: 0.6614, @10: 0.8194, @100: 0.9195, @1000: 0.9765]
Epoch (Train) 41 Learner 2: Mean Loss [0.0289]
Epoch (Test) 41: NMI [0.8817] | Recall [@1: 0.6638, @10: 0.8192, @100: 0.9199, @1000: 0.9762]
Epoch (Train) 41 Learner 3: Mean Loss [0.0281]
Epoch (Test) 41: NMI [0.8812] | Recall [@1: 0.6620, @10: 0.8180, @100: 0.9197, @1000: 0.9763]
Epoch (Train) 41 Learner 4: Mean Loss [0.0307]
Epoch (Test) 41: NMI [0.8808] | Recall [@1: 0.6571, @10: 0.8163, @100: 0.9190, @1000: 0.9762]
Epoch (Train) 41 Learner 5: Mean Loss [0.0317]
Epoch (Test) 41: NMI [0.8809] | Recall [@1: 0.6569, @10: 0.8164, @100: 0.9189, @1000: 0.9764]
Epoch (Train) 41 Learner 6: Mean Loss [0.0311]
Epoch (Test) 41: NMI [0.8816] | Recall [@1: 0.6614, @10: 0.8196, @100: 0.9206, @1000: 0.9771]
Epoch (Train) 41 Learner 7: Mean Loss [0.0258]
Epoch (Test) 41: NMI [0.8805] | Recall [@1: 0.6555, @10: 0.8165, @100: 0.9186, @1000: 0.9760]
Epoch (Train) 42 Learner 0: Mean Loss [0.0216]
Epoch (Test) 42: NMI [0.8816] | Recall [@1: 0.6612, @10: 0.8187, @100: 0.9198, @1000: 0.9766]
Epoch (Train) 42 Learner 1: Mean Loss [0.0261]
Epoch (Test) 42: NMI [0.8813] | Recall [@1: 0.6616, @10: 0.8178, @100: 0.9199, @1000: 0.9767]
Epoch (Train) 42 Learner 2: Mean Loss [0.0263]
Epoch (Test) 42: NMI [0.8811] | Recall [@1: 0.6594, @10: 0.8165, @100: 0.9189, @1000: 0.9763]
Epoch (Train) 42 Learner 3: Mean Loss [0.0273]
Epoch (Test) 42: NMI [0.8817] | Recall [@1: 0.6634, @10: 0.8196, @100: 0.9206, @1000: 0.9762]
Epoch (Train) 42 Learner 4: Mean Loss [0.0271]
Epoch (Test) 42: NMI [0.8815] | Recall [@1: 0.6604, @10: 0.8184, @100: 0.9196, @1000: 0.9762]
Epoch (Train) 42 Learner 5: Mean Loss [0.0300]
Epoch (Test) 42: NMI [0.8813] | Recall [@1: 0.6594, @10: 0.8175, @100: 0.9191, @1000: 0.9765]
Epoch (Train) 42 Learner 6: Mean Loss [0.0307]
Epoch (Test) 42: NMI [0.8815] | Recall [@1: 0.6614, @10: 0.8185, @100: 0.9193, @1000: 0.9765]
Epoch (Train) 42 Learner 7: Mean Loss [0.0264]
Epoch (Test) 42: NMI [0.8809] | Recall [@1: 0.6573, @10: 0.8169, @100: 0.9189, @1000: 0.9768]
Epoch (Train) 43 Learner 0: Mean Loss [0.0219]
Epoch (Test) 43: NMI [0.8810] | Recall [@1: 0.6567, @10: 0.8161, @100: 0.9190, @1000: 0.9764]
Epoch (Train) 43 Learner 1: Mean Loss [0.0257]
Epoch (Test) 43: NMI [0.8815] | Recall [@1: 0.6600, @10: 0.8195, @100: 0.9192, @1000: 0.9768]
Epoch (Train) 43 Learner 2: Mean Loss [0.0274]
Epoch (Test) 43: NMI [0.8803] | Recall [@1: 0.6559, @10: 0.8167, @100: 0.9185, @1000: 0.9766]
Epoch (Train) 43 Learner 3: Mean Loss [0.0251]
Epoch (Test) 43: NMI [0.8802] | Recall [@1: 0.6552, @10: 0.8147, @100: 0.9182, @1000: 0.9764]
Epoch (Train) 43 Learner 4: Mean Loss [0.0268]
Epoch (Test) 43: NMI [0.8809] | Recall [@1: 0.6582, @10: 0.8172, @100: 0.9192, @1000: 0.9763]
Epoch (Train) 43 Learner 5: Mean Loss [0.0278]
Epoch (Test) 43: NMI [0.8815] | Recall [@1: 0.6593, @10: 0.8171, @100: 0.9187, @1000: 0.9759]
Epoch (Train) 43 Learner 6: Mean Loss [0.0275]
Epoch (Test) 43: NMI [0.8799] | Recall [@1: 0.6526, @10: 0.8135, @100: 0.9176, @1000: 0.9766]
Epoch (Train) 43 Learner 7: Mean Loss [0.0233]
Epoch (Test) 43: NMI [0.8805] | Recall [@1: 0.6560, @10: 0.8153, @100: 0.9187, @1000: 0.9764]
Epoch (Train) 44 Learner 0: Mean Loss [0.0230]
Epoch (Test) 44: NMI [0.8809] | Recall [@1: 0.6583, @10: 0.8166, @100: 0.9197, @1000: 0.9767]
Epoch (Train) 44 Learner 1: Mean Loss [0.0254]
Epoch (Test) 44: NMI [0.8811] | Recall [@1: 0.6582, @10: 0.8175, @100: 0.9190, @1000: 0.9763]
Epoch (Train) 44 Learner 2: Mean Loss [0.0254]
Epoch (Test) 44: NMI [0.8813] | Recall [@1: 0.6589, @10: 0.8176, @100: 0.9192, @1000: 0.9761]
Epoch (Train) 44 Learner 3: Mean Loss [0.0251]
Epoch (Test) 44: NMI [0.8814] | Recall [@1: 0.6592, @10: 0.8187, @100: 0.9198, @1000: 0.9763]
Epoch (Train) 44 Learner 4: Mean Loss [0.0275]
Epoch (Test) 44: NMI [0.8815] | Recall [@1: 0.6604, @10: 0.8179, @100: 0.9190, @1000: 0.9759]
Epoch (Train) 44 Learner 5: Mean Loss [0.0255]
Epoch (Test) 44: NMI [0.8803] | Recall [@1: 0.6539, @10: 0.8140, @100: 0.9176, @1000: 0.9754]
Epoch (Train) 44 Learner 6: Mean Loss [0.0283]
Epoch (Test) 44: NMI [0.8814] | Recall [@1: 0.6590, @10: 0.8174, @100: 0.9196, @1000: 0.9762]
Epoch (Train) 44 Learner 7: Mean Loss [0.0221]
Epoch (Test) 44: NMI [0.8805] | Recall [@1: 0.6547, @10: 0.8148, @100: 0.9180, @1000: 0.9759]
Epoch (Train) 45 Learner 0: Mean Loss [0.0226]
Epoch (Test) 45: NMI [0.8812] | Recall [@1: 0.6598, @10: 0.8181, @100: 0.9195, @1000: 0.9765]
Epoch (Train) 45 Learner 1: Mean Loss [0.0248]
Epoch (Test) 45: NMI [0.8808] | Recall [@1: 0.6574, @10: 0.8160, @100: 0.9190, @1000: 0.9763]
Epoch (Train) 45 Learner 2: Mean Loss [0.0283]
Epoch (Test) 45: NMI [0.8812] | Recall [@1: 0.6598, @10: 0.8172, @100: 0.9198, @1000: 0.9764]
Epoch (Train) 45 Learner 3: Mean Loss [0.0230]
Epoch (Test) 45: NMI [0.8809] | Recall [@1: 0.6572, @10: 0.8161, @100: 0.9192, @1000: 0.9764]
Epoch (Train) 45 Learner 4: Mean Loss [0.0236]
Epoch (Test) 45: NMI [0.8809] | Recall [@1: 0.6590, @10: 0.8179, @100: 0.9203, @1000: 0.9765]
Epoch (Train) 45 Learner 5: Mean Loss [0.0247]
Epoch (Test) 45: NMI [0.8812] | Recall [@1: 0.6584, @10: 0.8170, @100: 0.9193, @1000: 0.9761]
Epoch (Train) 45 Learner 6: Mean Loss [0.0271]
Epoch (Test) 45: NMI [0.8808] | Recall [@1: 0.6592, @10: 0.8172, @100: 0.9192, @1000: 0.9760]
Epoch (Train) 45 Learner 7: Mean Loss [0.0250]
Epoch (Test) 45: NMI [0.8814] | Recall [@1: 0.6607, @10: 0.8182, @100: 0.9195, @1000: 0.9760]
Epoch (Train) 46 Learner 0: Mean Loss [0.0201]
Epoch (Test) 46: NMI [0.8814] | Recall [@1: 0.6602, @10: 0.8188, @100: 0.9200, @1000: 0.9764]
Epoch (Train) 46 Learner 1: Mean Loss [0.0242]
Epoch (Test) 46: NMI [0.8808] | Recall [@1: 0.6575, @10: 0.8169, @100: 0.9197, @1000: 0.9763]
Epoch (Train) 46 Learner 2: Mean Loss [0.0226]
Epoch (Test) 46: NMI [0.8816] | Recall [@1: 0.6594, @10: 0.8186, @100: 0.9196, @1000: 0.9761]
Epoch (Train) 46 Learner 3: Mean Loss [0.0242]
Epoch (Test) 46: NMI [0.8811] | Recall [@1: 0.6554, @10: 0.8163, @100: 0.9189, @1000: 0.9759]
Epoch (Train) 46 Learner 4: Mean Loss [0.0252]
Epoch (Test) 46: NMI [0.8808] | Recall [@1: 0.6545, @10: 0.8153, @100: 0.9182, @1000: 0.9757]
Epoch (Train) 46 Learner 5: Mean Loss [0.0219]
Epoch (Test) 46: NMI [0.8804] | Recall [@1: 0.6561, @10: 0.8159, @100: 0.9184, @1000: 0.9756]
Epoch (Train) 46 Learner 6: Mean Loss [0.0250]
Epoch (Test) 46: NMI [0.8808] | Recall [@1: 0.6552, @10: 0.8152, @100: 0.9185, @1000: 0.9756]
Epoch (Train) 46 Learner 7: Mean Loss [0.0185]
Epoch (Test) 46: NMI [0.8808] | Recall [@1: 0.6558, @10: 0.8160, @100: 0.9186, @1000: 0.9755]
Epoch (Train) 47 Learner 0: Mean Loss [0.0262]
Epoch (Test) 47: NMI [0.8806] | Recall [@1: 0.6556, @10: 0.8163, @100: 0.9198, @1000: 0.9760]
Epoch (Train) 47 Learner 1: Mean Loss [0.0226]
Epoch (Test) 47: NMI [0.8813] | Recall [@1: 0.6589, @10: 0.8185, @100: 0.9203, @1000: 0.9760]
Epoch (Train) 47 Learner 2: Mean Loss [0.0265]
Epoch (Test) 47: NMI [0.8804] | Recall [@1: 0.6543, @10: 0.8151, @100: 0.9187, @1000: 0.9756]
Epoch (Train) 47 Learner 3: Mean Loss [0.0223]
Epoch (Test) 47: NMI [0.8808] | Recall [@1: 0.6576, @10: 0.8177, @100: 0.9199, @1000: 0.9763]
Epoch (Train) 47 Learner 4: Mean Loss [0.0241]
Epoch (Test) 47: NMI [0.8809] | Recall [@1: 0.6578, @10: 0.8175, @100: 0.9187, @1000: 0.9763]
Epoch (Train) 47 Learner 5: Mean Loss [0.0212]
Epoch (Test) 47: NMI [0.8816] | Recall [@1: 0.6580, @10: 0.8178, @100: 0.9199, @1000: 0.9760]
Epoch (Train) 47 Learner 6: Mean Loss [0.0254]
Epoch (Test) 47: NMI [0.8806] | Recall [@1: 0.6565, @10: 0.8155, @100: 0.9186, @1000: 0.9759]
Epoch (Train) 47 Learner 7: Mean Loss [0.0208]
Epoch (Test) 47: NMI [0.8797] | Recall [@1: 0.6537, @10: 0.8149, @100: 0.9179, @1000: 0.9761]
Epoch (Train) 48 Learner 0: Mean Loss [0.0199]
Epoch (Test) 48: NMI [0.8801] | Recall [@1: 0.6542, @10: 0.8139, @100: 0.9181, @1000: 0.9760]
Epoch (Train) 48 Learner 1: Mean Loss [0.0245]
Epoch (Test) 48: NMI [0.8800] | Recall [@1: 0.6533, @10: 0.8131, @100: 0.9184, @1000: 0.9759]
Epoch (Train) 48 Learner 2: Mean Loss [0.0239]
Epoch (Test) 48: NMI [0.8801] | Recall [@1: 0.6557, @10: 0.8155, @100: 0.9193, @1000: 0.9763]
Epoch (Train) 48 Learner 3: Mean Loss [0.0235]
Epoch (Test) 48: NMI [0.8806] | Recall [@1: 0.6568, @10: 0.8161, @100: 0.9201, @1000: 0.9767]
Epoch (Train) 48 Learner 4: Mean Loss [0.0227]
Epoch (Test) 48: NMI [0.8806] | Recall [@1: 0.6556, @10: 0.8155, @100: 0.9196, @1000: 0.9765]
Epoch (Train) 48 Learner 5: Mean Loss [0.0219]
Epoch (Test) 48: NMI [0.8814] | Recall [@1: 0.6591, @10: 0.8171, @100: 0.9192, @1000: 0.9764]
Epoch (Train) 48 Learner 6: Mean Loss [0.0229]
Epoch (Test) 48: NMI [0.8817] | Recall [@1: 0.6608, @10: 0.8184, @100: 0.9201, @1000: 0.9761]
Epoch (Train) 48 Learner 7: Mean Loss [0.0232]
Epoch (Test) 48: NMI [0.8808] | Recall [@1: 0.6581, @10: 0.8178, @100: 0.9194, @1000: 0.9767]
Epoch (Train) 49 Learner 0: Mean Loss [0.0220]
Epoch (Test) 49: NMI [0.8813] | Recall [@1: 0.6594, @10: 0.8172, @100: 0.9190, @1000: 0.9764]
Epoch (Train) 49 Learner 1: Mean Loss [0.0215]
Epoch (Test) 49: NMI [0.8813] | Recall [@1: 0.6596, @10: 0.8185, @100: 0.9200, @1000: 0.9766]
Epoch (Train) 49 Learner 2: Mean Loss [0.0241]
Epoch (Test) 49: NMI [0.8808] | Recall [@1: 0.6571, @10: 0.8163, @100: 0.9188, @1000: 0.9761]
Epoch (Train) 49 Learner 3: Mean Loss [0.0225]
Epoch (Test) 49: NMI [0.8814] | Recall [@1: 0.6597, @10: 0.8178, @100: 0.9197, @1000: 0.9763]
Epoch (Train) 49 Learner 4: Mean Loss [0.0254]
Epoch (Test) 49: NMI [0.8819] | Recall [@1: 0.6606, @10: 0.8175, @100: 0.9193, @1000: 0.9760]
Epoch (Train) 49 Learner 5: Mean Loss [0.0219]
Epoch (Test) 49: NMI [0.8808] | Recall [@1: 0.6564, @10: 0.8173, @100: 0.9185, @1000: 0.9762]
Epoch (Train) 49 Learner 6: Mean Loss [0.0239]
Epoch (Test) 49: NMI [0.8806] | Recall [@1: 0.6571, @10: 0.8175, @100: 0.9190, @1000: 0.9766]
Epoch (Train) 49 Learner 7: Mean Loss [0.0202]
Epoch (Test) 49: NMI [0.8803] | Recall [@1: 0.6550, @10: 0.8168, @100: 0.9190, @1000: 0.9766]
Epoch (Train) 50 Learner 0: Mean Loss [0.0180]
Epoch (Test) 50: NMI [0.8805] | Recall [@1: 0.6543, @10: 0.8155, @100: 0.9182, @1000: 0.9765]
Epoch (Train) 50 Learner 1: Mean Loss [0.0235]
Epoch (Test) 50: NMI [0.8807] | Recall [@1: 0.6567, @10: 0.8166, @100: 0.9194, @1000: 0.9767]
Epoch (Train) 50 Learner 2: Mean Loss [0.0196]
Epoch (Test) 50: NMI [0.8810] | Recall [@1: 0.6573, @10: 0.8173, @100: 0.9193, @1000: 0.9766]
Epoch (Train) 50 Learner 3: Mean Loss [0.0209]
Epoch (Test) 50: NMI [0.8809] | Recall [@1: 0.6577, @10: 0.8173, @100: 0.9198, @1000: 0.9768]
Epoch (Train) 50 Learner 4: Mean Loss [0.0232]
Epoch (Test) 50: NMI [0.8810] | Recall [@1: 0.6582, @10: 0.8182, @100: 0.9203, @1000: 0.9766]
Epoch (Train) 50 Learner 5: Mean Loss [0.0204]
Epoch (Test) 50: NMI [0.8798] | Recall [@1: 0.6537, @10: 0.8151, @100: 0.9187, @1000: 0.9767]
Epoch (Train) 50 Learner 6: Mean Loss [0.0234]
Epoch (Test) 50: NMI [0.8814] | Recall [@1: 0.6589, @10: 0.8175, @100: 0.9197, @1000: 0.9765]
Epoch (Train) 50 Learner 7: Mean Loss [0.0191]
Epoch (Test) 50: NMI [0.8808] | Recall [@1: 0.6583, @10: 0.8183, @100: 0.9206, @1000: 0.9769]
Epoch (Train) 51 Learner 0: Mean Loss [0.0192]
Epoch (Test) 51: NMI [0.8809] | Recall [@1: 0.6565, @10: 0.8173, @100: 0.9203, @1000: 0.9769]
Epoch (Train) 51 Learner 1: Mean Loss [0.0206]
Epoch (Test) 51: NMI [0.8813] | Recall [@1: 0.6594, @10: 0.8186, @100: 0.9203, @1000: 0.9770]
Epoch (Train) 51 Learner 2: Mean Loss [0.0226]
Epoch (Test) 51: NMI [0.8798] | Recall [@1: 0.6536, @10: 0.8155, @100: 0.9192, @1000: 0.9763]
Epoch (Train) 51 Learner 3: Mean Loss [0.0194]
Epoch (Test) 51: NMI [0.8811] | Recall [@1: 0.6586, @10: 0.8193, @100: 0.9210, @1000: 0.9769]
Epoch (Train) 51 Learner 4: Mean Loss [0.0218]
Epoch (Test) 51: NMI [0.8810] | Recall [@1: 0.6573, @10: 0.8181, @100: 0.9202, @1000: 0.9767]
Epoch (Train) 51 Learner 5: Mean Loss [0.0180]
Epoch (Test) 51: NMI [0.8804] | Recall [@1: 0.6546, @10: 0.8166, @100: 0.9193, @1000: 0.9765]
Epoch (Train) 51 Learner 6: Mean Loss [0.0197]
Epoch (Test) 51: NMI [0.8807] | Recall [@1: 0.6585, @10: 0.8182, @100: 0.9201, @1000: 0.9767]
Epoch (Train) 51 Learner 7: Mean Loss [0.0227]
Epoch (Test) 51: NMI [0.8800] | Recall [@1: 0.6546, @10: 0.8173, @100: 0.9201, @1000: 0.9768]
Epoch (Train) 52 Learner 0: Mean Loss [0.0182]
Epoch (Test) 52: NMI [0.8800] | Recall [@1: 0.6537, @10: 0.8163, @100: 0.9192, @1000: 0.9765]
Epoch (Train) 52 Learner 1: Mean Loss [0.0212]
Epoch (Test) 52: NMI [0.8804] | Recall [@1: 0.6531, @10: 0.8165, @100: 0.9192, @1000: 0.9765]
Epoch (Train) 52 Learner 2: Mean Loss [0.0210]
Epoch (Test) 52: NMI [0.8803] | Recall [@1: 0.6555, @10: 0.8172, @100: 0.9196, @1000: 0.9766]
Epoch (Train) 52 Learner 3: Mean Loss [0.0200]
Epoch (Test) 52: NMI [0.8798] | Recall [@1: 0.6540, @10: 0.8161, @100: 0.9186, @1000: 0.9766]
Epoch (Train) 52 Learner 4: Mean Loss [0.0201]
Epoch (Test) 52: NMI [0.8814] | Recall [@1: 0.6601, @10: 0.8188, @100: 0.9196, @1000: 0.9764]
Epoch (Train) 52 Learner 5: Mean Loss [0.0216]
Epoch (Test) 52: NMI [0.8805] | Recall [@1: 0.6564, @10: 0.8174, @100: 0.9199, @1000: 0.9766]
Epoch (Train) 52 Learner 6: Mean Loss [0.0201]
Epoch (Test) 52: NMI [0.8803] | Recall [@1: 0.6575, @10: 0.8173, @100: 0.9193, @1000: 0.9763]
Epoch (Train) 52 Learner 7: Mean Loss [0.0154]
Epoch (Test) 52: NMI [0.8808] | Recall [@1: 0.6583, @10: 0.8188, @100: 0.9204, @1000: 0.9771]
Epoch (Train) 53 Learner 0: Mean Loss [0.0194]
Epoch (Test) 53: NMI [0.8800] | Recall [@1: 0.6563, @10: 0.8172, @100: 0.9194, @1000: 0.9770]
Epoch (Train) 53 Learner 1: Mean Loss [0.0211]
Epoch (Test) 53: NMI [0.8804] | Recall [@1: 0.6569, @10: 0.8169, @100: 0.9190, @1000: 0.9767]
Epoch (Train) 53 Learner 2: Mean Loss [0.0228]
Epoch (Test) 53: NMI [0.8806] | Recall [@1: 0.6601, @10: 0.8191, @100: 0.9206, @1000: 0.9772]
Epoch (Train) 53 Learner 3: Mean Loss [0.0191]
Epoch (Test) 53: NMI [0.8814] | Recall [@1: 0.6589, @10: 0.8184, @100: 0.9199, @1000: 0.9765]
Epoch (Train) 53 Learner 4: Mean Loss [0.0209]
Epoch (Test) 53: NMI [0.8800] | Recall [@1: 0.6545, @10: 0.8157, @100: 0.9188, @1000: 0.9762]
Epoch (Train) 53 Learner 5: Mean Loss [0.0198]
Epoch (Test) 53: NMI [0.8810] | Recall [@1: 0.6592, @10: 0.8186, @100: 0.9200, @1000: 0.9760]
Epoch (Train) 53 Learner 6: Mean Loss [0.0202]
Epoch (Test) 53: NMI [0.8813] | Recall [@1: 0.6607, @10: 0.8192, @100: 0.9203, @1000: 0.9765]
Epoch (Train) 53 Learner 7: Mean Loss [0.0179]
Epoch (Test) 53: NMI [0.8801] | Recall [@1: 0.6557, @10: 0.8165, @100: 0.9192, @1000: 0.9766]
Epoch (Train) 54 Learner 0: Mean Loss [0.0193]
Epoch (Test) 54: NMI [0.8809] | Recall [@1: 0.6571, @10: 0.8162, @100: 0.9194, @1000: 0.9764]
Epoch (Train) 54 Learner 1: Mean Loss [0.0186]
Epoch (Test) 54: NMI [0.8800] | Recall [@1: 0.6546, @10: 0.8146, @100: 0.9182, @1000: 0.9760]
Epoch (Train) 54 Learner 2: Mean Loss [0.0212]
Epoch (Test) 54: NMI [0.8806] | Recall [@1: 0.6578, @10: 0.8169, @100: 0.9197, @1000: 0.9765]
Epoch (Train) 54 Learner 3: Mean Loss [0.0193]
Epoch (Test) 54: NMI [0.8804] | Recall [@1: 0.6570, @10: 0.8168, @100: 0.9198, @1000: 0.9766]
Epoch (Train) 54 Learner 4: Mean Loss [0.0209]
Epoch (Test) 54: NMI [0.8805] | Recall [@1: 0.6568, @10: 0.8166, @100: 0.9199, @1000: 0.9765]
Epoch (Train) 54 Learner 5: Mean Loss [0.0182]
Epoch (Test) 54: NMI [0.8810] | Recall [@1: 0.6580, @10: 0.8177, @100: 0.9200, @1000: 0.9762]
Epoch (Train) 54 Learner 6: Mean Loss [0.0207]
Epoch (Test) 54: NMI [0.8807] | Recall [@1: 0.6549, @10: 0.8165, @100: 0.9190, @1000: 0.9761]
Epoch (Train) 54 Learner 7: Mean Loss [0.0178]
Epoch (Test) 54: NMI [0.8800] | Recall [@1: 0.6534, @10: 0.8164, @100: 0.9190, @1000: 0.9762]
Epoch (Train) 55 Learner 0: Mean Loss [0.0180]
Epoch (Test) 55: NMI [0.8804] | Recall [@1: 0.6544, @10: 0.8169, @100: 0.9200, @1000: 0.9765]
Epoch (Train) 55 Learner 1: Mean Loss [0.0200]
Epoch (Test) 55: NMI [0.8811] | Recall [@1: 0.6576, @10: 0.8178, @100: 0.9203, @1000: 0.9761]
Epoch (Train) 55 Learner 2: Mean Loss [0.0183]
Epoch (Test) 55: NMI [0.8801] | Recall [@1: 0.6547, @10: 0.8158, @100: 0.9192, @1000: 0.9762]
Epoch (Train) 55 Learner 3: Mean Loss [0.0187]
Epoch (Test) 55: NMI [0.8799] | Recall [@1: 0.6545, @10: 0.8159, @100: 0.9197, @1000: 0.9764]
Epoch (Train) 55 Learner 4: Mean Loss [0.0176]
Epoch (Test) 55: NMI [0.8798] | Recall [@1: 0.6515, @10: 0.8143, @100: 0.9187, @1000: 0.9761]
Epoch (Train) 55 Learner 5: Mean Loss [0.0185]
Epoch (Test) 55: NMI [0.8798] | Recall [@1: 0.6542, @10: 0.8157, @100: 0.9185, @1000: 0.9762]
Epoch (Train) 55 Learner 6: Mean Loss [0.0197]
Epoch (Test) 55: NMI [0.8807] | Recall [@1: 0.6552, @10: 0.8161, @100: 0.9196, @1000: 0.9762]
Epoch (Train) 55 Learner 7: Mean Loss [0.0173]
Epoch (Test) 55: NMI [0.8797] | Recall [@1: 0.6558, @10: 0.8152, @100: 0.9197, @1000: 0.9767]
Epoch (Train) 56 Learner 0: Mean Loss [0.0180]
Epoch (Test) 56: NMI [0.8804] | Recall [@1: 0.6571, @10: 0.8168, @100: 0.9201, @1000: 0.9763]
Epoch (Train) 56 Learner 1: Mean Loss [0.0183]
Epoch (Test) 56: NMI [0.8808] | Recall [@1: 0.6568, @10: 0.8174, @100: 0.9201, @1000: 0.9764]
Epoch (Train) 56 Learner 2: Mean Loss [0.0183]
Epoch (Test) 56: NMI [0.8802] | Recall [@1: 0.6564, @10: 0.8172, @100: 0.9201, @1000: 0.9767]
Epoch (Train) 56 Learner 3: Mean Loss [0.0187]
Epoch (Test) 56: NMI [0.8806] | Recall [@1: 0.6580, @10: 0.8179, @100: 0.9201, @1000: 0.9763]
Epoch (Train) 56 Learner 4: Mean Loss [0.0234]
Epoch (Test) 56: NMI [0.8815] | Recall [@1: 0.6592, @10: 0.8182, @100: 0.9204, @1000: 0.9768]
Epoch (Train) 56 Learner 5: Mean Loss [0.0173]
Epoch (Test) 56: NMI [0.8806] | Recall [@1: 0.6569, @10: 0.8170, @100: 0.9206, @1000: 0.9768]
Epoch (Train) 56 Learner 6: Mean Loss [0.0210]
Epoch (Test) 56: NMI [0.8807] | Recall [@1: 0.6583, @10: 0.8175, @100: 0.9210, @1000: 0.9767]
Epoch (Train) 56 Learner 7: Mean Loss [0.0167]
Epoch (Test) 56: NMI [0.8810] | Recall [@1: 0.6599, @10: 0.8189, @100: 0.9208, @1000: 0.9769]
Epoch (Train) 57 Learner 0: Mean Loss [0.0171]
Epoch (Test) 57: NMI [0.8802] | Recall [@1: 0.6580, @10: 0.8177, @100: 0.9209, @1000: 0.9770]
Epoch (Train) 57 Learner 1: Mean Loss [0.0198]
Epoch (Test) 57: NMI [0.8808] | Recall [@1: 0.6591, @10: 0.8190, @100: 0.9214, @1000: 0.9770]
Epoch (Train) 57 Learner 2: Mean Loss [0.0179]
Epoch (Test) 57: NMI [0.8805] | Recall [@1: 0.6548, @10: 0.8163, @100: 0.9192, @1000: 0.9763]
Epoch (Train) 57 Learner 3: Mean Loss [0.0192]
Epoch (Test) 57: NMI [0.8807] | Recall [@1: 0.6594, @10: 0.8191, @100: 0.9205, @1000: 0.9766]
Epoch (Train) 57 Learner 4: Mean Loss [0.0185]
Epoch (Test) 57: NMI [0.8804] | Recall [@1: 0.6571, @10: 0.8178, @100: 0.9198, @1000: 0.9764]
Epoch (Train) 57 Learner 5: Mean Loss [0.0180]
Epoch (Test) 57: NMI [0.8805] | Recall [@1: 0.6574, @10: 0.8174, @100: 0.9192, @1000: 0.9768]
Epoch (Train) 57 Learner 6: Mean Loss [0.0183]
Epoch (Test) 57: NMI [0.8805] | Recall [@1: 0.6577, @10: 0.8179, @100: 0.9200, @1000: 0.9764]
Epoch (Train) 57 Learner 7: Mean Loss [0.0162]
Epoch (Test) 57: NMI [0.8806] | Recall [@1: 0.6568, @10: 0.8168, @100: 0.9198, @1000: 0.9764]
Epoch (Train) 58 Learner 0: Mean Loss [0.0162]
Epoch (Test) 58: NMI [0.8803] | Recall [@1: 0.6579, @10: 0.8170, @100: 0.9199, @1000: 0.9767]
Epoch (Train) 58 Learner 1: Mean Loss [0.0192]
Epoch (Test) 58: NMI [0.8802] | Recall [@1: 0.6574, @10: 0.8173, @100: 0.9201, @1000: 0.9765]
Epoch (Train) 58 Learner 2: Mean Loss [0.0181]
Epoch (Test) 58: NMI [0.8810] | Recall [@1: 0.6602, @10: 0.8194, @100: 0.9210, @1000: 0.9765]
Epoch (Train) 58 Learner 3: Mean Loss [0.0184]
Epoch (Test) 58: NMI [0.8816] | Recall [@1: 0.6629, @10: 0.8204, @100: 0.9214, @1000: 0.9766]
Epoch (Train) 58 Learner 4: Mean Loss [0.0203]
Epoch (Test) 58: NMI [0.8805] | Recall [@1: 0.6571, @10: 0.8183, @100: 0.9209, @1000: 0.9766]
Epoch (Train) 58 Learner 5: Mean Loss [0.0166]
Epoch (Test) 58: NMI [0.8810] | Recall [@1: 0.6588, @10: 0.8183, @100: 0.9209, @1000: 0.9763]
Epoch (Train) 58 Learner 6: Mean Loss [0.0172]
Epoch (Test) 58: NMI [0.8809] | Recall [@1: 0.6570, @10: 0.8181, @100: 0.9202, @1000: 0.9763]
Epoch (Train) 58 Learner 7: Mean Loss [0.0203]
Epoch (Test) 58: NMI [0.8808] | Recall [@1: 0.6591, @10: 0.8196, @100: 0.9210, @1000: 0.9763]
Epoch (Train) 59 Learner 0: Mean Loss [0.0157]
Epoch (Test) 59: NMI [0.8813] | Recall [@1: 0.6590, @10: 0.8188, @100: 0.9204, @1000: 0.9758]
Epoch (Train) 59 Learner 1: Mean Loss [0.0209]
Epoch (Test) 59: NMI [0.8802] | Recall [@1: 0.6554, @10: 0.8163, @100: 0.9190, @1000: 0.9764]
Epoch (Train) 59 Learner 2: Mean Loss [0.0199]
Epoch (Test) 59: NMI [0.8810] | Recall [@1: 0.6596, @10: 0.8191, @100: 0.9205, @1000: 0.9767]
Epoch (Train) 59 Learner 3: Mean Loss [0.0199]
Epoch (Test) 59: NMI [0.8816] | Recall [@1: 0.6635, @10: 0.8211, @100: 0.9213, @1000: 0.9762]
Epoch (Train) 59 Learner 4: Mean Loss [0.0192]
Epoch (Test) 59: NMI [0.8815] | Recall [@1: 0.6616, @10: 0.8209, @100: 0.9213, @1000: 0.9766]
Epoch (Train) 59 Learner 5: Mean Loss [0.0176]
Epoch (Test) 59: NMI [0.8814] | Recall [@1: 0.6601, @10: 0.8192, @100: 0.9207, @1000: 0.9762]
Epoch (Train) 59 Learner 6: Mean Loss [0.0183]
Epoch (Test) 59: NMI [0.8804] | Recall [@1: 0.6557, @10: 0.8177, @100: 0.9201, @1000: 0.9762]
Epoch (Train) 59 Learner 7: Mean Loss [0.0185]
Epoch (Test) 59: NMI [0.8807] | Recall [@1: 0.6573, @10: 0.8180, @100: 0.9207, @1000: 0.9766]
Epoch 60 : Clustering data
[faiss started]
[faiss ended]
num_elemnets_in_cluster: [5860 7392 6353 9783 4286 8789 8722 8335]
Epoch 60 : Done Clustering
Epoch (Train) 60 Learner 0: Mean Loss [0.0270]
Epoch (Test) 60: NMI [0.8806] | Recall [@1: 0.6553, @10: 0.8163, @100: 0.9195, @1000: 0.9762]
Epoch (Train) 60 Learner 1: Mean Loss [0.0268]
Epoch (Test) 60: NMI [0.8808] | Recall [@1: 0.6555, @10: 0.8156, @100: 0.9184, @1000: 0.9752]
Epoch (Train) 60 Learner 2: Mean Loss [0.0234]
Epoch (Test) 60: NMI [0.8820] | Recall [@1: 0.6598, @10: 0.8169, @100: 0.9186, @1000: 0.9745]
Epoch (Train) 60 Learner 3: Mean Loss [0.0270]
Epoch (Test) 60: NMI [0.8816] | Recall [@1: 0.6586, @10: 0.8182, @100: 0.9198, @1000: 0.9752]
Epoch (Train) 60 Learner 4: Mean Loss [0.0278]
Epoch (Test) 60: NMI [0.8814] | Recall [@1: 0.6576, @10: 0.8179, @100: 0.9200, @1000: 0.9760]
Epoch (Train) 60 Learner 5: Mean Loss [0.0319]
Epoch (Test) 60: NMI [0.8815] | Recall [@1: 0.6593, @10: 0.8180, @100: 0.9197, @1000: 0.9755]
Epoch (Train) 60 Learner 6: Mean Loss [0.0283]
Epoch (Test) 60: NMI [0.8815] | Recall [@1: 0.6572, @10: 0.8173, @100: 0.9198, @1000: 0.9756]
Epoch (Train) 60 Learner 7: Mean Loss [0.0317]
Epoch (Test) 60: NMI [0.8821] | Recall [@1: 0.6603, @10: 0.8203, @100: 0.9209, @1000: 0.9763]
Epoch (Train) 61 Learner 0: Mean Loss [0.0253]
Epoch (Test) 61: NMI [0.8816] | Recall [@1: 0.6590, @10: 0.8192, @100: 0.9204, @1000: 0.9763]
Epoch (Train) 61 Learner 1: Mean Loss [0.0257]
Epoch (Test) 61: NMI [0.8824] | Recall [@1: 0.6627, @10: 0.8208, @100: 0.9207, @1000: 0.9758]
Epoch (Train) 61 Learner 2: Mean Loss [0.0287]
Epoch (Test) 61: NMI [0.8819] | Recall [@1: 0.6594, @10: 0.8181, @100: 0.9193, @1000: 0.9756]
Epoch (Train) 61 Learner 3: Mean Loss [0.0270]
Epoch (Test) 61: NMI [0.8811] | Recall [@1: 0.6548, @10: 0.8145, @100: 0.9170, @1000: 0.9748]
Epoch (Train) 61 Learner 4: Mean Loss [0.0249]
Epoch (Test) 61: NMI [0.8809] | Recall [@1: 0.6546, @10: 0.8143, @100: 0.9177, @1000: 0.9754]
Epoch (Train) 61 Learner 5: Mean Loss [0.0253]
Epoch (Test) 61: NMI [0.8802] | Recall [@1: 0.6526, @10: 0.8126, @100: 0.9157, @1000: 0.9749]
Epoch (Train) 61 Learner 6: Mean Loss [0.0271]
Epoch (Test) 61: NMI [0.8808] | Recall [@1: 0.6532, @10: 0.8136, @100: 0.9170, @1000: 0.9751]
Epoch (Train) 61 Learner 7: Mean Loss [0.0298]
Epoch (Test) 61: NMI [0.8813] | Recall [@1: 0.6540, @10: 0.8146, @100: 0.9178, @1000: 0.9755]
Epoch (Train) 62 Learner 0: Mean Loss [0.0244]
Epoch (Test) 62: NMI [0.8809] | Recall [@1: 0.6531, @10: 0.8136, @100: 0.9164, @1000: 0.9755]
Epoch (Train) 62 Learner 1: Mean Loss [0.0256]
Epoch (Test) 62: NMI [0.8814] | Recall [@1: 0.6560, @10: 0.8165, @100: 0.9181, @1000: 0.9756]
Epoch (Train) 62 Learner 2: Mean Loss [0.0269]
Epoch (Test) 62: NMI [0.8812] | Recall [@1: 0.6549, @10: 0.8155, @100: 0.9181, @1000: 0.9754]
Epoch (Train) 62 Learner 3: Mean Loss [0.0258]
Epoch (Test) 62: NMI [0.8805] | Recall [@1: 0.6522, @10: 0.8145, @100: 0.9173, @1000: 0.9754]
Epoch (Train) 62 Learner 4: Mean Loss [0.0219]
Epoch (Test) 62: NMI [0.8810] | Recall [@1: 0.6545, @10: 0.8158, @100: 0.9184, @1000: 0.9753]
Epoch (Train) 62 Learner 5: Mean Loss [0.0295]
Epoch (Test) 62: NMI [0.8812] | Recall [@1: 0.6537, @10: 0.8146, @100: 0.9179, @1000: 0.9756]
Epoch (Train) 62 Learner 6: Mean Loss [0.0254]
Epoch (Test) 62: NMI [0.8802] | Recall [@1: 0.6486, @10: 0.8107, @100: 0.9163, @1000: 0.9751]
Epoch (Train) 62 Learner 7: Mean Loss [0.0281]
Epoch (Test) 62: NMI [0.8809] | Recall [@1: 0.6526, @10: 0.8131, @100: 0.9174, @1000: 0.9755]
Epoch (Train) 63 Learner 0: Mean Loss [0.0239]
Epoch (Test) 63: NMI [0.8804] | Recall [@1: 0.6503, @10: 0.8104, @100: 0.9160, @1000: 0.9749]
Epoch (Train) 63 Learner 1: Mean Loss [0.0236]
Epoch (Test) 63: NMI [0.8794] | Recall [@1: 0.6471, @10: 0.8096, @100: 0.9154, @1000: 0.9751]
Epoch (Train) 63 Learner 2: Mean Loss [0.0250]
Epoch (Test) 63: NMI [0.8808] | Recall [@1: 0.6521, @10: 0.8128, @100: 0.9166, @1000: 0.9751]
Epoch (Train) 63 Learner 3: Mean Loss [0.0253]
Epoch (Test) 63: NMI [0.8808] | Recall [@1: 0.6509, @10: 0.8125, @100: 0.9164, @1000: 0.9748]
Epoch (Train) 63 Learner 4: Mean Loss [0.0236]
Epoch (Test) 63: NMI [0.8809] | Recall [@1: 0.6529, @10: 0.8125, @100: 0.9167, @1000: 0.9749]
Epoch (Train) 63 Learner 5: Mean Loss [0.0256]
Epoch (Test) 63: NMI [0.8809] | Recall [@1: 0.6527, @10: 0.8131, @100: 0.9170, @1000: 0.9752]
Epoch (Train) 63 Learner 6: Mean Loss [0.0262]
Epoch (Test) 63: NMI [0.8809] | Recall [@1: 0.6500, @10: 0.8113, @100: 0.9153, @1000: 0.9751]
Epoch (Train) 63 Learner 7: Mean Loss [0.0255]
Epoch (Test) 63: NMI [0.8794] | Recall [@1: 0.6480, @10: 0.8102, @100: 0.9158, @1000: 0.9756]
Epoch (Train) 64 Learner 0: Mean Loss [0.0216]
Epoch (Test) 64: NMI [0.8805] | Recall [@1: 0.6517, @10: 0.8124, @100: 0.9170, @1000: 0.9752]
Epoch (Train) 64 Learner 1: Mean Loss [0.0231]
Epoch (Test) 64: NMI [0.8801] | Recall [@1: 0.6507, @10: 0.8128, @100: 0.9172, @1000: 0.9759]
Epoch (Train) 64 Learner 2: Mean Loss [0.0225]
Epoch (Test) 64: NMI [0.8802] | Recall [@1: 0.6498, @10: 0.8124, @100: 0.9169, @1000: 0.9757]
Epoch (Train) 64 Learner 3: Mean Loss [0.0255]
Epoch (Test) 64: NMI [0.8805] | Recall [@1: 0.6499, @10: 0.8137, @100: 0.9171, @1000: 0.9756]
Epoch (Train) 64 Learner 4: Mean Loss [0.0252]
Epoch (Test) 64: NMI [0.8814] | Recall [@1: 0.6544, @10: 0.8150, @100: 0.9177, @1000: 0.9756]
Epoch (Train) 64 Learner 5: Mean Loss [0.0262]
Epoch (Test) 64: NMI [0.8807] | Recall [@1: 0.6524, @10: 0.8133, @100: 0.9174, @1000: 0.9759]
Epoch (Train) 64 Learner 6: Mean Loss [0.0259]
Epoch (Test) 64: NMI [0.8800] | Recall [@1: 0.6468, @10: 0.8098, @100: 0.9161, @1000: 0.9754]
Epoch (Train) 64 Learner 7: Mean Loss [0.0254]
Epoch (Test) 64: NMI [0.8813] | Recall [@1: 0.6547, @10: 0.8161, @100: 0.9186, @1000: 0.9758]
Epoch (Train) 65 Learner 0: Mean Loss [0.0235]
Epoch (Test) 65: NMI [0.8801] | Recall [@1: 0.6507, @10: 0.8137, @100: 0.9183, @1000: 0.9762]
Epoch (Train) 65 Learner 1: Mean Loss [0.0204]
Epoch (Test) 65: NMI [0.8802] | Recall [@1: 0.6503, @10: 0.8140, @100: 0.9181, @1000: 0.9763]
Epoch (Train) 65 Learner 2: Mean Loss [0.0208]
Epoch (Test) 65: NMI [0.8801] | Recall [@1: 0.6501, @10: 0.8128, @100: 0.9173, @1000: 0.9757]
Epoch (Train) 65 Learner 3: Mean Loss [0.0223]
Epoch (Test) 65: NMI [0.8799] | Recall [@1: 0.6470, @10: 0.8103, @100: 0.9163, @1000: 0.9753]
Epoch (Train) 65 Learner 4: Mean Loss [0.0252]
Epoch (Test) 65: NMI [0.8806] | Recall [@1: 0.6499, @10: 0.8121, @100: 0.9163, @1000: 0.9751]
Epoch (Train) 65 Learner 5: Mean Loss [0.0266]
Epoch (Test) 65: NMI [0.8804] | Recall [@1: 0.6503, @10: 0.8121, @100: 0.9176, @1000: 0.9755]
Epoch (Train) 65 Learner 6: Mean Loss [0.0240]
Epoch (Test) 65: NMI [0.8800] | Recall [@1: 0.6458, @10: 0.8089, @100: 0.9144, @1000: 0.9744]
Epoch (Train) 65 Learner 7: Mean Loss [0.0246]
Epoch (Test) 65: NMI [0.8796] | Recall [@1: 0.6473, @10: 0.8098, @100: 0.9159, @1000: 0.9756]
Epoch (Train) 66 Learner 0: Mean Loss [0.0242]
Epoch (Test) 66: NMI [0.8807] | Recall [@1: 0.6493, @10: 0.8115, @100: 0.9161, @1000: 0.9750]
Epoch (Train) 66 Learner 1: Mean Loss [0.0213]
Epoch (Test) 66: NMI [0.8803] | Recall [@1: 0.6507, @10: 0.8130, @100: 0.9172, @1000: 0.9758]
Epoch (Train) 66 Learner 2: Mean Loss [0.0237]
Epoch (Test) 66: NMI [0.8798] | Recall [@1: 0.6476, @10: 0.8114, @100: 0.9167, @1000: 0.9758]
Epoch (Train) 66 Learner 3: Mean Loss [0.0240]
Epoch (Test) 66: NMI [0.8807] | Recall [@1: 0.6526, @10: 0.8144, @100: 0.9180, @1000: 0.9759]
Epoch (Train) 66 Learner 4: Mean Loss [0.0191]
Epoch (Test) 66: NMI [0.8804] | Recall [@1: 0.6511, @10: 0.8134, @100: 0.9179, @1000: 0.9757]
Epoch (Train) 66 Learner 5: Mean Loss [0.0234]
Epoch (Test) 66: NMI [0.8800] | Recall [@1: 0.6502, @10: 0.8127, @100: 0.9175, @1000: 0.9755]
Epoch (Train) 66 Learner 6: Mean Loss [0.0241]
Epoch (Test) 66: NMI [0.8803] | Recall [@1: 0.6470, @10: 0.8098, @100: 0.9163, @1000: 0.9754]
Epoch (Train) 66 Learner 7: Mean Loss [0.0254]
Epoch (Test) 66: NMI [0.8798] | Recall [@1: 0.6459, @10: 0.8106, @100: 0.9174, @1000: 0.9765]
Epoch (Train) 67 Learner 0: Mean Loss [0.0239]
Epoch (Test) 67: NMI [0.8795] | Recall [@1: 0.6461, @10: 0.8088, @100: 0.9164, @1000: 0.9762]
Epoch (Train) 67 Learner 1: Mean Loss [0.0193]
Epoch (Test) 67: NMI [0.8805] | Recall [@1: 0.6520, @10: 0.8126, @100: 0.9173, @1000: 0.9762]
Epoch (Train) 67 Learner 2: Mean Loss [0.0213]
Epoch (Test) 67: NMI [0.8816] | Recall [@1: 0.6568, @10: 0.8148, @100: 0.9174, @1000: 0.9760]
Epoch (Train) 67 Learner 3: Mean Loss [0.0227]
Epoch (Test) 67: NMI [0.8804] | Recall [@1: 0.6520, @10: 0.8137, @100: 0.9179, @1000: 0.9760]
Epoch (Train) 67 Learner 4: Mean Loss [0.0209]
Epoch (Test) 67: NMI [0.8804] | Recall [@1: 0.6512, @10: 0.8133, @100: 0.9173, @1000: 0.9758]
Epoch (Train) 67 Learner 5: Mean Loss [0.0228]
Epoch (Test) 67: NMI [0.8808] | Recall [@1: 0.6534, @10: 0.8146, @100: 0.9183, @1000: 0.9762]
Epoch (Train) 67 Learner 6: Mean Loss [0.0210]
Epoch (Test) 67: NMI [0.8800] | Recall [@1: 0.6481, @10: 0.8111, @100: 0.9169, @1000: 0.9756]
Epoch (Train) 67 Learner 7: Mean Loss [0.0266]
Epoch (Test) 67: NMI [0.8805] | Recall [@1: 0.6525, @10: 0.8140, @100: 0.9185, @1000: 0.9761]
Epoch (Train) 68 Learner 0: Mean Loss [0.0206]
Epoch (Test) 68: NMI [0.8801] | Recall [@1: 0.6494, @10: 0.8123, @100: 0.9179, @1000: 0.9761]
Epoch (Train) 68 Learner 1: Mean Loss [0.0226]
Epoch (Test) 68: NMI [0.8802] | Recall [@1: 0.6507, @10: 0.8114, @100: 0.9175, @1000: 0.9759]
Epoch (Train) 68 Learner 2: Mean Loss [0.0231]
Epoch (Test) 68: NMI [0.8803] | Recall [@1: 0.6498, @10: 0.8116, @100: 0.9167, @1000: 0.9757]
Epoch (Train) 68 Learner 3: Mean Loss [0.0225]
Epoch (Test) 68: NMI [0.8807] | Recall [@1: 0.6538, @10: 0.8156, @100: 0.9187, @1000: 0.9760]
Epoch (Train) 68 Learner 4: Mean Loss [0.0235]
Epoch (Test) 68: NMI [0.8809] | Recall [@1: 0.6544, @10: 0.8148, @100: 0.9180, @1000: 0.9758]
Epoch (Train) 68 Learner 5: Mean Loss [0.0244]
Epoch (Test) 68: NMI [0.8808] | Recall [@1: 0.6566, @10: 0.8167, @100: 0.9185, @1000: 0.9759]
Epoch (Train) 68 Learner 6: Mean Loss [0.0234]
Epoch (Test) 68: NMI [0.8798] | Recall [@1: 0.6475, @10: 0.8103, @100: 0.9159, @1000: 0.9754]
Epoch (Train) 68 Learner 7: Mean Loss [0.0217]
Epoch (Test) 68: NMI [0.8802] | Recall [@1: 0.6486, @10: 0.8121, @100: 0.9167, @1000: 0.9756]
Epoch (Train) 69 Learner 0: Mean Loss [0.0180]
Epoch (Test) 69: NMI [0.8800] | Recall [@1: 0.6497, @10: 0.8124, @100: 0.9173, @1000: 0.9761]
Epoch (Train) 69 Learner 1: Mean Loss [0.0226]
Epoch (Test) 69: NMI [0.8808] | Recall [@1: 0.6530, @10: 0.8141, @100: 0.9180, @1000: 0.9761]
Epoch (Train) 69 Learner 2: Mean Loss [0.0262]
Epoch (Test) 69: NMI [0.8800] | Recall [@1: 0.6488, @10: 0.8118, @100: 0.9168, @1000: 0.9761]
Epoch (Train) 69 Learner 3: Mean Loss [0.0220]
Epoch (Test) 69: NMI [0.8804] | Recall [@1: 0.6513, @10: 0.8132, @100: 0.9169, @1000: 0.9757]
Epoch (Train) 69 Learner 4: Mean Loss [0.0208]
Epoch (Test) 69: NMI [0.8802] | Recall [@1: 0.6513, @10: 0.8133, @100: 0.9169, @1000: 0.9758]
Epoch (Train) 69 Learner 5: Mean Loss [0.0232]
Epoch (Test) 69: NMI [0.8802] | Recall [@1: 0.6483, @10: 0.8113, @100: 0.9165, @1000: 0.9754]
Epoch (Train) 69 Learner 6: Mean Loss [0.0199]
Epoch (Test) 69: NMI [0.8798] | Recall [@1: 0.6465, @10: 0.8102, @100: 0.9154, @1000: 0.9748]
Epoch (Train) 69 Learner 7: Mean Loss [0.0225]
Epoch (Test) 69: NMI [0.8799] | Recall [@1: 0.6474, @10: 0.8108, @100: 0.9166, @1000: 0.9759]
Epoch (Train) 70 Learner 0: Mean Loss [0.0211]
Epoch (Test) 70: NMI [0.8803] | Recall [@1: 0.6502, @10: 0.8121, @100: 0.9175, @1000: 0.9760]
Epoch (Train) 70 Learner 1: Mean Loss [0.0174]
Epoch (Test) 70: NMI [0.8806] | Recall [@1: 0.6527, @10: 0.8136, @100: 0.9183, @1000: 0.9760]
Epoch (Train) 70 Learner 2: Mean Loss [0.0199]
Epoch (Test) 70: NMI [0.8800] | Recall [@1: 0.6498, @10: 0.8120, @100: 0.9173, @1000: 0.9757]
Epoch (Train) 70 Learner 3: Mean Loss [0.0201]
Epoch (Test) 70: NMI [0.8802] | Recall [@1: 0.6505, @10: 0.8115, @100: 0.9158, @1000: 0.9752]
Epoch (Train) 70 Learner 4: Mean Loss [0.0203]
Epoch (Test) 70: NMI [0.8803] | Recall [@1: 0.6525, @10: 0.8126, @100: 0.9170, @1000: 0.9751]
Epoch (Train) 70 Learner 5: Mean Loss [0.0233]
Epoch (Test) 70: NMI [0.8810] | Recall [@1: 0.6540, @10: 0.8143, @100: 0.9174, @1000: 0.9755]
Epoch (Train) 70 Learner 6: Mean Loss [0.0227]
Epoch (Test) 70: NMI [0.8804] | Recall [@1: 0.6525, @10: 0.8132, @100: 0.9176, @1000: 0.9759]
Epoch (Train) 70 Learner 7: Mean Loss [0.0248]
Epoch (Test) 70: NMI [0.8800] | Recall [@1: 0.6503, @10: 0.8117, @100: 0.9164, @1000: 0.9757]
Epoch (Train) 71 Learner 0: Mean Loss [0.0194]
Epoch (Test) 71: NMI [0.8798] | Recall [@1: 0.6491, @10: 0.8110, @100: 0.9166, @1000: 0.9759]
Epoch (Train) 71 Learner 1: Mean Loss [0.0194]
Epoch (Test) 71: NMI [0.8799] | Recall [@1: 0.6477, @10: 0.8103, @100: 0.9164, @1000: 0.9756]
Epoch (Train) 71 Learner 2: Mean Loss [0.0229]
Epoch (Test) 71: NMI [0.8807] | Recall [@1: 0.6526, @10: 0.8126, @100: 0.9174, @1000: 0.9764]
Epoch (Train) 71 Learner 3: Mean Loss [0.0214]
Epoch (Test) 71: NMI [0.8802] | Recall [@1: 0.6503, @10: 0.8117, @100: 0.9170, @1000: 0.9759]
Epoch (Train) 71 Learner 4: Mean Loss [0.0220]
Epoch (Test) 71: NMI [0.8794] | Recall [@1: 0.6486, @10: 0.8108, @100: 0.9166, @1000: 0.9761]
Epoch (Train) 71 Learner 5: Mean Loss [0.0190]
Epoch (Test) 71: NMI [0.8795] | Recall [@1: 0.6460, @10: 0.8091, @100: 0.9162, @1000: 0.9760]
Epoch (Train) 71 Learner 6: Mean Loss [0.0194]
Epoch (Test) 71: NMI [0.8798] | Recall [@1: 0.6476, @10: 0.8107, @100: 0.9156, @1000: 0.9754]
Epoch (Train) 71 Learner 7: Mean Loss [0.0228]
Epoch (Test) 71: NMI [0.8799] | Recall [@1: 0.6492, @10: 0.8108, @100: 0.9164, @1000: 0.9755]
Epoch (Train) 72 Learner 0: Mean Loss [0.0192]
Epoch (Test) 72: NMI [0.8790] | Recall [@1: 0.6432, @10: 0.8071, @100: 0.9148, @1000: 0.9748]
Epoch (Train) 72 Learner 1: Mean Loss [0.0180]
Epoch (Test) 72: NMI [0.8799] | Recall [@1: 0.6506, @10: 0.8111, @100: 0.9168, @1000: 0.9753]
Epoch (Train) 72 Learner 2: Mean Loss [0.0190]
Epoch (Test) 72: NMI [0.8805] | Recall [@1: 0.6523, @10: 0.8126, @100: 0.9171, @1000: 0.9758]
Epoch (Train) 72 Learner 3: Mean Loss [0.0193]
Epoch (Test) 72: NMI [0.8800] | Recall [@1: 0.6506, @10: 0.8132, @100: 0.9187, @1000: 0.9763]
Epoch (Train) 72 Learner 4: Mean Loss [0.0183]
Epoch (Test) 72: NMI [0.8798] | Recall [@1: 0.6495, @10: 0.8121, @100: 0.9176, @1000: 0.9760]
Epoch (Train) 72 Learner 5: Mean Loss [0.0202]
Epoch (Test) 72: NMI [0.8805] | Recall [@1: 0.6527, @10: 0.8126, @100: 0.9174, @1000: 0.9761]
Epoch (Train) 72 Learner 6: Mean Loss [0.0200]
Epoch (Test) 72: NMI [0.8800] | Recall [@1: 0.6510, @10: 0.8126, @100: 0.9177, @1000: 0.9759]
Epoch (Train) 72 Learner 7: Mean Loss [0.0205]
Epoch (Test) 72: NMI [0.8806] | Recall [@1: 0.6521, @10: 0.8125, @100: 0.9174, @1000: 0.9758]
Epoch (Train) 73 Learner 0: Mean Loss [0.0212]
Epoch (Test) 73: NMI [0.8792] | Recall [@1: 0.6469, @10: 0.8091, @100: 0.9165, @1000: 0.9766]
Epoch (Train) 73 Learner 1: Mean Loss [0.0184]
Epoch (Test) 73: NMI [0.8797] | Recall [@1: 0.6498, @10: 0.8109, @100: 0.9169, @1000: 0.9761]
Epoch (Train) 73 Learner 2: Mean Loss [0.0189]
Epoch (Test) 73: NMI [0.8802] | Recall [@1: 0.6516, @10: 0.8123, @100: 0.9171, @1000: 0.9759]
Epoch (Train) 73 Learner 3: Mean Loss [0.0173]
Epoch (Test) 73: NMI [0.8799] | Recall [@1: 0.6508, @10: 0.8121, @100: 0.9175, @1000: 0.9762]
Epoch (Train) 73 Learner 4: Mean Loss [0.0159]
Epoch (Test) 73: NMI [0.8802] | Recall [@1: 0.6532, @10: 0.8141, @100: 0.9181, @1000: 0.9762]
Epoch (Train) 73 Learner 5: Mean Loss [0.0225]
Epoch (Test) 73: NMI [0.8799] | Recall [@1: 0.6512, @10: 0.8133, @100: 0.9177, @1000: 0.9760]
Epoch (Train) 73 Learner 6: Mean Loss [0.0220]
Epoch (Test) 73: NMI [0.8800] | Recall [@1: 0.6491, @10: 0.8116, @100: 0.9165, @1000: 0.9755]
Epoch (Train) 73 Learner 7: Mean Loss [0.0195]
Epoch (Test) 73: NMI [0.8802] | Recall [@1: 0.6494, @10: 0.8115, @100: 0.9167, @1000: 0.9752]
Epoch (Train) 74 Learner 0: Mean Loss [0.0180]
Epoch (Test) 74: NMI [0.8797] | Recall [@1: 0.6470, @10: 0.8110, @100: 0.9173, @1000: 0.9758]
Epoch (Train) 74 Learner 1: Mean Loss [0.0191]
Epoch (Test) 74: NMI [0.8793] | Recall [@1: 0.6448, @10: 0.8092, @100: 0.9159, @1000: 0.9755]
Epoch (Train) 74 Learner 2: Mean Loss [0.0198]
Epoch (Test) 74: NMI [0.8800] | Recall [@1: 0.6496, @10: 0.8120, @100: 0.9166, @1000: 0.9752]
Epoch (Train) 74 Learner 3: Mean Loss [0.0194]
Epoch (Test) 74: NMI [0.8800] | Recall [@1: 0.6500, @10: 0.8119, @100: 0.9177, @1000: 0.9756]
Epoch (Train) 74 Learner 4: Mean Loss [0.0166]
Epoch (Test) 74: NMI [0.8795] | Recall [@1: 0.6495, @10: 0.8115, @100: 0.9176, @1000: 0.9758]
Epoch (Train) 74 Learner 5: Mean Loss [0.0243]
Epoch (Test) 74: NMI [0.8804] | Recall [@1: 0.6520, @10: 0.8133, @100: 0.9181, @1000: 0.9760]
Epoch (Train) 74 Learner 6: Mean Loss [0.0207]
Epoch (Test) 74: NMI [0.8804] | Recall [@1: 0.6538, @10: 0.8134, @100: 0.9177, @1000: 0.9762]
Epoch (Train) 74 Learner 7: Mean Loss [0.0202]
Epoch (Test) 74: NMI [0.8800] | Recall [@1: 0.6506, @10: 0.8113, @100: 0.9168, @1000: 0.9753]
Epoch (Train) 75 Learner 0: Mean Loss [0.0190]
Epoch (Test) 75: NMI [0.8804] | Recall [@1: 0.6506, @10: 0.8122, @100: 0.9166, @1000: 0.9759]
Epoch (Train) 75 Learner 1: Mean Loss [0.0184]
Epoch (Test) 75: NMI [0.8803] | Recall [@1: 0.6526, @10: 0.8131, @100: 0.9178, @1000: 0.9758]
Epoch (Train) 75 Learner 2: Mean Loss [0.0164]
Epoch (Test) 75: NMI [0.8803] | Recall [@1: 0.6526, @10: 0.8136, @100: 0.9176, @1000: 0.9757]
Epoch (Train) 75 Learner 3: Mean Loss [0.0179]
Epoch (Test) 75: NMI [0.8809] | Recall [@1: 0.6538, @10: 0.8143, @100: 0.9180, @1000: 0.9761]
Epoch (Train) 75 Learner 4: Mean Loss [0.0171]
Epoch (Test) 75: NMI [0.8815] | Recall [@1: 0.6565, @10: 0.8162, @100: 0.9185, @1000: 0.9760]
Epoch (Train) 75 Learner 5: Mean Loss [0.0204]
Epoch (Test) 75: NMI [0.8808] | Recall [@1: 0.6541, @10: 0.8143, @100: 0.9183, @1000: 0.9759]
Epoch (Train) 75 Learner 6: Mean Loss [0.0200]
Epoch (Test) 75: NMI [0.8807] | Recall [@1: 0.6523, @10: 0.8141, @100: 0.9173, @1000: 0.9757]
Epoch (Train) 75 Learner 7: Mean Loss [0.0210]
Epoch (Test) 75: NMI [0.8803] | Recall [@1: 0.6505, @10: 0.8126, @100: 0.9173, @1000: 0.9759]
Epoch (Train) 76 Learner 0: Mean Loss [0.0176]
Epoch (Test) 76: NMI [0.8797] | Recall [@1: 0.6490, @10: 0.8117, @100: 0.9163, @1000: 0.9758]
Epoch (Train) 76 Learner 1: Mean Loss [0.0181]
Epoch (Test) 76: NMI [0.8797] | Recall [@1: 0.6484, @10: 0.8116, @100: 0.9166, @1000: 0.9761]
Epoch (Train) 76 Learner 2: Mean Loss [0.0169]
Epoch (Test) 76: NMI [0.8800] | Recall [@1: 0.6515, @10: 0.8136, @100: 0.9179, @1000: 0.9761]
Epoch (Train) 76 Learner 3: Mean Loss [0.0186]
Epoch (Test) 76: NMI [0.8794] | Recall [@1: 0.6479, @10: 0.8110, @100: 0.9170, @1000: 0.9757]
Epoch (Train) 76 Learner 4: Mean Loss [0.0171]
Epoch (Test) 76: NMI [0.8799] | Recall [@1: 0.6500, @10: 0.8116, @100: 0.9168, @1000: 0.9760]
Epoch (Train) 76 Learner 5: Mean Loss [0.0227]
Epoch (Test) 76: NMI [0.8808] | Recall [@1: 0.6543, @10: 0.8142, @100: 0.9186, @1000: 0.9757]
Epoch (Train) 76 Learner 6: Mean Loss [0.0195]
Epoch (Test) 76: NMI [0.8804] | Recall [@1: 0.6534, @10: 0.8139, @100: 0.9178, @1000: 0.9759]
Epoch (Train) 76 Learner 7: Mean Loss [0.0177]
Epoch (Test) 76: NMI [0.8800] | Recall [@1: 0.6528, @10: 0.8136, @100: 0.9175, @1000: 0.9753]
Epoch (Train) 77 Learner 0: Mean Loss [0.0174]
Epoch (Test) 77: NMI [0.8789] | Recall [@1: 0.6472, @10: 0.8109, @100: 0.9166, @1000: 0.9754]
Epoch (Train) 77 Learner 1: Mean Loss [0.0168]
Epoch (Test) 77: NMI [0.8807] | Recall [@1: 0.6524, @10: 0.8136, @100: 0.9177, @1000: 0.9758]
Epoch (Train) 77 Learner 2: Mean Loss [0.0168]
Epoch (Test) 77: NMI [0.8797] | Recall [@1: 0.6502, @10: 0.8120, @100: 0.9172, @1000: 0.9760]
Epoch (Train) 77 Learner 3: Mean Loss [0.0161]
Epoch (Test) 77: NMI [0.8804] | Recall [@1: 0.6514, @10: 0.8123, @100: 0.9178, @1000: 0.9759]
Epoch (Train) 77 Learner 4: Mean Loss [0.0161]
Epoch (Test) 77: NMI [0.8800] | Recall [@1: 0.6512, @10: 0.8127, @100: 0.9173, @1000: 0.9761]
Epoch (Train) 77 Learner 5: Mean Loss [0.0200]
Epoch (Test) 77: NMI [0.8810] | Recall [@1: 0.6542, @10: 0.8130, @100: 0.9180, @1000: 0.9759]
Epoch (Train) 77 Learner 6: Mean Loss [0.0189]
Epoch (Test) 77: NMI [0.8801] | Recall [@1: 0.6518, @10: 0.8115, @100: 0.9175, @1000: 0.9759]
Epoch (Train) 77 Learner 7: Mean Loss [0.0227]
Epoch (Test) 77: NMI [0.8799] | Recall [@1: 0.6514, @10: 0.8123, @100: 0.9170, @1000: 0.9757]
Epoch (Train) 78 Learner 0: Mean Loss [0.0161]
Epoch (Test) 78: NMI [0.8797] | Recall [@1: 0.6504, @10: 0.8121, @100: 0.9174, @1000: 0.9757]
Epoch (Train) 78 Learner 1: Mean Loss [0.0167]
Epoch (Test) 78: NMI [0.8795] | Recall [@1: 0.6506, @10: 0.8117, @100: 0.9166, @1000: 0.9758]
Epoch (Train) 78 Learner 2: Mean Loss [0.0174]
Epoch (Test) 78: NMI [0.8794] | Recall [@1: 0.6493, @10: 0.8109, @100: 0.9169, @1000: 0.9754]
Epoch (Train) 78 Learner 3: Mean Loss [0.0174]
Epoch (Test) 78: NMI [0.8795] | Recall [@1: 0.6510, @10: 0.8126, @100: 0.9173, @1000: 0.9759]
Epoch (Train) 78 Learner 4: Mean Loss [0.0174]
Epoch (Test) 78: NMI [0.8792] | Recall [@1: 0.6469, @10: 0.8101, @100: 0.9157, @1000: 0.9752]
Epoch (Train) 78 Learner 5: Mean Loss [0.0192]
Epoch (Test) 78: NMI [0.8802] | Recall [@1: 0.6496, @10: 0.8121, @100: 0.9166, @1000: 0.9755]
Epoch (Train) 78 Learner 6: Mean Loss [0.0187]
Epoch (Test) 78: NMI [0.8798] | Recall [@1: 0.6499, @10: 0.8120, @100: 0.9167, @1000: 0.9752]
Epoch (Train) 78 Learner 7: Mean Loss [0.0208]
Epoch (Test) 78: NMI [0.8801] | Recall [@1: 0.6516, @10: 0.8124, @100: 0.9176, @1000: 0.9763]
Epoch (Train) 79 Learner 0: Mean Loss [0.0160]
Epoch (Test) 79: NMI [0.8802] | Recall [@1: 0.6526, @10: 0.8130, @100: 0.9185, @1000: 0.9761]
Epoch (Train) 79 Learner 1: Mean Loss [0.0162]
Epoch (Test) 79: NMI [0.8809] | Recall [@1: 0.6525, @10: 0.8129, @100: 0.9175, @1000: 0.9759]
Epoch (Train) 79 Learner 2: Mean Loss [0.0166]
Epoch (Test) 79: NMI [0.8810] | Recall [@1: 0.6530, @10: 0.8139, @100: 0.9176, @1000: 0.9758]
Epoch (Train) 79 Learner 3: Mean Loss [0.0183]
Epoch (Test) 79: NMI [0.8801] | Recall [@1: 0.6509, @10: 0.8124, @100: 0.9180, @1000: 0.9763]
Epoch (Train) 79 Learner 4: Mean Loss [0.0155]
Epoch (Test) 79: NMI [0.8803] | Recall [@1: 0.6519, @10: 0.8136, @100: 0.9183, @1000: 0.9762]
Epoch (Train) 79 Learner 5: Mean Loss [0.0175]
Epoch (Test) 79: NMI [0.8805] | Recall [@1: 0.6527, @10: 0.8130, @100: 0.9177, @1000: 0.9757]
Epoch (Train) 79 Learner 6: Mean Loss [0.0199]
Epoch (Test) 79: NMI [0.8805] | Recall [@1: 0.6498, @10: 0.8114, @100: 0.9164, @1000: 0.9756]
Epoch (Train) 79 Learner 7: Mean Loss [0.0192]
Epoch (Test) 79: NMI [0.8797] | Recall [@1: 0.6458, @10: 0.8090, @100: 0.9153, @1000: 0.9754]
