==========================================
SLURM_JOB_ID = 129315
SLURM_NODELIST = gnode37
SLURM_JOB_GPUS = 0,1,2,3
==========================================
using faiss for clustering
Getting pretrained weights...
Done.
Epoch (Train) 0 Learner -1: Mean Loss [0.4341]
Epoch (Test) 0: NMI [0.4713] | Recall [@1: 0.2799, @2: 0.3917, @4: 0.5035, @8: 0.6217]
Epoch (Train) 1 Learner -1: Mean Loss [0.4225]
Epoch (Test) 1: NMI [0.5197] | Recall [@1: 0.3410, @2: 0.4616, @4: 0.5808, @8: 0.6987]
Epoch (Train) 2 Learner -1: Mean Loss [0.4205]
Epoch (Test) 2: NMI [0.5369] | Recall [@1: 0.3822, @2: 0.5104, @4: 0.6314, @8: 0.7447]
Epoch (Train) 3 Learner -1: Mean Loss [0.4179]
Epoch (Test) 3: NMI [0.5584] | Recall [@1: 0.4186, @2: 0.5456, @4: 0.6677, @8: 0.7780]
Epoch (Train) 4 Learner -1: Mean Loss [0.4155]
Epoch (Test) 4: NMI [0.5762] | Recall [@1: 0.4412, @2: 0.5698, @4: 0.6906, @8: 0.7948]
Epoch (Train) 5 Learner -1: Mean Loss [0.4159]
Epoch (Test) 5: NMI [0.5923] | Recall [@1: 0.4635, @2: 0.6010, @4: 0.7216, @8: 0.8204]
Epoch (Train) 6 Learner -1: Mean Loss [0.4116]
Epoch (Test) 6: NMI [0.6069] | Recall [@1: 0.4924, @2: 0.6181, @4: 0.7299, @8: 0.8283]
Epoch (Train) 7 Learner -1: Mean Loss [0.4108]
Epoch (Test) 7: NMI [0.6221] | Recall [@1: 0.5037, @2: 0.6367, @4: 0.7446, @8: 0.8409]
Epoch (Train) 8 Learner -1: Mean Loss [0.4111]
Epoch (Test) 8: NMI [0.6316] | Recall [@1: 0.5195, @2: 0.6545, @4: 0.7661, @8: 0.8541]
Epoch (Train) 9 Learner -1: Mean Loss [0.4077]
Epoch (Test) 9: NMI [0.6381] | Recall [@1: 0.5360, @2: 0.6668, @4: 0.7756, @8: 0.8591]
Epoch 10 : Clustering data
[faiss started]
[faiss ended]
num_elemnets_in_cluster: [2690 2035 1844 1511]
Epoch 10 : Done Clustering
Epoch (Train) 10 Learner 0: Mean Loss [0.4315]
Epoch (Test) 10: NMI [0.6141] | Recall [@1: 0.4915, @2: 0.6313, @4: 0.7449, @8: 0.8365]
Epoch (Train) 10 Learner 1: Mean Loss [0.4356]
Epoch (Test) 10: NMI [0.6002] | Recall [@1: 0.4865, @2: 0.6188, @4: 0.7309, @8: 0.8244]
Epoch (Train) 10 Learner 2: Mean Loss [0.4352]
Epoch (Test) 10: NMI [0.6063] | Recall [@1: 0.5142, @2: 0.6400, @4: 0.7509, @8: 0.8452]
Epoch (Train) 10 Learner 3: Mean Loss [0.4339]
Epoch (Test) 10: NMI [0.6076] | Recall [@1: 0.4973, @2: 0.6244, @4: 0.7461, @8: 0.8399]
Epoch (Train) 11 Learner 0: Mean Loss [0.4150]
Epoch (Test) 11: NMI [0.6137] | Recall [@1: 0.5224, @2: 0.6532, @4: 0.7645, @8: 0.8475]
Epoch (Train) 11 Learner 1: Mean Loss [0.4060]
Epoch (Test) 11: NMI [0.6199] | Recall [@1: 0.5142, @2: 0.6436, @4: 0.7586, @8: 0.8467]
Epoch (Train) 11 Learner 2: Mean Loss [0.4238]
Epoch (Test) 11: NMI [0.6156] | Recall [@1: 0.5239, @2: 0.6540, @4: 0.7595, @8: 0.8436]
Epoch (Train) 11 Learner 3: Mean Loss [0.4119]
Epoch (Test) 11: NMI [0.6136] | Recall [@1: 0.5090, @2: 0.6374, @4: 0.7502, @8: 0.8392]
Epoch (Train) 12 Learner 0: Mean Loss [0.4142]
Epoch (Test) 12: NMI [0.6205] | Recall [@1: 0.5119, @2: 0.6472, @4: 0.7574, @8: 0.8474]
Epoch (Train) 12 Learner 1: Mean Loss [0.3944]
Epoch (Test) 12: NMI [0.6260] | Recall [@1: 0.5287, @2: 0.6523, @4: 0.7671, @8: 0.8495]
Epoch (Train) 12 Learner 2: Mean Loss [0.4006]
Epoch (Test) 12: NMI [0.6260] | Recall [@1: 0.5253, @2: 0.6493, @4: 0.7651, @8: 0.8513]
Epoch (Train) 12 Learner 3: Mean Loss [0.3959]
Epoch (Test) 12: NMI [0.6283] | Recall [@1: 0.5318, @2: 0.6581, @4: 0.7712, @8: 0.8550]
Epoch (Train) 13 Learner 0: Mean Loss [0.3881]
Epoch (Test) 13: NMI [0.6316] | Recall [@1: 0.5324, @2: 0.6629, @4: 0.7718, @8: 0.8541]
Epoch (Train) 13 Learner 1: Mean Loss [0.3710]
Epoch (Test) 13: NMI [0.6348] | Recall [@1: 0.5438, @2: 0.6677, @4: 0.7768, @8: 0.8623]
Epoch (Train) 13 Learner 2: Mean Loss [0.3972]
Epoch (Test) 13: NMI [0.6349] | Recall [@1: 0.5412, @2: 0.6670, @4: 0.7773, @8: 0.8602]
Epoch (Train) 13 Learner 3: Mean Loss [0.3602]
Epoch (Test) 13: NMI [0.6392] | Recall [@1: 0.5534, @2: 0.6789, @4: 0.7845, @8: 0.8630]
Epoch (Train) 14 Learner 0: Mean Loss [0.3723]
Epoch (Test) 14: NMI [0.6385] | Recall [@1: 0.5353, @2: 0.6726, @4: 0.7775, @8: 0.8634]
Epoch (Train) 14 Learner 1: Mean Loss [0.3694]
Epoch (Test) 14: NMI [0.6371] | Recall [@1: 0.5432, @2: 0.6711, @4: 0.7811, @8: 0.8628]
Epoch (Train) 14 Learner 2: Mean Loss [0.3762]
Epoch (Test) 14: NMI [0.6414] | Recall [@1: 0.5524, @2: 0.6737, @4: 0.7847, @8: 0.8649]
Epoch (Train) 14 Learner 3: Mean Loss [0.3563]
Epoch (Test) 14: NMI [0.6367] | Recall [@1: 0.5396, @2: 0.6616, @4: 0.7687, @8: 0.8530]
Epoch (Train) 15 Learner 0: Mean Loss [0.3707]
Epoch (Test) 15: NMI [0.6491] | Recall [@1: 0.5494, @2: 0.6753, @4: 0.7888, @8: 0.8630]
Epoch (Train) 15 Learner 1: Mean Loss [0.3586]
Epoch (Test) 15: NMI [0.6531] | Recall [@1: 0.5498, @2: 0.6740, @4: 0.7844, @8: 0.8647]
Epoch (Train) 15 Learner 2: Mean Loss [0.3449]
Epoch (Test) 15: NMI [0.6514] | Recall [@1: 0.5542, @2: 0.6800, @4: 0.7861, @8: 0.8663]
Epoch (Train) 15 Learner 3: Mean Loss [0.3405]
Epoch (Test) 15: NMI [0.6526] | Recall [@1: 0.5517, @2: 0.6872, @4: 0.7890, @8: 0.8674]
Epoch (Train) 16 Learner 0: Mean Loss [0.3543]
Epoch (Test) 16: NMI [0.6534] | Recall [@1: 0.5580, @2: 0.6865, @4: 0.7866, @8: 0.8683]
Epoch (Train) 16 Learner 1: Mean Loss [0.3345]
Epoch (Test) 16: NMI [0.6487] | Recall [@1: 0.5514, @2: 0.6823, @4: 0.7891, @8: 0.8698]
Epoch (Train) 16 Learner 2: Mean Loss [0.3366]
Epoch (Test) 16: NMI [0.6537] | Recall [@1: 0.5538, @2: 0.6861, @4: 0.7911, @8: 0.8692]
Epoch (Train) 16 Learner 3: Mean Loss [0.3212]
Epoch (Test) 16: NMI [0.6555] | Recall [@1: 0.5571, @2: 0.6890, @4: 0.7927, @8: 0.8713]
Epoch (Train) 17 Learner 0: Mean Loss [0.3449]
Epoch (Test) 17: NMI [0.6582] | Recall [@1: 0.5557, @2: 0.6888, @4: 0.7954, @8: 0.8714]
Epoch (Train) 17 Learner 1: Mean Loss [0.3311]
Epoch (Test) 17: NMI [0.6548] | Recall [@1: 0.5532, @2: 0.6875, @4: 0.7900, @8: 0.8698]
Epoch (Train) 17 Learner 2: Mean Loss [0.3191]
Epoch (Test) 17: NMI [0.6565] | Recall [@1: 0.5558, @2: 0.6876, @4: 0.7912, @8: 0.8720]
Epoch (Train) 17 Learner 3: Mean Loss [0.3060]
Epoch (Test) 17: NMI [0.6536] | Recall [@1: 0.5548, @2: 0.6857, @4: 0.7917, @8: 0.8722]
Epoch (Train) 18 Learner 0: Mean Loss [0.3316]
Epoch (Test) 18: NMI [0.6546] | Recall [@1: 0.5590, @2: 0.6877, @4: 0.7927, @8: 0.8725]
Epoch (Train) 18 Learner 1: Mean Loss [0.3327]
Epoch (Test) 18: NMI [0.6574] | Recall [@1: 0.5558, @2: 0.6856, @4: 0.7918, @8: 0.8717]
Epoch (Train) 18 Learner 2: Mean Loss [0.3101]
Epoch (Test) 18: NMI [0.6566] | Recall [@1: 0.5547, @2: 0.6854, @4: 0.7938, @8: 0.8720]
Epoch (Train) 18 Learner 3: Mean Loss [0.3040]
Epoch (Test) 18: NMI [0.6573] | Recall [@1: 0.5593, @2: 0.6877, @4: 0.7942, @8: 0.8717]
Epoch (Train) 19 Learner 0: Mean Loss [0.3255]
Epoch (Test) 19: NMI [0.6565] | Recall [@1: 0.5599, @2: 0.6885, @4: 0.7952, @8: 0.8732]
Epoch (Train) 19 Learner 1: Mean Loss [0.3225]
Epoch (Test) 19: NMI [0.6541] | Recall [@1: 0.5604, @2: 0.6900, @4: 0.7928, @8: 0.8720]
Epoch (Train) 19 Learner 2: Mean Loss [0.3059]
Epoch (Test) 19: NMI [0.6558] | Recall [@1: 0.5600, @2: 0.6881, @4: 0.7919, @8: 0.8712]
Epoch (Train) 19 Learner 3: Mean Loss [0.3082]
Epoch (Test) 19: NMI [0.6574] | Recall [@1: 0.5550, @2: 0.6870, @4: 0.7929, @8: 0.8717]
Epoch 20 : Clustering data
[faiss started]
[faiss ended]
num_elemnets_in_cluster: [1690 2362 2180 1848]
Epoch 20 : Done Clustering
Epoch (Train) 20 Learner 0: Mean Loss [0.4002]
Epoch (Test) 20: NMI [0.6576] | Recall [@1: 0.5595, @2: 0.6887, @4: 0.7948, @8: 0.8715]
Epoch (Train) 20 Learner 1: Mean Loss [0.4199]
Epoch (Test) 20: NMI [0.6576] | Recall [@1: 0.5619, @2: 0.6905, @4: 0.7959, @8: 0.8758]
Epoch (Train) 20 Learner 2: Mean Loss [0.4167]
Epoch (Test) 20: NMI [0.6588] | Recall [@1: 0.5620, @2: 0.6932, @4: 0.7965, @8: 0.8756]
Epoch (Train) 20 Learner 3: Mean Loss [0.4233]
Epoch (Test) 20: NMI [0.6574] | Recall [@1: 0.5606, @2: 0.6915, @4: 0.7962, @8: 0.8770]
Epoch (Train) 21 Learner 0: Mean Loss [0.4056]
Epoch (Test) 21: NMI [0.6607] | Recall [@1: 0.5636, @2: 0.6925, @4: 0.7959, @8: 0.8766]
Epoch (Train) 21 Learner 1: Mean Loss [0.4159]
Epoch (Test) 21: NMI [0.6593] | Recall [@1: 0.5636, @2: 0.6920, @4: 0.7967, @8: 0.8758]
Epoch (Train) 21 Learner 2: Mean Loss [0.4066]
Epoch (Test) 21: NMI [0.6608] | Recall [@1: 0.5651, @2: 0.6910, @4: 0.7953, @8: 0.8763]
Epoch (Train) 21 Learner 3: Mean Loss [0.4096]
Epoch (Test) 21: NMI [0.6614] | Recall [@1: 0.5654, @2: 0.6902, @4: 0.7952, @8: 0.8753]
Epoch (Train) 22 Learner 0: Mean Loss [0.3998]
Epoch (Test) 22: NMI [0.6614] | Recall [@1: 0.5629, @2: 0.6913, @4: 0.7974, @8: 0.8768]
Epoch (Train) 22 Learner 1: Mean Loss [0.4003]
Epoch (Test) 22: NMI [0.6642] | Recall [@1: 0.5626, @2: 0.6949, @4: 0.7992, @8: 0.8766]
Epoch (Train) 22 Learner 2: Mean Loss [0.4046]
Epoch (Test) 22: NMI [0.6637] | Recall [@1: 0.5645, @2: 0.6947, @4: 0.7982, @8: 0.8771]
Epoch (Train) 22 Learner 3: Mean Loss [0.4105]
Epoch (Test) 22: NMI [0.6618] | Recall [@1: 0.5659, @2: 0.6944, @4: 0.7994, @8: 0.8780]
Epoch (Train) 23 Learner 0: Mean Loss [0.3920]
Epoch (Test) 23: NMI [0.6639] | Recall [@1: 0.5635, @2: 0.6931, @4: 0.7974, @8: 0.8768]
Epoch (Train) 23 Learner 1: Mean Loss [0.4022]
Epoch (Test) 23: NMI [0.6639] | Recall [@1: 0.5634, @2: 0.6933, @4: 0.8000, @8: 0.8775]
Epoch (Train) 23 Learner 2: Mean Loss [0.4091]
Epoch (Test) 23: NMI [0.6628] | Recall [@1: 0.5661, @2: 0.6937, @4: 0.7989, @8: 0.8756]
Epoch (Train) 23 Learner 3: Mean Loss [0.4141]
Epoch (Test) 23: NMI [0.6662] | Recall [@1: 0.5687, @2: 0.6963, @4: 0.8009, @8: 0.8774]
Epoch (Train) 24 Learner 0: Mean Loss [0.3821]
Epoch (Test) 24: NMI [0.6637] | Recall [@1: 0.5683, @2: 0.6968, @4: 0.8000, @8: 0.8799]
Epoch (Train) 24 Learner 1: Mean Loss [0.3991]
Epoch (Test) 24: NMI [0.6610] | Recall [@1: 0.5683, @2: 0.6959, @4: 0.7993, @8: 0.8786]
Epoch (Train) 24 Learner 2: Mean Loss [0.3972]
Epoch (Test) 24: NMI [0.6635] | Recall [@1: 0.5722, @2: 0.6984, @4: 0.8005, @8: 0.8802]
Epoch (Train) 24 Learner 3: Mean Loss [0.3924]
Epoch (Test) 24: NMI [0.6635] | Recall [@1: 0.5691, @2: 0.6979, @4: 0.8004, @8: 0.8784]
Epoch (Train) 25 Learner 0: Mean Loss [0.3923]
Epoch (Test) 25: NMI [0.6655] | Recall [@1: 0.5686, @2: 0.6987, @4: 0.8008, @8: 0.8779]
Epoch (Train) 25 Learner 1: Mean Loss [0.4070]
Epoch (Test) 25: NMI [0.6645] | Recall [@1: 0.5665, @2: 0.6976, @4: 0.8021, @8: 0.8764]
Epoch (Train) 25 Learner 2: Mean Loss [0.4053]
Epoch (Test) 25: NMI [0.6615] | Recall [@1: 0.5698, @2: 0.6985, @4: 0.8019, @8: 0.8785]
Epoch (Train) 25 Learner 3: Mean Loss [0.3990]
Epoch (Test) 25: NMI [0.6618] | Recall [@1: 0.5701, @2: 0.6992, @4: 0.8019, @8: 0.8778]
Epoch (Train) 26 Learner 0: Mean Loss [0.3876]
Epoch (Test) 26: NMI [0.6641] | Recall [@1: 0.5701, @2: 0.7003, @4: 0.8029, @8: 0.8786]
Epoch (Train) 26 Learner 1: Mean Loss [0.3972]
Epoch (Test) 26: NMI [0.6628] | Recall [@1: 0.5697, @2: 0.6967, @4: 0.8025, @8: 0.8782]
Epoch (Train) 26 Learner 2: Mean Loss [0.3991]
Epoch (Test) 26: NMI [0.6663] | Recall [@1: 0.5734, @2: 0.6993, @4: 0.8046, @8: 0.8806]
Epoch (Train) 26 Learner 3: Mean Loss [0.3894]
Epoch (Test) 26: NMI [0.6675] | Recall [@1: 0.5746, @2: 0.6997, @4: 0.8030, @8: 0.8802]
Epoch (Train) 27 Learner 0: Mean Loss [0.3856]
Epoch (Test) 27: NMI [0.6642] | Recall [@1: 0.5734, @2: 0.6999, @4: 0.8033, @8: 0.8786]
Epoch (Train) 27 Learner 1: Mean Loss [0.3963]
Epoch (Test) 27: NMI [0.6652] | Recall [@1: 0.5717, @2: 0.6977, @4: 0.8046, @8: 0.8801]
Epoch (Train) 27 Learner 2: Mean Loss [0.3962]
Epoch (Test) 27: NMI [0.6663] | Recall [@1: 0.5746, @2: 0.6983, @4: 0.8036, @8: 0.8821]
Epoch (Train) 27 Learner 3: Mean Loss [0.3881]
Epoch (Test) 27: NMI [0.6673] | Recall [@1: 0.5743, @2: 0.7005, @4: 0.8049, @8: 0.8796]
Epoch (Train) 28 Learner 0: Mean Loss [0.3650]
Epoch (Test) 28: NMI [0.6674] | Recall [@1: 0.5733, @2: 0.7019, @4: 0.8048, @8: 0.8810]
Epoch (Train) 28 Learner 1: Mean Loss [0.3916]
Epoch (Test) 28: NMI [0.6659] | Recall [@1: 0.5711, @2: 0.7007, @4: 0.8069, @8: 0.8816]
Epoch (Train) 28 Learner 2: Mean Loss [0.3974]
Epoch (Test) 28: NMI [0.6664] | Recall [@1: 0.5718, @2: 0.6982, @4: 0.8061, @8: 0.8816]
Epoch (Train) 28 Learner 3: Mean Loss [0.3906]
Epoch (Test) 28: NMI [0.6642] | Recall [@1: 0.5716, @2: 0.7013, @4: 0.8046, @8: 0.8814]
Epoch (Train) 29 Learner 0: Mean Loss [0.3653]
Epoch (Test) 29: NMI [0.6652] | Recall [@1: 0.5707, @2: 0.6994, @4: 0.8046, @8: 0.8816]
Epoch (Train) 29 Learner 1: Mean Loss [0.3873]
Epoch (Test) 29: NMI [0.6689] | Recall [@1: 0.5713, @2: 0.6993, @4: 0.8048, @8: 0.8796]
Epoch (Train) 29 Learner 2: Mean Loss [0.3897]
Epoch (Test) 29: NMI [0.6646] | Recall [@1: 0.5711, @2: 0.6993, @4: 0.8036, @8: 0.8804]
Epoch (Train) 29 Learner 3: Mean Loss [0.3781]
Epoch (Test) 29: NMI [0.6709] | Recall [@1: 0.5702, @2: 0.7012, @4: 0.8041, @8: 0.8806]
Epoch 30 : Clustering data
[faiss started]
[faiss ended]
num_elemnets_in_cluster: [1625 2004 2133 2318]
Epoch 30 : Done Clustering
Epoch (Train) 30 Learner 0: Mean Loss [0.4065]
Epoch (Test) 30: NMI [0.6663] | Recall [@1: 0.5698, @2: 0.6998, @4: 0.8059, @8: 0.8791]
Epoch (Train) 30 Learner 1: Mean Loss [0.4042]
Epoch (Test) 30: NMI [0.6669] | Recall [@1: 0.5741, @2: 0.7008, @4: 0.8066, @8: 0.8830]
Epoch (Train) 30 Learner 2: Mean Loss [0.4090]
Epoch (Test) 30: NMI [0.6668] | Recall [@1: 0.5765, @2: 0.7034, @4: 0.8076, @8: 0.8816]
Epoch (Train) 30 Learner 3: Mean Loss [0.4148]
Epoch (Test) 30: NMI [0.6684] | Recall [@1: 0.5752, @2: 0.7031, @4: 0.8077, @8: 0.8811]
Epoch (Train) 31 Learner 0: Mean Loss [0.4102]
Epoch (Test) 31: NMI [0.6659] | Recall [@1: 0.5752, @2: 0.7045, @4: 0.8064, @8: 0.8816]
Epoch (Train) 31 Learner 1: Mean Loss [0.4048]
Epoch (Test) 31: NMI [0.6657] | Recall [@1: 0.5733, @2: 0.7024, @4: 0.8115, @8: 0.8805]
Epoch (Train) 31 Learner 2: Mean Loss [0.4161]
Epoch (Test) 31: NMI [0.6686] | Recall [@1: 0.5773, @2: 0.7031, @4: 0.8082, @8: 0.8847]
Epoch (Train) 31 Learner 3: Mean Loss [0.4028]
Epoch (Test) 31: NMI [0.6668] | Recall [@1: 0.5756, @2: 0.7028, @4: 0.8066, @8: 0.8816]
Epoch (Train) 32 Learner 0: Mean Loss [0.3875]
Epoch (Test) 32: NMI [0.6683] | Recall [@1: 0.5746, @2: 0.7024, @4: 0.8052, @8: 0.8814]
Epoch (Train) 32 Learner 1: Mean Loss [0.3967]
Epoch (Test) 32: NMI [0.6659] | Recall [@1: 0.5744, @2: 0.7019, @4: 0.8079, @8: 0.8822]
Epoch (Train) 32 Learner 2: Mean Loss [0.4008]
Epoch (Test) 32: NMI [0.6700] | Recall [@1: 0.5753, @2: 0.7039, @4: 0.8082, @8: 0.8811]
Epoch (Train) 32 Learner 3: Mean Loss [0.4035]
Epoch (Test) 32: NMI [0.6674] | Recall [@1: 0.5795, @2: 0.7039, @4: 0.8092, @8: 0.8807]
Epoch (Train) 33 Learner 0: Mean Loss [0.3834]
Epoch (Test) 33: NMI [0.6652] | Recall [@1: 0.5782, @2: 0.7013, @4: 0.8091, @8: 0.8833]
Epoch (Train) 33 Learner 1: Mean Loss [0.4070]
Epoch (Test) 33: NMI [0.6685] | Recall [@1: 0.5793, @2: 0.7007, @4: 0.8081, @8: 0.8814]
Epoch (Train) 33 Learner 2: Mean Loss [0.3989]
Epoch (Test) 33: NMI [0.6678] | Recall [@1: 0.5790, @2: 0.7075, @4: 0.8087, @8: 0.8824]
Epoch (Train) 33 Learner 3: Mean Loss [0.4015]
Epoch (Test) 33: NMI [0.6658] | Recall [@1: 0.5798, @2: 0.7045, @4: 0.8110, @8: 0.8816]
Epoch (Train) 34 Learner 0: Mean Loss [0.3897]
Epoch (Test) 34: NMI [0.6678] | Recall [@1: 0.5790, @2: 0.7053, @4: 0.8108, @8: 0.8824]
Epoch (Train) 34 Learner 1: Mean Loss [0.3876]
Epoch (Test) 34: NMI [0.6711] | Recall [@1: 0.5799, @2: 0.7034, @4: 0.8089, @8: 0.8831]
Epoch (Train) 34 Learner 2: Mean Loss [0.3904]
Epoch (Test) 34: NMI [0.6695] | Recall [@1: 0.5825, @2: 0.7066, @4: 0.8100, @8: 0.8816]
Epoch (Train) 34 Learner 3: Mean Loss [0.4012]
Epoch (Test) 34: NMI [0.6721] | Recall [@1: 0.5825, @2: 0.7025, @4: 0.8092, @8: 0.8800]
Epoch (Train) 35 Learner 0: Mean Loss [0.3788]
Epoch (Test) 35: NMI [0.6731] | Recall [@1: 0.5804, @2: 0.7020, @4: 0.8086, @8: 0.8812]
Epoch (Train) 35 Learner 1: Mean Loss [0.4073]
Epoch (Test) 35: NMI [0.6676] | Recall [@1: 0.5814, @2: 0.7049, @4: 0.8085, @8: 0.8807]
Epoch (Train) 35 Learner 2: Mean Loss [0.3906]
Epoch (Test) 35: NMI [0.6719] | Recall [@1: 0.5793, @2: 0.7054, @4: 0.8075, @8: 0.8784]
Epoch (Train) 35 Learner 3: Mean Loss [0.3974]
Epoch (Test) 35: NMI [0.6688] | Recall [@1: 0.5830, @2: 0.7041, @4: 0.8112, @8: 0.8804]
Epoch (Train) 36 Learner 0: Mean Loss [0.3747]
Epoch (Test) 36: NMI [0.6668] | Recall [@1: 0.5816, @2: 0.7079, @4: 0.8107, @8: 0.8782]
Epoch (Train) 36 Learner 1: Mean Loss [0.4012]
Epoch (Test) 36: NMI [0.6695] | Recall [@1: 0.5814, @2: 0.7091, @4: 0.8108, @8: 0.8830]
Epoch (Train) 36 Learner 2: Mean Loss [0.3913]
Epoch (Test) 36: NMI [0.6682] | Recall [@1: 0.5851, @2: 0.7104, @4: 0.8132, @8: 0.8832]
Epoch (Train) 36 Learner 3: Mean Loss [0.3913]
Epoch (Test) 36: NMI [0.6711] | Recall [@1: 0.5824, @2: 0.7081, @4: 0.8128, @8: 0.8817]
Epoch (Train) 37 Learner 0: Mean Loss [0.3736]
Epoch (Test) 37: NMI [0.6702] | Recall [@1: 0.5851, @2: 0.7089, @4: 0.8094, @8: 0.8802]
Epoch (Train) 37 Learner 1: Mean Loss [0.3926]
Epoch (Test) 37: NMI [0.6653] | Recall [@1: 0.5830, @2: 0.7119, @4: 0.8102, @8: 0.8805]
Epoch (Train) 37 Learner 2: Mean Loss [0.3744]
Epoch (Test) 37: NMI [0.6708] | Recall [@1: 0.5855, @2: 0.7110, @4: 0.8090, @8: 0.8799]
Epoch (Train) 37 Learner 3: Mean Loss [0.3877]
Epoch (Test) 37: NMI [0.6701] | Recall [@1: 0.5856, @2: 0.7097, @4: 0.8081, @8: 0.8810]
Epoch (Train) 38 Learner 0: Mean Loss [0.3702]
Epoch (Test) 38: NMI [0.6671] | Recall [@1: 0.5856, @2: 0.7089, @4: 0.8090, @8: 0.8815]
Epoch (Train) 38 Learner 1: Mean Loss [0.3904]
Epoch (Test) 38: NMI [0.6705] | Recall [@1: 0.5864, @2: 0.7075, @4: 0.8100, @8: 0.8817]
Epoch (Train) 38 Learner 2: Mean Loss [0.3779]
Epoch (Test) 38: NMI [0.6701] | Recall [@1: 0.5864, @2: 0.7105, @4: 0.8108, @8: 0.8836]
Epoch (Train) 38 Learner 3: Mean Loss [0.3900]
Epoch (Test) 38: NMI [0.6757] | Recall [@1: 0.5862, @2: 0.7092, @4: 0.8111, @8: 0.8847]
Epoch (Train) 39 Learner 0: Mean Loss [0.3722]
Epoch (Test) 39: NMI [0.6711] | Recall [@1: 0.5870, @2: 0.7087, @4: 0.8096, @8: 0.8832]
Epoch (Train) 39 Learner 1: Mean Loss [0.3750]
Epoch (Test) 39: NMI [0.6723] | Recall [@1: 0.5874, @2: 0.7099, @4: 0.8116, @8: 0.8833]
Epoch (Train) 39 Learner 2: Mean Loss [0.3750]
Epoch (Test) 39: NMI [0.6713] | Recall [@1: 0.5871, @2: 0.7099, @4: 0.8101, @8: 0.8843]
Epoch (Train) 39 Learner 3: Mean Loss [0.3792]
Epoch (Test) 39: NMI [0.6690] | Recall [@1: 0.5879, @2: 0.7107, @4: 0.8105, @8: 0.8833]
Epoch 40 : Clustering data
[faiss started]
[faiss ended]
num_elemnets_in_cluster: [2195 1925 2315 1645]
Epoch 40 : Done Clustering
Epoch (Train) 40 Learner 0: Mean Loss [0.4045]
Epoch (Test) 40: NMI [0.6727] | Recall [@1: 0.5903, @2: 0.7132, @4: 0.8110, @8: 0.8835]
Epoch (Train) 40 Learner 1: Mean Loss [0.4110]
Epoch (Test) 40: NMI [0.6787] | Recall [@1: 0.5915, @2: 0.7095, @4: 0.8097, @8: 0.8865]
Epoch (Train) 40 Learner 2: Mean Loss [0.4093]
Epoch (Test) 40: NMI [0.6777] | Recall [@1: 0.5887, @2: 0.7099, @4: 0.8132, @8: 0.8846]
Epoch (Train) 40 Learner 3: Mean Loss [0.4173]
Epoch (Test) 40: NMI [0.6780] | Recall [@1: 0.5890, @2: 0.7119, @4: 0.8127, @8: 0.8824]
Epoch (Train) 41 Learner 0: Mean Loss [0.4022]
Epoch (Test) 41: NMI [0.6763] | Recall [@1: 0.5927, @2: 0.7121, @4: 0.8107, @8: 0.8843]
Epoch (Train) 41 Learner 1: Mean Loss [0.4060]
Epoch (Test) 41: NMI [0.6727] | Recall [@1: 0.5903, @2: 0.7128, @4: 0.8102, @8: 0.8837]
Epoch (Train) 41 Learner 2: Mean Loss [0.4075]
Epoch (Test) 41: NMI [0.6760] | Recall [@1: 0.5907, @2: 0.7158, @4: 0.8112, @8: 0.8835]
Epoch (Train) 41 Learner 3: Mean Loss [0.4125]
Epoch (Test) 41: NMI [0.6757] | Recall [@1: 0.5907, @2: 0.7137, @4: 0.8133, @8: 0.8863]
Epoch (Train) 42 Learner 0: Mean Loss [0.3996]
Epoch (Test) 42: NMI [0.6761] | Recall [@1: 0.5927, @2: 0.7136, @4: 0.8133, @8: 0.8848]
Epoch (Train) 42 Learner 1: Mean Loss [0.3934]
Epoch (Test) 42: NMI [0.6778] | Recall [@1: 0.5900, @2: 0.7122, @4: 0.8115, @8: 0.8847]
Epoch (Train) 42 Learner 2: Mean Loss [0.4013]
Epoch (Test) 42: NMI [0.6752] | Recall [@1: 0.5918, @2: 0.7123, @4: 0.8113, @8: 0.8866]
Epoch (Train) 42 Learner 3: Mean Loss [0.3917]
Epoch (Test) 42: NMI [0.6776] | Recall [@1: 0.5938, @2: 0.7170, @4: 0.8135, @8: 0.8862]
Epoch (Train) 43 Learner 0: Mean Loss [0.3927]
Epoch (Test) 43: NMI [0.6777] | Recall [@1: 0.5932, @2: 0.7156, @4: 0.8177, @8: 0.8856]
Epoch (Train) 43 Learner 1: Mean Loss [0.4013]
Epoch (Test) 43: NMI [0.6771] | Recall [@1: 0.5931, @2: 0.7142, @4: 0.8127, @8: 0.8832]
Epoch (Train) 43 Learner 2: Mean Loss [0.4018]
Epoch (Test) 43: NMI [0.6785] | Recall [@1: 0.5940, @2: 0.7123, @4: 0.8146, @8: 0.8851]
Epoch (Train) 43 Learner 3: Mean Loss [0.3888]
Epoch (Test) 43: NMI [0.6772] | Recall [@1: 0.5951, @2: 0.7172, @4: 0.8156, @8: 0.8840]
Epoch (Train) 44 Learner 0: Mean Loss [0.3855]
Epoch (Test) 44: NMI [0.6762] | Recall [@1: 0.5948, @2: 0.7181, @4: 0.8169, @8: 0.8857]
Epoch (Train) 44 Learner 1: Mean Loss [0.3956]
Epoch (Test) 44: NMI [0.6762] | Recall [@1: 0.5947, @2: 0.7194, @4: 0.8135, @8: 0.8857]
Epoch (Train) 44 Learner 2: Mean Loss [0.3918]
Epoch (Test) 44: NMI [0.6748] | Recall [@1: 0.5942, @2: 0.7189, @4: 0.8143, @8: 0.8865]
Epoch (Train) 44 Learner 3: Mean Loss [0.3705]
Epoch (Test) 44: NMI [0.6782] | Recall [@1: 0.5964, @2: 0.7174, @4: 0.8133, @8: 0.8840]
Epoch (Train) 45 Learner 0: Mean Loss [0.3982]
Epoch (Test) 45: NMI [0.6803] | Recall [@1: 0.5954, @2: 0.7191, @4: 0.8142, @8: 0.8863]
Epoch (Train) 45 Learner 1: Mean Loss [0.3996]
Epoch (Test) 45: NMI [0.6777] | Recall [@1: 0.5978, @2: 0.7228, @4: 0.8133, @8: 0.8858]
Epoch (Train) 45 Learner 2: Mean Loss [0.3991]
Epoch (Test) 45: NMI [0.6789] | Recall [@1: 0.5954, @2: 0.7209, @4: 0.8135, @8: 0.8850]
Epoch (Train) 45 Learner 3: Mean Loss [0.3967]
Epoch (Test) 45: NMI [0.6797] | Recall [@1: 0.5936, @2: 0.7201, @4: 0.8143, @8: 0.8846]
Epoch (Train) 46 Learner 0: Mean Loss [0.3879]
Epoch (Test) 46: NMI [0.6834] | Recall [@1: 0.5981, @2: 0.7193, @4: 0.8178, @8: 0.8853]
Epoch (Train) 46 Learner 1: Mean Loss [0.3778]
Epoch (Test) 46: NMI [0.6823] | Recall [@1: 0.5971, @2: 0.7204, @4: 0.8186, @8: 0.8879]
Epoch (Train) 46 Learner 2: Mean Loss [0.3758]
Epoch (Test) 46: NMI [0.6799] | Recall [@1: 0.5935, @2: 0.7192, @4: 0.8171, @8: 0.8875]
Epoch (Train) 46 Learner 3: Mean Loss [0.3908]
Epoch (Test) 46: NMI [0.6801] | Recall [@1: 0.5945, @2: 0.7182, @4: 0.8164, @8: 0.8862]
Epoch (Train) 47 Learner 0: Mean Loss [0.3763]
Epoch (Test) 47: NMI [0.6775] | Recall [@1: 0.5972, @2: 0.7209, @4: 0.8159, @8: 0.8866]
Epoch (Train) 47 Learner 1: Mean Loss [0.3751]
Epoch (Test) 47: NMI [0.6808] | Recall [@1: 0.5971, @2: 0.7166, @4: 0.8154, @8: 0.8872]
Epoch (Train) 47 Learner 2: Mean Loss [0.3806]
Epoch (Test) 47: NMI [0.6794] | Recall [@1: 0.5976, @2: 0.7224, @4: 0.8207, @8: 0.8882]
Epoch (Train) 47 Learner 3: Mean Loss [0.3832]
Epoch (Test) 47: NMI [0.6808] | Recall [@1: 0.5956, @2: 0.7220, @4: 0.8172, @8: 0.8865]
Epoch (Train) 48 Learner 0: Mean Loss [0.3785]
Epoch (Test) 48: NMI [0.6825] | Recall [@1: 0.6013, @2: 0.7255, @4: 0.8184, @8: 0.8871]
Epoch (Train) 48 Learner 1: Mean Loss [0.3788]
Epoch (Test) 48: NMI [0.6806] | Recall [@1: 0.5972, @2: 0.7199, @4: 0.8188, @8: 0.8884]
Epoch (Train) 48 Learner 2: Mean Loss [0.3885]
Epoch (Test) 48: NMI [0.6810] | Recall [@1: 0.5968, @2: 0.7207, @4: 0.8182, @8: 0.8878]
Epoch (Train) 48 Learner 3: Mean Loss [0.3664]
Epoch (Test) 48: NMI [0.6796] | Recall [@1: 0.5957, @2: 0.7182, @4: 0.8181, @8: 0.8860]
Epoch (Train) 49 Learner 0: Mean Loss [0.3630]
Epoch (Test) 49: NMI [0.6811] | Recall [@1: 0.5971, @2: 0.7198, @4: 0.8181, @8: 0.8877]
Epoch (Train) 49 Learner 1: Mean Loss [0.3871]
Epoch (Test) 49: NMI [0.6803] | Recall [@1: 0.5948, @2: 0.7186, @4: 0.8179, @8: 0.8861]
Epoch (Train) 49 Learner 2: Mean Loss [0.3737]
Epoch (Test) 49: NMI [0.6820] | Recall [@1: 0.5991, @2: 0.7220, @4: 0.8188, @8: 0.8872]
Epoch (Train) 49 Learner 3: Mean Loss [0.3746]
Epoch (Test) 49: NMI [0.6812] | Recall [@1: 0.5972, @2: 0.7211, @4: 0.8207, @8: 0.8875]
Epoch 50 : Clustering data
[faiss started]
[faiss ended]
num_elemnets_in_cluster: [2257 2157 2049 1617]
Epoch 50 : Done Clustering
Epoch (Train) 50 Learner 0: Mean Loss [0.4078]
Epoch (Test) 50: NMI [0.6842] | Recall [@1: 0.6004, @2: 0.7224, @4: 0.8224, @8: 0.8876]
Epoch (Train) 50 Learner 1: Mean Loss [0.4100]
Epoch (Test) 50: NMI [0.6853] | Recall [@1: 0.5987, @2: 0.7235, @4: 0.8220, @8: 0.8866]
Epoch (Train) 50 Learner 2: Mean Loss [0.4013]
Epoch (Test) 50: NMI [0.6865] | Recall [@1: 0.5983, @2: 0.7213, @4: 0.8220, @8: 0.8865]
Epoch (Train) 50 Learner 3: Mean Loss [0.3945]
Epoch (Test) 50: NMI [0.6802] | Recall [@1: 0.6012, @2: 0.7263, @4: 0.8193, @8: 0.8879]
Epoch (Train) 51 Learner 0: Mean Loss [0.3986]
Epoch (Test) 51: NMI [0.6812] | Recall [@1: 0.6002, @2: 0.7259, @4: 0.8230, @8: 0.8902]
Epoch (Train) 51 Learner 1: Mean Loss [0.3934]
Epoch (Test) 51: NMI [0.6817] | Recall [@1: 0.6013, @2: 0.7265, @4: 0.8229, @8: 0.8887]
Epoch (Train) 51 Learner 2: Mean Loss [0.3959]
Epoch (Test) 51: NMI [0.6833] | Recall [@1: 0.5998, @2: 0.7252, @4: 0.8217, @8: 0.8877]
Epoch (Train) 51 Learner 3: Mean Loss [0.3851]
Epoch (Test) 51: NMI [0.6823] | Recall [@1: 0.6009, @2: 0.7207, @4: 0.8224, @8: 0.8896]
Epoch (Train) 52 Learner 0: Mean Loss [0.3989]
Epoch (Test) 52: NMI [0.6820] | Recall [@1: 0.5991, @2: 0.7254, @4: 0.8227, @8: 0.8917]
Epoch (Train) 52 Learner 1: Mean Loss [0.4012]
Epoch (Test) 52: NMI [0.6863] | Recall [@1: 0.6018, @2: 0.7270, @4: 0.8228, @8: 0.8899]
Epoch (Train) 52 Learner 2: Mean Loss [0.4052]
Epoch (Test) 52: NMI [0.6826] | Recall [@1: 0.6018, @2: 0.7262, @4: 0.8245, @8: 0.8921]
Epoch (Train) 52 Learner 3: Mean Loss [0.3779]
Epoch (Test) 52: NMI [0.6845] | Recall [@1: 0.6035, @2: 0.7285, @4: 0.8239, @8: 0.8917]
Epoch (Train) 53 Learner 0: Mean Loss [0.4007]
Epoch (Test) 53: NMI [0.6837] | Recall [@1: 0.6014, @2: 0.7276, @4: 0.8207, @8: 0.8912]
Epoch (Train) 53 Learner 1: Mean Loss [0.4023]
Epoch (Test) 53: NMI [0.6821] | Recall [@1: 0.6023, @2: 0.7258, @4: 0.8219, @8: 0.8913]
Epoch (Train) 53 Learner 2: Mean Loss [0.3821]
Epoch (Test) 53: NMI [0.6828] | Recall [@1: 0.6028, @2: 0.7274, @4: 0.8228, @8: 0.8906]
Epoch (Train) 53 Learner 3: Mean Loss [0.3882]
Epoch (Test) 53: NMI [0.6829] | Recall [@1: 0.6013, @2: 0.7244, @4: 0.8228, @8: 0.8894]
Epoch (Train) 54 Learner 0: Mean Loss [0.3937]
Epoch (Test) 54: NMI [0.6792] | Recall [@1: 0.6027, @2: 0.7252, @4: 0.8238, @8: 0.8907]
Epoch (Train) 54 Learner 1: Mean Loss [0.3869]
Epoch (Test) 54: NMI [0.6838] | Recall [@1: 0.6008, @2: 0.7284, @4: 0.8229, @8: 0.8917]
Epoch (Train) 54 Learner 2: Mean Loss [0.3829]
Epoch (Test) 54: NMI [0.6829] | Recall [@1: 0.6027, @2: 0.7258, @4: 0.8227, @8: 0.8907]
Epoch (Train) 54 Learner 3: Mean Loss [0.3807]
Epoch (Test) 54: NMI [0.6817] | Recall [@1: 0.6049, @2: 0.7268, @4: 0.8234, @8: 0.8907]
Epoch (Train) 55 Learner 0: Mean Loss [0.3912]
Epoch (Test) 55: NMI [0.6859] | Recall [@1: 0.6019, @2: 0.7248, @4: 0.8250, @8: 0.8942]
Epoch (Train) 55 Learner 1: Mean Loss [0.3865]
Epoch (Test) 55: NMI [0.6849] | Recall [@1: 0.6022, @2: 0.7243, @4: 0.8232, @8: 0.8919]
Epoch (Train) 55 Learner 2: Mean Loss [0.3931]
Epoch (Test) 55: NMI [0.6831] | Recall [@1: 0.5989, @2: 0.7234, @4: 0.8233, @8: 0.8929]
Epoch (Train) 55 Learner 3: Mean Loss [0.3774]
Epoch (Test) 55: NMI [0.6830] | Recall [@1: 0.5973, @2: 0.7262, @4: 0.8225, @8: 0.8927]
Epoch (Train) 56 Learner 0: Mean Loss [0.3826]
Epoch (Test) 56: NMI [0.6843] | Recall [@1: 0.5976, @2: 0.7237, @4: 0.8239, @8: 0.8896]
Epoch (Train) 56 Learner 1: Mean Loss [0.3834]
Epoch (Test) 56: NMI [0.6859] | Recall [@1: 0.5984, @2: 0.7239, @4: 0.8218, @8: 0.8918]
Epoch (Train) 56 Learner 2: Mean Loss [0.3870]
Epoch (Test) 56: NMI [0.6829] | Recall [@1: 0.6010, @2: 0.7268, @4: 0.8225, @8: 0.8922]
Epoch (Train) 56 Learner 3: Mean Loss [0.3847]
Epoch (Test) 56: NMI [0.6845] | Recall [@1: 0.6017, @2: 0.7244, @4: 0.8244, @8: 0.8912]
Epoch (Train) 57 Learner 0: Mean Loss [0.3796]
Epoch (Test) 57: NMI [0.6828] | Recall [@1: 0.5989, @2: 0.7268, @4: 0.8234, @8: 0.8924]
Epoch (Train) 57 Learner 1: Mean Loss [0.3659]
Epoch (Test) 57: NMI [0.6868] | Recall [@1: 0.5996, @2: 0.7244, @4: 0.8239, @8: 0.8922]
Epoch (Train) 57 Learner 2: Mean Loss [0.3814]
Epoch (Test) 57: NMI [0.6863] | Recall [@1: 0.6019, @2: 0.7268, @4: 0.8229, @8: 0.8909]
Epoch (Train) 57 Learner 3: Mean Loss [0.3687]
Epoch (Test) 57: NMI [0.6844] | Recall [@1: 0.6013, @2: 0.7276, @4: 0.8233, @8: 0.8924]
Epoch (Train) 58 Learner 0: Mean Loss [0.3822]
Epoch (Test) 58: NMI [0.6810] | Recall [@1: 0.6014, @2: 0.7263, @4: 0.8228, @8: 0.8902]
Epoch (Train) 58 Learner 1: Mean Loss [0.3864]
Epoch (Test) 58: NMI [0.6853] | Recall [@1: 0.6037, @2: 0.7269, @4: 0.8244, @8: 0.8902]
Epoch (Train) 58 Learner 2: Mean Loss [0.3680]
Epoch (Test) 58: NMI [0.6830] | Recall [@1: 0.6043, @2: 0.7237, @4: 0.8237, @8: 0.8897]
Epoch (Train) 58 Learner 3: Mean Loss [0.3539]
Epoch (Test) 58: NMI [0.6880] | Recall [@1: 0.6034, @2: 0.7269, @4: 0.8251, @8: 0.8926]
Epoch (Train) 59 Learner 0: Mean Loss [0.3718]
Epoch (Test) 59: NMI [0.6846] | Recall [@1: 0.6030, @2: 0.7275, @4: 0.8228, @8: 0.8917]
Epoch (Train) 59 Learner 1: Mean Loss [0.3723]
Epoch (Test) 59: NMI [0.6842] | Recall [@1: 0.6017, @2: 0.7239, @4: 0.8215, @8: 0.8886]
Epoch (Train) 59 Learner 2: Mean Loss [0.3741]
Epoch (Test) 59: NMI [0.6832] | Recall [@1: 0.6033, @2: 0.7259, @4: 0.8235, @8: 0.8917]
Epoch (Train) 59 Learner 3: Mean Loss [0.3677]
Epoch (Test) 59: NMI [0.6872] | Recall [@1: 0.6032, @2: 0.7298, @4: 0.8251, @8: 0.8947]
Epoch 60 : Clustering data
[faiss started]
[faiss ended]
num_elemnets_in_cluster: [1569 1552 2221 2738]
Epoch 60 : Done Clustering
Epoch (Train) 60 Learner 0: Mean Loss [0.3823]
Epoch (Test) 60: NMI [0.6846] | Recall [@1: 0.6037, @2: 0.7270, @4: 0.8240, @8: 0.8934]
Epoch (Train) 60 Learner 1: Mean Loss [0.3902]
Epoch (Test) 60: NMI [0.6830] | Recall [@1: 0.6029, @2: 0.7278, @4: 0.8260, @8: 0.8923]
Epoch (Train) 60 Learner 2: Mean Loss [0.4059]
Epoch (Test) 60: NMI [0.6853] | Recall [@1: 0.6048, @2: 0.7262, @4: 0.8234, @8: 0.8913]
Epoch (Train) 60 Learner 3: Mean Loss [0.4125]
Epoch (Test) 60: NMI [0.6859] | Recall [@1: 0.6060, @2: 0.7299, @4: 0.8291, @8: 0.8924]
Epoch (Train) 61 Learner 0: Mean Loss [0.3838]
Epoch (Test) 61: NMI [0.6860] | Recall [@1: 0.6079, @2: 0.7294, @4: 0.8265, @8: 0.8944]
Epoch (Train) 61 Learner 1: Mean Loss [0.3901]
Epoch (Test) 61: NMI [0.6886] | Recall [@1: 0.6085, @2: 0.7303, @4: 0.8289, @8: 0.8938]
Epoch (Train) 61 Learner 2: Mean Loss [0.4023]
Epoch (Test) 61: NMI [0.6873] | Recall [@1: 0.6051, @2: 0.7254, @4: 0.8286, @8: 0.8949]
Epoch (Train) 61 Learner 3: Mean Loss [0.4197]
Epoch (Test) 61: NMI [0.6893] | Recall [@1: 0.6050, @2: 0.7273, @4: 0.8255, @8: 0.8923]
Epoch (Train) 62 Learner 0: Mean Loss [0.3838]
Epoch (Test) 62: NMI [0.6895] | Recall [@1: 0.6040, @2: 0.7267, @4: 0.8251, @8: 0.8944]
Epoch (Train) 62 Learner 1: Mean Loss [0.3862]
Epoch (Test) 62: NMI [0.6840] | Recall [@1: 0.6070, @2: 0.7289, @4: 0.8283, @8: 0.8963]
Epoch (Train) 62 Learner 2: Mean Loss [0.3987]
Epoch (Test) 62: NMI [0.6869] | Recall [@1: 0.6079, @2: 0.7303, @4: 0.8284, @8: 0.8948]
Epoch (Train) 62 Learner 3: Mean Loss [0.4024]
Epoch (Test) 62: NMI [0.6920] | Recall [@1: 0.6089, @2: 0.7320, @4: 0.8294, @8: 0.8960]
Epoch (Train) 63 Learner 0: Mean Loss [0.3841]
Epoch (Test) 63: NMI [0.6898] | Recall [@1: 0.6101, @2: 0.7334, @4: 0.8294, @8: 0.8938]
Epoch (Train) 63 Learner 1: Mean Loss [0.3593]
Epoch (Test) 63: NMI [0.6875] | Recall [@1: 0.6112, @2: 0.7326, @4: 0.8290, @8: 0.8929]
Epoch (Train) 63 Learner 2: Mean Loss [0.4001]
Epoch (Test) 63: NMI [0.6904] | Recall [@1: 0.6112, @2: 0.7350, @4: 0.8300, @8: 0.8952]
Epoch (Train) 63 Learner 3: Mean Loss [0.4052]
Epoch (Test) 63: NMI [0.6947] | Recall [@1: 0.6093, @2: 0.7316, @4: 0.8271, @8: 0.8947]
Epoch (Train) 64 Learner 0: Mean Loss [0.3757]
Epoch (Test) 64: NMI [0.6906] | Recall [@1: 0.6090, @2: 0.7332, @4: 0.8281, @8: 0.8935]
Epoch (Train) 64 Learner 1: Mean Loss [0.3746]
Epoch (Test) 64: NMI [0.6882] | Recall [@1: 0.6091, @2: 0.7316, @4: 0.8264, @8: 0.8945]
Epoch (Train) 64 Learner 2: Mean Loss [0.3917]
Epoch (Test) 64: NMI [0.6886] | Recall [@1: 0.6093, @2: 0.7336, @4: 0.8260, @8: 0.8928]
Epoch (Train) 64 Learner 3: Mean Loss [0.4010]
Epoch (Test) 64: NMI [0.6912] | Recall [@1: 0.6081, @2: 0.7316, @4: 0.8270, @8: 0.8939]
Epoch (Train) 65 Learner 0: Mean Loss [0.3787]
Epoch (Test) 65: NMI [0.6871] | Recall [@1: 0.6100, @2: 0.7325, @4: 0.8278, @8: 0.8939]
Epoch (Train) 65 Learner 1: Mean Loss [0.3731]
Epoch (Test) 65: NMI [0.6925] | Recall [@1: 0.6084, @2: 0.7315, @4: 0.8270, @8: 0.8948]
Epoch (Train) 65 Learner 2: Mean Loss [0.3844]
Epoch (Test) 65: NMI [0.6880] | Recall [@1: 0.6125, @2: 0.7342, @4: 0.8261, @8: 0.8950]
Epoch (Train) 65 Learner 3: Mean Loss [0.3974]
Epoch (Test) 65: NMI [0.6926] | Recall [@1: 0.6121, @2: 0.7332, @4: 0.8276, @8: 0.8950]
Epoch (Train) 66 Learner 0: Mean Loss [0.3668]
Epoch (Test) 66: NMI [0.6897] | Recall [@1: 0.6119, @2: 0.7330, @4: 0.8269, @8: 0.8929]
Epoch (Train) 66 Learner 1: Mean Loss [0.3550]
Epoch (Test) 66: NMI [0.6892] | Recall [@1: 0.6093, @2: 0.7351, @4: 0.8268, @8: 0.8933]
Epoch (Train) 66 Learner 2: Mean Loss [0.3836]
Epoch (Test) 66: NMI [0.6928] | Recall [@1: 0.6144, @2: 0.7326, @4: 0.8271, @8: 0.8964]
Epoch (Train) 66 Learner 3: Mean Loss [0.3964]
Epoch (Test) 66: NMI [0.6908] | Recall [@1: 0.6119, @2: 0.7335, @4: 0.8263, @8: 0.8962]
Epoch (Train) 67 Learner 0: Mean Loss [0.3697]
Epoch (Test) 67: NMI [0.6876] | Recall [@1: 0.6141, @2: 0.7327, @4: 0.8275, @8: 0.8948]
Epoch (Train) 67 Learner 1: Mean Loss [0.3632]
Epoch (Test) 67: NMI [0.6855] | Recall [@1: 0.6120, @2: 0.7347, @4: 0.8283, @8: 0.8933]
Epoch (Train) 67 Learner 2: Mean Loss [0.3712]
Epoch (Test) 67: NMI [0.6889] | Recall [@1: 0.6126, @2: 0.7325, @4: 0.8289, @8: 0.8963]
Epoch (Train) 67 Learner 3: Mean Loss [0.3914]
Epoch (Test) 67: NMI [0.6930] | Recall [@1: 0.6109, @2: 0.7350, @4: 0.8299, @8: 0.8948]
Epoch (Train) 68 Learner 0: Mean Loss [0.3639]
Epoch (Test) 68: NMI [0.6911] | Recall [@1: 0.6140, @2: 0.7360, @4: 0.8280, @8: 0.8958]
Epoch (Train) 68 Learner 1: Mean Loss [0.3851]
Epoch (Test) 68: NMI [0.6933] | Recall [@1: 0.6106, @2: 0.7326, @4: 0.8264, @8: 0.8948]
Epoch (Train) 68 Learner 2: Mean Loss [0.3903]
Epoch (Test) 68: NMI [0.6857] | Recall [@1: 0.6104, @2: 0.7291, @4: 0.8268, @8: 0.8939]
Epoch (Train) 68 Learner 3: Mean Loss [0.3784]
Epoch (Test) 68: NMI [0.6907] | Recall [@1: 0.6119, @2: 0.7327, @4: 0.8253, @8: 0.8932]
Epoch (Train) 69 Learner 0: Mean Loss [0.3539]
Epoch (Test) 69: NMI [0.6895] | Recall [@1: 0.6091, @2: 0.7325, @4: 0.8248, @8: 0.8950]
Epoch (Train) 69 Learner 1: Mean Loss [0.3626]
Epoch (Test) 69: NMI [0.6899] | Recall [@1: 0.6117, @2: 0.7342, @4: 0.8265, @8: 0.8947]
Epoch (Train) 69 Learner 2: Mean Loss [0.3743]
Epoch (Test) 69: NMI [0.6939] | Recall [@1: 0.6119, @2: 0.7326, @4: 0.8283, @8: 0.8939]
Epoch (Train) 69 Learner 3: Mean Loss [0.3824]
Epoch (Test) 69: NMI [0.6920] | Recall [@1: 0.6121, @2: 0.7327, @4: 0.8255, @8: 0.8950]
Epoch 70 : Clustering data
[faiss started]
[faiss ended]
num_elemnets_in_cluster: [2009 2029 2056 1986]
Epoch 70 : Done Clustering
Epoch (Train) 70 Learner 0: Mean Loss [0.4032]
Epoch (Test) 70: NMI [0.6905] | Recall [@1: 0.6112, @2: 0.7324, @4: 0.8259, @8: 0.8953]
Epoch (Train) 70 Learner 1: Mean Loss [0.4054]
Epoch (Test) 70: NMI [0.6942] | Recall [@1: 0.6102, @2: 0.7341, @4: 0.8293, @8: 0.8965]
Epoch (Train) 70 Learner 2: Mean Loss [0.3988]
Epoch (Test) 70: NMI [0.6913] | Recall [@1: 0.6100, @2: 0.7362, @4: 0.8302, @8: 0.8990]
Epoch (Train) 70 Learner 3: Mean Loss [0.4107]
Epoch (Test) 70: NMI [0.6944] | Recall [@1: 0.6098, @2: 0.7335, @4: 0.8279, @8: 0.9008]
Epoch (Train) 71 Learner 0: Mean Loss [0.3882]
Epoch (Test) 71: NMI [0.6926] | Recall [@1: 0.6112, @2: 0.7346, @4: 0.8284, @8: 0.8975]
Epoch (Train) 71 Learner 1: Mean Loss [0.3842]
Epoch (Test) 71: NMI [0.6896] | Recall [@1: 0.6124, @2: 0.7350, @4: 0.8269, @8: 0.8981]
Epoch (Train) 71 Learner 2: Mean Loss [0.3949]
Epoch (Test) 71: NMI [0.6903] | Recall [@1: 0.6131, @2: 0.7329, @4: 0.8284, @8: 0.8969]
Epoch (Train) 71 Learner 3: Mean Loss [0.3990]
Epoch (Test) 71: NMI [0.6924] | Recall [@1: 0.6134, @2: 0.7367, @4: 0.8293, @8: 0.8970]
Epoch (Train) 72 Learner 0: Mean Loss [0.3874]
Epoch (Test) 72: NMI [0.6884] | Recall [@1: 0.6112, @2: 0.7359, @4: 0.8295, @8: 0.8983]
Epoch (Train) 72 Learner 1: Mean Loss [0.3958]
Epoch (Test) 72: NMI [0.6905] | Recall [@1: 0.6136, @2: 0.7382, @4: 0.8301, @8: 0.8981]
Epoch (Train) 72 Learner 2: Mean Loss [0.3817]
Epoch (Test) 72: NMI [0.6928] | Recall [@1: 0.6136, @2: 0.7368, @4: 0.8305, @8: 0.8955]
Epoch (Train) 72 Learner 3: Mean Loss [0.4080]
Epoch (Test) 72: NMI [0.6964] | Recall [@1: 0.6135, @2: 0.7346, @4: 0.8304, @8: 0.8967]
Epoch (Train) 73 Learner 0: Mean Loss [0.3900]
Epoch (Test) 73: NMI [0.6969] | Recall [@1: 0.6117, @2: 0.7371, @4: 0.8297, @8: 0.8967]
Epoch (Train) 73 Learner 1: Mean Loss [0.3886]
Epoch (Test) 73: NMI [0.6935] | Recall [@1: 0.6130, @2: 0.7388, @4: 0.8305, @8: 0.8972]
Epoch (Train) 73 Learner 2: Mean Loss [0.3828]
Epoch (Test) 73: NMI [0.6947] | Recall [@1: 0.6152, @2: 0.7387, @4: 0.8288, @8: 0.8938]
Epoch (Train) 73 Learner 3: Mean Loss [0.3974]
Epoch (Test) 73: NMI [0.6944] | Recall [@1: 0.6137, @2: 0.7359, @4: 0.8302, @8: 0.8967]
Epoch (Train) 74 Learner 0: Mean Loss [0.3870]
Epoch (Test) 74: NMI [0.6954] | Recall [@1: 0.6137, @2: 0.7362, @4: 0.8302, @8: 0.8959]
Epoch (Train) 74 Learner 1: Mean Loss [0.3950]
Epoch (Test) 74: NMI [0.6989] | Recall [@1: 0.6152, @2: 0.7365, @4: 0.8284, @8: 0.8973]
Epoch (Train) 74 Learner 2: Mean Loss [0.3905]
Epoch (Test) 74: NMI [0.6940] | Recall [@1: 0.6151, @2: 0.7367, @4: 0.8302, @8: 0.8965]
Epoch (Train) 74 Learner 3: Mean Loss [0.3941]
Epoch (Test) 74: NMI [0.6953] | Recall [@1: 0.6127, @2: 0.7346, @4: 0.8293, @8: 0.8948]
Epoch (Train) 75 Learner 0: Mean Loss [0.3898]
Epoch (Test) 75: NMI [0.6945] | Recall [@1: 0.6145, @2: 0.7352, @4: 0.8284, @8: 0.8959]
Epoch (Train) 75 Learner 1: Mean Loss [0.3913]
Epoch (Test) 75: NMI [0.6961] | Recall [@1: 0.6132, @2: 0.7364, @4: 0.8294, @8: 0.8975]
Epoch (Train) 75 Learner 2: Mean Loss [0.3837]
Epoch (Test) 75: NMI [0.6951] | Recall [@1: 0.6122, @2: 0.7386, @4: 0.8283, @8: 0.8967]
Epoch (Train) 75 Learner 3: Mean Loss [0.3860]
Epoch (Test) 75: NMI [0.6958] | Recall [@1: 0.6111, @2: 0.7361, @4: 0.8296, @8: 0.8955]
Epoch (Train) 76 Learner 0: Mean Loss [0.3845]
Epoch (Test) 76: NMI [0.6971] | Recall [@1: 0.6142, @2: 0.7385, @4: 0.8295, @8: 0.8973]
Epoch (Train) 76 Learner 1: Mean Loss [0.3770]
Epoch (Test) 76: NMI [0.6989] | Recall [@1: 0.6132, @2: 0.7375, @4: 0.8311, @8: 0.8976]
Epoch (Train) 76 Learner 2: Mean Loss [0.3810]
Epoch (Test) 76: NMI [0.6990] | Recall [@1: 0.6156, @2: 0.7383, @4: 0.8296, @8: 0.8959]
Epoch (Train) 76 Learner 3: Mean Loss [0.3796]
Epoch (Test) 76: NMI [0.6961] | Recall [@1: 0.6120, @2: 0.7351, @4: 0.8275, @8: 0.8962]
Epoch (Train) 77 Learner 0: Mean Loss [0.3600]
Epoch (Test) 77: NMI [0.6988] | Recall [@1: 0.6145, @2: 0.7351, @4: 0.8302, @8: 0.8965]
Epoch (Train) 77 Learner 1: Mean Loss [0.3608]
Epoch (Test) 77: NMI [0.6947] | Recall [@1: 0.6166, @2: 0.7359, @4: 0.8304, @8: 0.8960]
Epoch (Train) 77 Learner 2: Mean Loss [0.3742]
Epoch (Test) 77: NMI [0.6968] | Recall [@1: 0.6168, @2: 0.7345, @4: 0.8311, @8: 0.8962]
Epoch (Train) 77 Learner 3: Mean Loss [0.3749]
Epoch (Test) 77: NMI [0.6946] | Recall [@1: 0.6181, @2: 0.7382, @4: 0.8289, @8: 0.8962]
Epoch (Train) 78 Learner 0: Mean Loss [0.3887]
Epoch (Test) 78: NMI [0.6986] | Recall [@1: 0.6166, @2: 0.7407, @4: 0.8290, @8: 0.8959]
Epoch (Train) 78 Learner 1: Mean Loss [0.3720]
Epoch (Test) 78: NMI [0.6991] | Recall [@1: 0.6170, @2: 0.7393, @4: 0.8299, @8: 0.8976]
Epoch (Train) 78 Learner 2: Mean Loss [0.3700]
Epoch (Test) 78: NMI [0.7013] | Recall [@1: 0.6170, @2: 0.7385, @4: 0.8285, @8: 0.8976]
Epoch (Train) 78 Learner 3: Mean Loss [0.3820]
Epoch (Test) 78: NMI [0.6950] | Recall [@1: 0.6188, @2: 0.7417, @4: 0.8300, @8: 0.8970]
Epoch (Train) 79 Learner 0: Mean Loss [0.3740]
Epoch (Test) 79: NMI [0.6970] | Recall [@1: 0.6158, @2: 0.7390, @4: 0.8283, @8: 0.8948]
Epoch (Train) 79 Learner 1: Mean Loss [0.3682]
Epoch (Test) 79: NMI [0.6977] | Recall [@1: 0.6177, @2: 0.7398, @4: 0.8285, @8: 0.8972]
Epoch (Train) 79 Learner 2: Mean Loss [0.3670]
Epoch (Test) 79: NMI [0.6983] | Recall [@1: 0.6172, @2: 0.7406, @4: 0.8291, @8: 0.8974]
Epoch (Train) 79 Learner 3: Mean Loss [0.3818]
Epoch (Test) 79: NMI [0.6979] | Recall [@1: 0.6153, @2: 0.7382, @4: 0.8281, @8: 0.8955]
